[1] Processing 18454_18127_11451_5008.swc:
Number of tips: 102 in file: /home/yjz/Project/Auto-tracing/data/seu_mouse/crop_data/dendriteImageMaxR_AllData/app2_upsample3_toyset/18454/18127_11451_5008.swc
There are 1 somas in 18127_11451_5008.swc!
There is only one soma in 18127_11451_5008.swc file!
[2] Processing 18454_23972_12312_5893.swc:
Number of tips: 319 in file: /home/yjz/Project/Auto-tracing/data/seu_mouse/crop_data/dendriteImageMaxR_AllData/app2_upsample3_toyset/18454/23972_12312_5893.swc
There are 3 somas in 23972_12312_5893.swc!
all_nodes 18048/ not 4203
Finished!
[3] Processing 18454_10228_10977_5814.swc:
Number of tips: 611 in file: /home/yjz/Project/Auto-tracing/data/seu_mouse/crop_data/dendriteImageMaxR_AllData/app2_upsample3_toyset/18454/10228_10977_5814.swc
There are 11 somas in 10228_10977_5814.swc!
There are massive somas in 10228_10977_5814.swc file!
[4] Processing 18454_11862_11854_5544.swc:
Number of tips: 182 in file: /home/yjz/Project/Auto-tracing/data/seu_mouse/crop_data/dendriteImageMaxR_AllData/app2_upsample3_toyset/18454/11862_11854_5544.swc
There are 3 somas in 11862_11854_5544.swc!
all_nodes 10721/ not 3046
Finished!
[5] Processing 18454_21357_12301_5813.swc:
Number of tips: 151 in file: /home/yjz/Project/Auto-tracing/data/seu_mouse/crop_data/dendriteImageMaxR_AllData/app2_upsample3_toyset/18454/21357_12301_5813.swc
There are 2 somas in 21357_12301_5813.swc!
all_nodes 12349/ not 4059
Finished!
[6] Processing 18454_11388_13576_5566.swc:
Number of tips: 564 in file: /home/yjz/Project/Auto-tracing/data/seu_mouse/crop_data/dendriteImageMaxR_AllData/app2_upsample3_toyset/18454/11388_13576_5566.swc
There are 5 somas in 11388_13576_5566.swc!
There are massive somas in 11388_13576_5566.swc file!
[7] Processing 18454_25312_9800_5792.swc:
Number of tips: 299 in file: /home/yjz/Project/Auto-tracing/data/seu_mouse/crop_data/dendriteImageMaxR_AllData/app2_upsample3_toyset/18454/25312_9800_5792.swc
There are 7 somas in 25312_9800_5792.swc!
There are massive somas in 25312_9800_5792.swc file!
[8] Processing 18454_10720_10089_5903.swc:
Number of tips: 362 in file: /home/yjz/Project/Auto-tracing/data/seu_mouse/crop_data/dendriteImageMaxR_AllData/app2_upsample3_toyset/18454/10720_10089_5903.swc
There are 7 somas in 10720_10089_5903.swc!
There are massive somas in 10720_10089_5903.swc file!
[9] Processing 18454_8062_9100_5057.swc:
Number of tips: 111 in file: /home/yjz/Project/Auto-tracing/data/seu_mouse/crop_data/dendriteImageMaxR_AllData/app2_upsample3_toyset/18454/8062_9100_5057.swc
There are 1 somas in 8062_9100_5057.swc!
There is only one soma in 8062_9100_5057.swc file!
[10] Processing 18454_24057_10639_5802.swc:
Number of tips: 406 in file: /home/yjz/Project/Auto-tracing/data/seu_mouse/crop_data/dendriteImageMaxR_AllData/app2_upsample3_toyset/18454/24057_10639_5802.swc
There are 8 somas in 24057_10639_5802.swc!
There are massive somas in 24057_10639_5802.swc file!
[11] Processing 18454_10426_10338_6106.swc:
Number of tips: 282 in file: /home/yjz/Project/Auto-tracing/data/seu_mouse/crop_data/dendriteImageMaxR_AllData/app2_upsample3_toyset/18454/10426_10338_6106.swc
There are 6 somas in 10426_10338_6106.swc!
There are massive somas in 10426_10338_6106.swc file!
[12] Processing 18454_9664_10924_6020.swc:
Number of tips: 351 in file: /home/yjz/Project/Auto-tracing/data/seu_mouse/crop_data/dendriteImageMaxR_AllData/app2_upsample3_toyset/18454/9664_10924_6020.swc
There are 7 somas in 9664_10924_6020.swc!
There are massive somas in 9664_10924_6020.swc file!
[13] Processing 18454_14528_10688_3118.swc:
Number of tips: 90 in file: /home/yjz/Project/Auto-tracing/data/seu_mouse/crop_data/dendriteImageMaxR_AllData/app2_upsample3_toyset/18454/14528_10688_3118.swc
There are 1 somas in 14528_10688_3118.swc!
There is only one soma in 14528_10688_3118.swc file!
[14] Processing 18454_24920_10890_5542.swc:
Number of tips: 352 in file: /home/yjz/Project/Auto-tracing/data/seu_mouse/crop_data/dendriteImageMaxR_AllData/app2_upsample3_toyset/18454/24920_10890_5542.swc
There are 5 somas in 24920_10890_5542.swc!
There are massive somas in 24920_10890_5542.swc file!
[15] Processing 18454_23921_11118_6708.swc:
Number of tips: 107 in file: /home/yjz/Project/Auto-tracing/data/seu_mouse/crop_data/dendriteImageMaxR_AllData/app2_upsample3_toyset/18454/23921_11118_6708.swc
There are 2 somas in 23921_11118_6708.swc!
all_nodes 8094/ not 3539
Finished!
[16] Processing 18454_16751_10839_5660.swc:
Number of tips: 99 in file: /home/yjz/Project/Auto-tracing/data/seu_mouse/crop_data/dendriteImageMaxR_AllData/app2_upsample3_toyset/18454/16751_10839_5660.swc
There are 1 somas in 16751_10839_5660.swc!
There is only one soma in 16751_10839_5660.swc file!
[17] Processing 18454_11112_10998_6240.swc:
Number of tips: 83 in file: /home/yjz/Project/Auto-tracing/data/seu_mouse/crop_data/dendriteImageMaxR_AllData/app2_upsample3_toyset/18454/11112_10998_6240.swc
There are 1 somas in 11112_10998_6240.swc!
There is only one soma in 11112_10998_6240.swc file!
[18] Processing 18454_12566_12681_5612.swc:
Number of tips: 870 in file: /home/yjz/Project/Auto-tracing/data/seu_mouse/crop_data/dendriteImageMaxR_AllData/app2_upsample3_toyset/18454/12566_12681_5612.swc
There are 9 somas in 12566_12681_5612.swc!
There are massive somas in 12566_12681_5612.swc file!
[19] Processing 18454_23446_11213_6469.swc:
Number of tips: 74 in file: /home/yjz/Project/Auto-tracing/data/seu_mouse/crop_data/dendriteImageMaxR_AllData/app2_upsample3_toyset/18454/23446_11213_6469.swc
There are 1 somas in 23446_11213_6469.swc!
There is only one soma in 23446_11213_6469.swc file!
[20] Processing 18454_10734_11302_5764.swc:
Number of tips: 540 in file: /home/yjz/Project/Auto-tracing/data/seu_mouse/crop_data/dendriteImageMaxR_AllData/app2_upsample3_toyset/18454/10734_11302_5764.swc
There are 11 somas in 10734_11302_5764.swc!
There are massive somas in 10734_11302_5764.swc file!
[21] Processing 18454_16445_13234_5321.swc:
Number of tips: 598 in file: /home/yjz/Project/Auto-tracing/data/seu_mouse/crop_data/dendriteImageMaxR_AllData/app2_upsample3_toyset/18454/16445_13234_5321.swc
There are 5 somas in 16445_13234_5321.swc!
There are massive somas in 16445_13234_5321.swc file!
[22] Processing 18454_25336_9929_5916.swc:
Number of tips: 430 in file: /home/yjz/Project/Auto-tracing/data/seu_mouse/crop_data/dendriteImageMaxR_AllData/app2_upsample3_toyset/18454/25336_9929_5916.swc
There are 10 somas in 25336_9929_5916.swc!
There are massive somas in 25336_9929_5916.swc file!
[23] Processing 18454_10515_11239_5992.swc:
Number of tips: 415 in file: /home/yjz/Project/Auto-tracing/data/seu_mouse/crop_data/dendriteImageMaxR_AllData/app2_upsample3_toyset/18454/10515_11239_5992.swc
There are 6 somas in 10515_11239_5992.swc!
There are massive somas in 10515_11239_5992.swc file!
[24] Processing 18454_10394_11066_5742.swc:
Number of tips: 713 in file: /home/yjz/Project/Auto-tracing/data/seu_mouse/crop_data/dendriteImageMaxR_AllData/app2_upsample3_toyset/18454/10394_11066_5742.swc
There are 12 somas in 10394_11066_5742.swc!
There are massive somas in 10394_11066_5742.swc file!
[25] Processing 18454_11093_8839_3992.swc:
Number of tips: 116 in file: /home/yjz/Project/Auto-tracing/data/seu_mouse/crop_data/dendriteImageMaxR_AllData/app2_upsample3_toyset/18454/11093_8839_3992.swc
There are 1 somas in 11093_8839_3992.swc!
There is only one soma in 11093_8839_3992.swc file!
[26] Processing 18454_24544_11201_5714.swc:
Number of tips: 108 in file: /home/yjz/Project/Auto-tracing/data/seu_mouse/crop_data/dendriteImageMaxR_AllData/app2_upsample3_toyset/18454/24544_11201_5714.swc
There are 2 somas in 24544_11201_5714.swc!
all_nodes 5963/ not 2984
Finished!
[27] Processing 18454_12826_12446_5754.swc:
Number of tips: 764 in file: /home/yjz/Project/Auto-tracing/data/seu_mouse/crop_data/dendriteImageMaxR_AllData/app2_upsample3_toyset/18454/12826_12446_5754.swc
There are 8 somas in 12826_12446_5754.swc!
There are massive somas in 12826_12446_5754.swc file!
[28] Processing 18454_23364_10914_5922.swc:
Number of tips: 58 in file: /home/yjz/Project/Auto-tracing/data/seu_mouse/crop_data/dendriteImageMaxR_AllData/app2_upsample3_toyset/18454/23364_10914_5922.swc
There are 1 somas in 23364_10914_5922.swc!
There is only one soma in 23364_10914_5922.swc file!
[29] Processing 18454_22902_11450_5650.swc:
Number of tips: 67 in file: /home/yjz/Project/Auto-tracing/data/seu_mouse/crop_data/dendriteImageMaxR_AllData/app2_upsample3_toyset/18454/22902_11450_5650.swc
There are 1 somas in 22902_11450_5650.swc!
There is only one soma in 22902_11450_5650.swc file!
[30] Processing 18454_23480_11302_5498.swc:
Number of tips: 49 in file: /home/yjz/Project/Auto-tracing/data/seu_mouse/crop_data/dendriteImageMaxR_AllData/app2_upsample3_toyset/18454/23480_11302_5498.swc
There are 1 somas in 23480_11302_5498.swc!
There is only one soma in 23480_11302_5498.swc file!
[31] Processing 18454_11288_11814_5800.swc:
Number of tips: 348 in file: /home/yjz/Project/Auto-tracing/data/seu_mouse/crop_data/dendriteImageMaxR_AllData/app2_upsample3_toyset/18454/11288_11814_5800.swc
There are 3 somas in 11288_11814_5800.swc!
all_nodes 17044/ not 12567
Finished!
[32] Processing 18454_19267_11112_4986.swc:
Number of tips: 142 in file: /home/yjz/Project/Auto-tracing/data/seu_mouse/crop_data/dendriteImageMaxR_AllData/app2_upsample3_toyset/18454/19267_11112_4986.swc
There are 2 somas in 19267_11112_4986.swc!
all_nodes 10564/ not 1933
Finished!
[33] Processing 18454_14332_9240_2972.swc:
Number of tips: 73 in file: /home/yjz/Project/Auto-tracing/data/seu_mouse/crop_data/dendriteImageMaxR_AllData/app2_upsample3_toyset/18454/14332_9240_2972.swc
There are 1 somas in 14332_9240_2972.swc!
There is only one soma in 14332_9240_2972.swc file!
[34] Processing 18454_24005_10889_6365.swc:
Number of tips: 90 in file: /home/yjz/Project/Auto-tracing/data/seu_mouse/crop_data/dendriteImageMaxR_AllData/app2_upsample3_toyset/18454/24005_10889_6365.swc
There are 2 somas in 24005_10889_6365.swc!
all_nodes 8074/ not 657
Finished!
[35] Processing 18454_14230_12608_5718.swc:
Number of tips: 114 in file: /home/yjz/Project/Auto-tracing/data/seu_mouse/crop_data/dendriteImageMaxR_AllData/app2_upsample3_toyset/18454/14230_12608_5718.swc
There are 1 somas in 14230_12608_5718.swc!
There is only one soma in 14230_12608_5718.swc file!
[36] Processing 18454_9901_11132_5728.swc:
Number of tips: 782 in file: /home/yjz/Project/Auto-tracing/data/seu_mouse/crop_data/dendriteImageMaxR_AllData/app2_upsample3_toyset/18454/9901_11132_5728.swc
There are 13 somas in 9901_11132_5728.swc!
There are massive somas in 9901_11132_5728.swc file!
[37] Processing 18454_11609_11250_5460.swc:
Number of tips: 483 in file: /home/yjz/Project/Auto-tracing/data/seu_mouse/crop_data/dendriteImageMaxR_AllData/app2_upsample3_toyset/18454/11609_11250_5460.swc
There are 6 somas in 11609_11250_5460.swc!
There are massive somas in 11609_11250_5460.swc file!
[38] Processing 18454_25136_10317_5878.swc:
Number of tips: 698 in file: /home/yjz/Project/Auto-tracing/data/seu_mouse/crop_data/dendriteImageMaxR_AllData/app2_upsample3_toyset/18454/25136_10317_5878.swc
There are 13 somas in 25136_10317_5878.swc!
There are massive somas in 25136_10317_5878.swc file!
[39] Processing 18454_24790_10524_5646.swc:
Number of tips: 468 in file: /home/yjz/Project/Auto-tracing/data/seu_mouse/crop_data/dendriteImageMaxR_AllData/app2_upsample3_toyset/18454/24790_10524_5646.swc
There are 8 somas in 24790_10524_5646.swc!
There are massive somas in 24790_10524_5646.swc file!
[40] Processing 18454_12802_12051_5789.swc:
Number of tips: 332 in file: /home/yjz/Project/Auto-tracing/data/seu_mouse/crop_data/dendriteImageMaxR_AllData/app2_upsample3_toyset/18454/12802_12051_5789.swc
There are 3 somas in 12802_12051_5789.swc!
all_nodes 19621/ not 10501
Finished!
[41] Processing 18454_11730_10804_5578.swc:
Number of tips: 182 in file: /home/yjz/Project/Auto-tracing/data/seu_mouse/crop_data/dendriteImageMaxR_AllData/app2_upsample3_toyset/18454/11730_10804_5578.swc
There are 3 somas in 11730_10804_5578.swc!
all_nodes 12304/ not 2657
Finished!
[42] Processing 18454_23934_10742_6059.swc:
Number of tips: 254 in file: /home/yjz/Project/Auto-tracing/data/seu_mouse/crop_data/dendriteImageMaxR_AllData/app2_upsample3_toyset/18454/23934_10742_6059.swc
There are 3 somas in 23934_10742_6059.swc!
all_nodes 15007/ not 8875
Finished!
[43] Processing 18454_10502_10904_5552.swc:
Number of tips: 627 in file: /home/yjz/Project/Auto-tracing/data/seu_mouse/crop_data/dendriteImageMaxR_AllData/app2_upsample3_toyset/18454/10502_10904_5552.swc
There are 12 somas in 10502_10904_5552.swc!
There are massive somas in 10502_10904_5552.swc file!
[44] Processing 18454_10250_11334_5672.swc:
Number of tips: 475 in file: /home/yjz/Project/Auto-tracing/data/seu_mouse/crop_data/dendriteImageMaxR_AllData/app2_upsample3_toyset/18454/10250_11334_5672.swc
There are 9 somas in 10250_11334_5672.swc!
There are massive somas in 10250_11334_5672.swc file!
[45] Processing 18454_9491_11442_5840.swc:
Number of tips: 445 in file: /home/yjz/Project/Auto-tracing/data/seu_mouse/crop_data/dendriteImageMaxR_AllData/app2_upsample3_toyset/18454/9491_11442_5840.swc
There are 10 somas in 9491_11442_5840.swc!
There are massive somas in 9491_11442_5840.swc file!
[46] Processing 18454_25230_9342_5910.swc:
Number of tips: 101 in file: /home/yjz/Project/Auto-tracing/data/seu_mouse/crop_data/dendriteImageMaxR_AllData/app2_upsample3_toyset/18454/25230_9342_5910.swc
There are 1 somas in 25230_9342_5910.swc!
There is only one soma in 25230_9342_5910.swc file!
[47] Processing 18454_10728_8146_6062.swc:
Number of tips: 512 in file: /home/yjz/Project/Auto-tracing/data/seu_mouse/crop_data/dendriteImageMaxR_AllData/app2_upsample3_toyset/18454/10728_8146_6062.swc
There are 1 somas in 10728_8146_6062.swc!
There is only one soma in 10728_8146_6062.swc file!
[48] Processing 18454_24206_10364_6152.swc:
Number of tips: 500 in file: /home/yjz/Project/Auto-tracing/data/seu_mouse/crop_data/dendriteImageMaxR_AllData/app2_upsample3_toyset/18454/24206_10364_6152.swc
There are 7 somas in 24206_10364_6152.swc!
There are massive somas in 24206_10364_6152.swc file!
[49] Processing 18454_22192_12777_5824.swc:
Number of tips: 244 in file: /home/yjz/Project/Auto-tracing/data/seu_mouse/crop_data/dendriteImageMaxR_AllData/app2_upsample3_toyset/18454/22192_12777_5824.swc
There are 2 somas in 22192_12777_5824.swc!
all_nodes 12767/ not 7399
Finished!
[50] Processing 18454_18646_11250_5080.swc:
Number of tips: 224 in file: /home/yjz/Project/Auto-tracing/data/seu_mouse/crop_data/dendriteImageMaxR_AllData/app2_upsample3_toyset/18454/18646_11250_5080.swc
There are 3 somas in 18646_11250_5080.swc!
all_nodes 16054/ not 4352
Finished!
[51] Processing 18454_19391_12344_5280.swc:
Number of tips: 359 in file: /home/yjz/Project/Auto-tracing/data/seu_mouse/crop_data/dendriteImageMaxR_AllData/app2_upsample3_toyset/18454/19391_12344_5280.swc
There are 1 somas in 19391_12344_5280.swc!
There is only one soma in 19391_12344_5280.swc file!
[52] Processing 18454_24721_10204_6011.swc:
Number of tips: 771 in file: /home/yjz/Project/Auto-tracing/data/seu_mouse/crop_data/dendriteImageMaxR_AllData/app2_upsample3_toyset/18454/24721_10204_6011.swc
There are 14 somas in 24721_10204_6011.swc!
There are massive somas in 24721_10204_6011.swc file!
[53] Processing 18454_11912_9648_3246.swc:
Number of tips: 92 in file: /home/yjz/Project/Auto-tracing/data/seu_mouse/crop_data/dendriteImageMaxR_AllData/app2_upsample3_toyset/18454/11912_9648_3246.swc
There are 1 somas in 11912_9648_3246.swc!
There is only one soma in 11912_9648_3246.swc file!
[54] Processing 18454_8213_10031_4053.swc:
Number of tips: 395 in file: /home/yjz/Project/Auto-tracing/data/seu_mouse/crop_data/dendriteImageMaxR_AllData/app2_upsample3_toyset/18454/8213_10031_4053.swc
There are 1 somas in 8213_10031_4053.swc!
There is only one soma in 8213_10031_4053.swc file!
[55] Processing 18454_27337_9552_4018.swc:
Number of tips: 703 in file: /home/yjz/Project/Auto-tracing/data/seu_mouse/crop_data/dendriteImageMaxR_AllData/app2_upsample3_toyset/18454/27337_9552_4018.swc
There are 5 somas in 27337_9552_4018.swc!
There are massive somas in 27337_9552_4018.swc file!
[56] Processing 18454_19325_12316_5169.swc:
Number of tips: 344 in file: /home/yjz/Project/Auto-tracing/data/seu_mouse/crop_data/dendriteImageMaxR_AllData/app2_upsample3_toyset/18454/19325_12316_5169.swc
There are 2 somas in 19325_12316_5169.swc!
all_nodes 17151/ not 10095
Finished!
[57] Processing 18454_11714_12398_5682.swc:
Number of tips: 101 in file: /home/yjz/Project/Auto-tracing/data/seu_mouse/crop_data/dendriteImageMaxR_AllData/app2_upsample3_toyset/18454/11714_12398_5682.swc
There are 1 somas in 11714_12398_5682.swc!
There is only one soma in 11714_12398_5682.swc file!
[58] Processing 18454_12510_12045_5374.swc:
Number of tips: 238 in file: /home/yjz/Project/Auto-tracing/data/seu_mouse/crop_data/dendriteImageMaxR_AllData/app2_upsample3_toyset/18454/12510_12045_5374.swc
There are 3 somas in 12510_12045_5374.swc!
all_nodes 17647/ not 5708
Finished!
[59] Processing 18454_17209_12747_5315.swc:
Number of tips: 127 in file: /home/yjz/Project/Auto-tracing/data/seu_mouse/crop_data/dendriteImageMaxR_AllData/app2_upsample3_toyset/18454/17209_12747_5315.swc
There are 2 somas in 17209_12747_5315.swc!
all_nodes 6675/ not 1864
Finished!
[60] Processing 18454_12472_12838_5881.swc:
Number of tips: 153 in file: /home/yjz/Project/Auto-tracing/data/seu_mouse/crop_data/dendriteImageMaxR_AllData/app2_upsample3_toyset/18454/12472_12838_5881.swc
There are 2 somas in 12472_12838_5881.swc!
all_nodes 10039/ not 3895
Finished!
[61] Processing 18454_24252_10175_6666.swc:
Number of tips: 44 in file: /home/yjz/Project/Auto-tracing/data/seu_mouse/crop_data/dendriteImageMaxR_AllData/app2_upsample3_toyset/18454/24252_10175_6666.swc
There are 1 somas in 24252_10175_6666.swc!
There is only one soma in 24252_10175_6666.swc file!
[62] Processing 18454_24124_9822_5816.swc:
Number of tips: 599 in file: /home/yjz/Project/Auto-tracing/data/seu_mouse/crop_data/dendriteImageMaxR_AllData/app2_upsample3_toyset/18454/24124_9822_5816.swc
There are 10 somas in 24124_9822_5816.swc!
There are massive somas in 24124_9822_5816.swc file!
[63] Processing 18454_25190_9892_6172.swc:
Number of tips: 468 in file: /home/yjz/Project/Auto-tracing/data/seu_mouse/crop_data/dendriteImageMaxR_AllData/app2_upsample3_toyset/18454/25190_9892_6172.swc
There are 8 somas in 25190_9892_6172.swc!
There are massive somas in 25190_9892_6172.swc file!
[64] Processing 18454_10592_11454_6012.swc:
Number of tips: 243 in file: /home/yjz/Project/Auto-tracing/data/seu_mouse/crop_data/dendriteImageMaxR_AllData/app2_upsample3_toyset/18454/10592_11454_6012.swc
There are 3 somas in 10592_11454_6012.swc!
all_nodes 13381/ not 3300
Finished!
[65] Processing 18454_22552_12083_5630.swc:
Number of tips: 226 in file: /home/yjz/Project/Auto-tracing/data/seu_mouse/crop_data/dendriteImageMaxR_AllData/app2_upsample3_toyset/18454/22552_12083_5630.swc
There are 3 somas in 22552_12083_5630.swc!
all_nodes 15631/ not 1647
Finished!
[66] Processing 18454_10362_12462_5566.swc:
Number of tips: 302 in file: /home/yjz/Project/Auto-tracing/data/seu_mouse/crop_data/dendriteImageMaxR_AllData/app2_upsample3_toyset/18454/10362_12462_5566.swc
There are 4 somas in 10362_12462_5566.swc!
There are massive somas in 10362_12462_5566.swc file!
[67] Processing 18454_10897_11384_5511.swc:
Number of tips: 784 in file: /home/yjz/Project/Auto-tracing/data/seu_mouse/crop_data/dendriteImageMaxR_AllData/app2_upsample3_toyset/18454/10897_11384_5511.swc
There are 12 somas in 10897_11384_5511.swc!
There are massive somas in 10897_11384_5511.swc file!
[68] Processing 18454_16750_13015_5126.swc:
Number of tips: 583 in file: /home/yjz/Project/Auto-tracing/data/seu_mouse/crop_data/dendriteImageMaxR_AllData/app2_upsample3_toyset/18454/16750_13015_5126.swc
There are 5 somas in 16750_13015_5126.swc!
There are massive somas in 16750_13015_5126.swc file!
[69] Processing 18454_24334_12914_5520.swc:
Number of tips: 324 in file: /home/yjz/Project/Auto-tracing/data/seu_mouse/crop_data/dendriteImageMaxR_AllData/app2_upsample3_toyset/18454/24334_12914_5520.swc
There are 4 somas in 24334_12914_5520.swc!
There are massive somas in 24334_12914_5520.swc file!
[70] Processing 18454_11386_11515_5495.swc:
Number of tips: 578 in file: /home/yjz/Project/Auto-tracing/data/seu_mouse/crop_data/dendriteImageMaxR_AllData/app2_upsample3_toyset/18454/11386_11515_5495.swc
There are 7 somas in 11386_11515_5495.swc!
There are massive somas in 11386_11515_5495.swc file!
[71] Processing 18454_24348_11888_5510.swc:
Number of tips: 85 in file: /home/yjz/Project/Auto-tracing/data/seu_mouse/crop_data/dendriteImageMaxR_AllData/app2_upsample3_toyset/18454/24348_11888_5510.swc
There are 1 somas in 24348_11888_5510.swc!
There is only one soma in 24348_11888_5510.swc file!
[72] Processing 18454_9802_10620_5772.swc:
Number of tips: 320 in file: /home/yjz/Project/Auto-tracing/data/seu_mouse/crop_data/dendriteImageMaxR_AllData/app2_upsample3_toyset/18454/9802_10620_5772.swc
There are 6 somas in 9802_10620_5772.swc!
There are massive somas in 9802_10620_5772.swc file!
[73] Processing 18454_12240_11815_5499.swc:
Number of tips: 246 in file: /home/yjz/Project/Auto-tracing/data/seu_mouse/crop_data/dendriteImageMaxR_AllData/app2_upsample3_toyset/18454/12240_11815_5499.swc
There are 4 somas in 12240_11815_5499.swc!
There are massive somas in 12240_11815_5499.swc file!
[74] Processing 18454_23883_11841_5837.swc:
Number of tips: 493 in file: /home/yjz/Project/Auto-tracing/data/seu_mouse/crop_data/dendriteImageMaxR_AllData/app2_upsample3_toyset/18454/23883_11841_5837.swc
There are 6 somas in 23883_11841_5837.swc!
There are massive somas in 23883_11841_5837.swc file!
[75] Processing 18454_24710_10420_5825.swc:
Number of tips: 559 in file: /home/yjz/Project/Auto-tracing/data/seu_mouse/crop_data/dendriteImageMaxR_AllData/app2_upsample3_toyset/18454/24710_10420_5825.swc
There are 10 somas in 24710_10420_5825.swc!
There are massive somas in 24710_10420_5825.swc file!
[76] Processing 18454_11579_11717_5754.swc:
Number of tips: 360 in file: /home/yjz/Project/Auto-tracing/data/seu_mouse/crop_data/dendriteImageMaxR_AllData/app2_upsample3_toyset/18454/11579_11717_5754.swc
There are 3 somas in 11579_11717_5754.swc!
all_nodes 16651/ not 10923
Finished!
[77] Processing 18454_22270_11484_5876.swc:
Number of tips: 199 in file: /home/yjz/Project/Auto-tracing/data/seu_mouse/crop_data/dendriteImageMaxR_AllData/app2_upsample3_toyset/18454/22270_11484_5876.swc
There are 2 somas in 22270_11484_5876.swc!
all_nodes 13728/ not 6024
Finished!
[78] Processing 18454_10285_9744_6393.swc:
Number of tips: 596 in file: /home/yjz/Project/Auto-tracing/data/seu_mouse/crop_data/dendriteImageMaxR_AllData/app2_upsample3_toyset/18454/10285_9744_6393.swc
There are 1 somas in 10285_9744_6393.swc!
There is only one soma in 10285_9744_6393.swc file!
[79] Processing 18454_10914_10918_5724.swc:
Number of tips: 489 in file: /home/yjz/Project/Auto-tracing/data/seu_mouse/crop_data/dendriteImageMaxR_AllData/app2_upsample3_toyset/18454/10914_10918_5724.swc
There are 8 somas in 10914_10918_5724.swc!
There are massive somas in 10914_10918_5724.swc file!
[80] Processing 18454_24676_9988_6280.swc:
Number of tips: 634 in file: /home/yjz/Project/Auto-tracing/data/seu_mouse/crop_data/dendriteImageMaxR_AllData/app2_upsample3_toyset/18454/24676_9988_6280.swc
There are 10 somas in 24676_9988_6280.swc!
There are massive somas in 24676_9988_6280.swc file!
[81] Processing 18454_24730_10906_5564.swc:
Number of tips: 348 in file: /home/yjz/Project/Auto-tracing/data/seu_mouse/crop_data/dendriteImageMaxR_AllData/app2_upsample3_toyset/18454/24730_10906_5564.swc
There are 6 somas in 24730_10906_5564.swc!
There are massive somas in 24730_10906_5564.swc file!
[82] Processing 18454_10618_9454_5688.swc:
Number of tips: 70 in file: /home/yjz/Project/Auto-tracing/data/seu_mouse/crop_data/dendriteImageMaxR_AllData/app2_upsample3_toyset/18454/10618_9454_5688.swc
There are 1 somas in 10618_9454_5688.swc!
There is only one soma in 10618_9454_5688.swc file!
[83] Processing 18454_9898_12414_5466.swc:
Number of tips: 239 in file: /home/yjz/Project/Auto-tracing/data/seu_mouse/crop_data/dendriteImageMaxR_AllData/app2_upsample3_toyset/18454/9898_12414_5466.swc
There are 3 somas in 9898_12414_5466.swc!
all_nodes 17307/ not 2110
Finished!
[84] Processing 18454_11882_8370_3518.swc:
Number of tips: 75 in file: /home/yjz/Project/Auto-tracing/data/seu_mouse/crop_data/dendriteImageMaxR_AllData/app2_upsample3_toyset/18454/11882_8370_3518.swc
There are 1 somas in 11882_8370_3518.swc!
There is only one soma in 11882_8370_3518.swc file!
[85] Processing 18454_23458_12099_5602.swc:
Number of tips: 432 in file: /home/yjz/Project/Auto-tracing/data/seu_mouse/crop_data/dendriteImageMaxR_AllData/app2_upsample3_toyset/18454/23458_12099_5602.swc
There are 4 somas in 23458_12099_5602.swc!
There are massive somas in 23458_12099_5602.swc file!
[86] Processing 18454_16674_13340_5299.swc:
Number of tips: 550 in file: /home/yjz/Project/Auto-tracing/data/seu_mouse/crop_data/dendriteImageMaxR_AllData/app2_upsample3_toyset/18454/16674_13340_5299.swc
There are 4 somas in 16674_13340_5299.swc!
There are massive somas in 16674_13340_5299.swc file!
[87] Processing 18454_25468_10272_5842.swc:
Number of tips: 555 in file: /home/yjz/Project/Auto-tracing/data/seu_mouse/crop_data/dendriteImageMaxR_AllData/app2_upsample3_toyset/18454/25468_10272_5842.swc
There are 12 somas in 25468_10272_5842.swc!
There are massive somas in 25468_10272_5842.swc file!
[88] Processing 18454_12018_12066_5916.swc:
Number of tips: 69 in file: /home/yjz/Project/Auto-tracing/data/seu_mouse/crop_data/dendriteImageMaxR_AllData/app2_upsample3_toyset/18454/12018_12066_5916.swc
There are 1 somas in 12018_12066_5916.swc!
There is only one soma in 12018_12066_5916.swc file!
[89] Processing 18454_12545_10570_5612.swc:
Number of tips: 86 in file: /home/yjz/Project/Auto-tracing/data/seu_mouse/crop_data/dendriteImageMaxR_AllData/app2_upsample3_toyset/18454/12545_10570_5612.swc
There are 1 somas in 12545_10570_5612.swc!
There is only one soma in 12545_10570_5612.swc file!
[90] Processing 18454_25495_7556_4584.swc:
Number of tips: 116 in file: /home/yjz/Project/Auto-tracing/data/seu_mouse/crop_data/dendriteImageMaxR_AllData/app2_upsample3_toyset/18454/25495_7556_4584.swc
There are 1 somas in 25495_7556_4584.swc!
There is only one soma in 25495_7556_4584.swc file!
[91] Processing 18454_24837_11146_6190.swc:
Number of tips: 98 in file: /home/yjz/Project/Auto-tracing/data/seu_mouse/crop_data/dendriteImageMaxR_AllData/app2_upsample3_toyset/18454/24837_11146_6190.swc
There are 1 somas in 24837_11146_6190.swc!
There is only one soma in 24837_11146_6190.swc file!
[92] Processing 18454_23366_11962_5430.swc:
Number of tips: 430 in file: /home/yjz/Project/Auto-tracing/data/seu_mouse/crop_data/dendriteImageMaxR_AllData/app2_upsample3_toyset/18454/23366_11962_5430.swc
There are 4 somas in 23366_11962_5430.swc!
There are massive somas in 23366_11962_5430.swc file!
[93] Processing 18454_18764_11320_4930.swc:
Number of tips: 232 in file: /home/yjz/Project/Auto-tracing/data/seu_mouse/crop_data/dendriteImageMaxR_AllData/app2_upsample3_toyset/18454/18764_11320_4930.swc
There are 3 somas in 18764_11320_4930.swc!
all_nodes 16734/ not 6382
Finished!
[94] Processing 18454_10336_12732_5372.swc:
Number of tips: 210 in file: /home/yjz/Project/Auto-tracing/data/seu_mouse/crop_data/dendriteImageMaxR_AllData/app2_upsample3_toyset/18454/10336_12732_5372.swc
There are 2 somas in 10336_12732_5372.swc!
all_nodes 15056/ not 5099
Finished!
[95] Processing 18454_10578_11142_6430.swc:
Number of tips: 45 in file: /home/yjz/Project/Auto-tracing/data/seu_mouse/crop_data/dendriteImageMaxR_AllData/app2_upsample3_toyset/18454/10578_11142_6430.swc
There are 1 somas in 10578_11142_6430.swc!
There is only one soma in 10578_11142_6430.swc file!
[96] Processing 18454_25160_11146_6982.swc:
Number of tips: 49 in file: /home/yjz/Project/Auto-tracing/data/seu_mouse/crop_data/dendriteImageMaxR_AllData/app2_upsample3_toyset/18454/25160_11146_6982.swc
There are 1 somas in 25160_11146_6982.swc!
There is only one soma in 25160_11146_6982.swc file!
[97] Processing 18454_8910_9826_4051.swc:
Number of tips: 251 in file: /home/yjz/Project/Auto-tracing/data/seu_mouse/crop_data/dendriteImageMaxR_AllData/app2_upsample3_toyset/18454/8910_9826_4051.swc
There are 1 somas in 8910_9826_4051.swc!
There is only one soma in 8910_9826_4051.swc file!
[98] Processing 18454_9537_11093_5757.swc:
Number of tips: 462 in file: /home/yjz/Project/Auto-tracing/data/seu_mouse/crop_data/dendriteImageMaxR_AllData/app2_upsample3_toyset/18454/9537_11093_5757.swc
There are 8 somas in 9537_11093_5757.swc!
There are massive somas in 9537_11093_5757.swc file!
[99] Processing 18454_24688_9480_6292.swc:
Number of tips: 437 in file: /home/yjz/Project/Auto-tracing/data/seu_mouse/crop_data/dendriteImageMaxR_AllData/app2_upsample3_toyset/18454/24688_9480_6292.swc
There are 7 somas in 24688_9480_6292.swc!
There are massive somas in 24688_9480_6292.swc file!
[100] Processing 18454_21894_12644_5867.swc:
Number of tips: 292 in file: /home/yjz/Project/Auto-tracing/data/seu_mouse/crop_data/dendriteImageMaxR_AllData/app2_upsample3_toyset/18454/21894_12644_5867.swc
There are 2 somas in 21894_12644_5867.swc!
all_nodes 16800/ not 3853
Finished!
[101] Processing 18454_17081_12730_5113.swc:
Number of tips: 246 in file: /home/yjz/Project/Auto-tracing/data/seu_mouse/crop_data/dendriteImageMaxR_AllData/app2_upsample3_toyset/18454/17081_12730_5113.swc
There are 2 somas in 17081_12730_5113.swc!
all_nodes 12240/ not 8316
Finished!
[102] Processing 18454_25214_11472_5628.swc:
Number of tips: 134 in file: /home/yjz/Project/Auto-tracing/data/seu_mouse/crop_data/dendriteImageMaxR_AllData/app2_upsample3_toyset/18454/25214_11472_5628.swc
There are 2 somas in 25214_11472_5628.swc!
all_nodes 9337/ not 3149
Finished!
[103] Processing 18454_10545_10754_6695.swc:
Number of tips: 77 in file: /home/yjz/Project/Auto-tracing/data/seu_mouse/crop_data/dendriteImageMaxR_AllData/app2_upsample3_toyset/18454/10545_10754_6695.swc
There are 1 somas in 10545_10754_6695.swc!
There is only one soma in 10545_10754_6695.swc file!
[104] Processing 18454_9754_11161_5893.swc:
Number of tips: 591 in file: /home/yjz/Project/Auto-tracing/data/seu_mouse/crop_data/dendriteImageMaxR_AllData/app2_upsample3_toyset/18454/9754_11161_5893.swc
There are 10 somas in 9754_11161_5893.swc!
There are massive somas in 9754_11161_5893.swc file!
[105] Processing 18454_11098_11094_5472.swc:
Number of tips: 653 in file: /home/yjz/Project/Auto-tracing/data/seu_mouse/crop_data/dendriteImageMaxR_AllData/app2_upsample3_toyset/18454/11098_11094_5472.swc
There are 9 somas in 11098_11094_5472.swc!
There are massive somas in 11098_11094_5472.swc file!
[106] Processing 18454_12768_7416_3800.swc:
Number of tips: 115 in file: /home/yjz/Project/Auto-tracing/data/seu_mouse/crop_data/dendriteImageMaxR_AllData/app2_upsample3_toyset/18454/12768_7416_3800.swc
There are 1 somas in 12768_7416_3800.swc!
There is only one soma in 12768_7416_3800.swc file!
[107] Processing 18454_23998_9734_6083.swc:
Number of tips: 601 in file: /home/yjz/Project/Auto-tracing/data/seu_mouse/crop_data/dendriteImageMaxR_AllData/app2_upsample3_toyset/18454/23998_9734_6083.swc
There are 11 somas in 23998_9734_6083.swc!
There are massive somas in 23998_9734_6083.swc file!
[108] Processing 18454_11819_12527_5399.swc:
Number of tips: 373 in file: /home/yjz/Project/Auto-tracing/data/seu_mouse/crop_data/dendriteImageMaxR_AllData/app2_upsample3_toyset/18454/11819_12527_5399.swc
There are 5 somas in 11819_12527_5399.swc!
There are massive somas in 11819_12527_5399.swc file!
[109] Processing 18454_24066_10244_5844.swc:
Number of tips: 696 in file: /home/yjz/Project/Auto-tracing/data/seu_mouse/crop_data/dendriteImageMaxR_AllData/app2_upsample3_toyset/18454/24066_10244_5844.swc
There are 13 somas in 24066_10244_5844.swc!
There are massive somas in 24066_10244_5844.swc file!
[110] Processing 18454_24258_9046_5909.swc:
Number of tips: 190 in file: /home/yjz/Project/Auto-tracing/data/seu_mouse/crop_data/dendriteImageMaxR_AllData/app2_upsample3_toyset/18454/24258_9046_5909.swc
There are 3 somas in 24258_9046_5909.swc!
all_nodes 15084/ not 2468
Finished!
[111] Processing 18454_11344_10444_5732.swc:
Number of tips: 291 in file: /home/yjz/Project/Auto-tracing/data/seu_mouse/crop_data/dendriteImageMaxR_AllData/app2_upsample3_toyset/18454/11344_10444_5732.swc
There are 5 somas in 11344_10444_5732.swc!
There are massive somas in 11344_10444_5732.swc file!
[112] Processing 18454_9675_11444_5791.swc:
Number of tips: 490 in file: /home/yjz/Project/Auto-tracing/data/seu_mouse/crop_data/dendriteImageMaxR_AllData/app2_upsample3_toyset/18454/9675_11444_5791.swc
There are 10 somas in 9675_11444_5791.swc!
There are massive somas in 9675_11444_5791.swc file!
[113] Processing 18454_25405_10391_6101.swc:
Number of tips: 499 in file: /home/yjz/Project/Auto-tracing/data/seu_mouse/crop_data/dendriteImageMaxR_AllData/app2_upsample3_toyset/18454/25405_10391_6101.swc
There are 10 somas in 25405_10391_6101.swc!
There are massive somas in 25405_10391_6101.swc file!
[114] Processing 18454_10426_10790_5756.swc:
Number of tips: 481 in file: /home/yjz/Project/Auto-tracing/data/seu_mouse/crop_data/dendriteImageMaxR_AllData/app2_upsample3_toyset/18454/10426_10790_5756.swc
There are 8 somas in 10426_10790_5756.swc!
There are massive somas in 10426_10790_5756.swc file!
[115] Processing 18454_11006_13228_5734.swc:
Number of tips: 458 in file: /home/yjz/Project/Auto-tracing/data/seu_mouse/crop_data/dendriteImageMaxR_AllData/app2_upsample3_toyset/18454/11006_13228_5734.swc
There are 5 somas in 11006_13228_5734.swc!
There are massive somas in 11006_13228_5734.swc file!
[116] Processing 18454_10955_10846_3697.swc:
Number of tips: 151 in file: /home/yjz/Project/Auto-tracing/data/seu_mouse/crop_data/dendriteImageMaxR_AllData/app2_upsample3_toyset/18454/10955_10846_3697.swc
There are 1 somas in 10955_10846_3697.swc!
There is only one soma in 10955_10846_3697.swc file!
[117] Processing 18454_11180_8644_4240.swc:
Number of tips: 109 in file: /home/yjz/Project/Auto-tracing/data/seu_mouse/crop_data/dendriteImageMaxR_AllData/app2_upsample3_toyset/18454/11180_8644_4240.swc
There are 1 somas in 11180_8644_4240.swc!
There is only one soma in 11180_8644_4240.swc file!
[118] Processing 18454_11358_11866_5356.swc:
Number of tips: 172 in file: /home/yjz/Project/Auto-tracing/data/seu_mouse/crop_data/dendriteImageMaxR_AllData/app2_upsample3_toyset/18454/11358_11866_5356.swc
There are 3 somas in 11358_11866_5356.swc!
all_nodes 13380/ not 1245
Finished!
[119] Processing 18454_23436_11379_5865.swc:
Number of tips: 114 in file: /home/yjz/Project/Auto-tracing/data/seu_mouse/crop_data/dendriteImageMaxR_AllData/app2_upsample3_toyset/18454/23436_11379_5865.swc
There are 2 somas in 23436_11379_5865.swc!
all_nodes 6988/ not 2814
Finished!
[120] Processing 18454_12894_11840_5474.swc:
Number of tips: 164 in file: /home/yjz/Project/Auto-tracing/data/seu_mouse/crop_data/dendriteImageMaxR_AllData/app2_upsample3_toyset/18454/12894_11840_5474.swc
There are 2 somas in 12894_11840_5474.swc!
all_nodes 12300/ not 4520
Finished!
[121] Processing 18454_22895_11906_6082.swc:
Number of tips: 85 in file: /home/yjz/Project/Auto-tracing/data/seu_mouse/crop_data/dendriteImageMaxR_AllData/app2_upsample3_toyset/18454/22895_11906_6082.swc
There are 1 somas in 22895_11906_6082.swc!
There is only one soma in 22895_11906_6082.swc file!
[122] Processing 18454_9998_11522_6792.swc:
Number of tips: 54 in file: /home/yjz/Project/Auto-tracing/data/seu_mouse/crop_data/dendriteImageMaxR_AllData/app2_upsample3_toyset/18454/9998_11522_6792.swc
There are 1 somas in 9998_11522_6792.swc!
There is only one soma in 9998_11522_6792.swc file!
[123] Processing 18454_24052_10232_6082.swc:
Number of tips: 725 in file: /home/yjz/Project/Auto-tracing/data/seu_mouse/crop_data/dendriteImageMaxR_AllData/app2_upsample3_toyset/18454/24052_10232_6082.swc
There are 12 somas in 24052_10232_6082.swc!
There are massive somas in 24052_10232_6082.swc file!
[124] Processing 18454_24936_8580_6246.swc:
Number of tips: 111 in file: /home/yjz/Project/Auto-tracing/data/seu_mouse/crop_data/dendriteImageMaxR_AllData/app2_upsample3_toyset/18454/24936_8580_6246.swc
There are 1 somas in 24936_8580_6246.swc!
There is only one soma in 24936_8580_6246.swc file!
[125] Processing 18454_10618_9994_5816.swc:
Number of tips: 262 in file: /home/yjz/Project/Auto-tracing/data/seu_mouse/crop_data/dendriteImageMaxR_AllData/app2_upsample3_toyset/18454/10618_9994_5816.swc
There are 5 somas in 10618_9994_5816.swc!
There are massive somas in 10618_9994_5816.swc file!
[126] Processing 18454_23510_10908_5640.swc:
Number of tips: 52 in file: /home/yjz/Project/Auto-tracing/data/seu_mouse/crop_data/dendriteImageMaxR_AllData/app2_upsample3_toyset/18454/23510_10908_5640.swc
There are 1 somas in 23510_10908_5640.swc!
There is only one soma in 23510_10908_5640.swc file!
[127] Processing 18454_24605_12566_5598.swc:
Number of tips: 362 in file: /home/yjz/Project/Auto-tracing/data/seu_mouse/crop_data/dendriteImageMaxR_AllData/app2_upsample3_toyset/18454/24605_12566_5598.swc
There are 4 somas in 24605_12566_5598.swc!
There are massive somas in 24605_12566_5598.swc file!
[128] Processing 18454_12096_12243_6190.swc:
Number of tips: 71 in file: /home/yjz/Project/Auto-tracing/data/seu_mouse/crop_data/dendriteImageMaxR_AllData/app2_upsample3_toyset/18454/12096_12243_6190.swc
There are 1 somas in 12096_12243_6190.swc!
There is only one soma in 12096_12243_6190.swc file!
[129] Processing 18454_24764_11780_5580.swc:
Number of tips: 246 in file: /home/yjz/Project/Auto-tracing/data/seu_mouse/crop_data/dendriteImageMaxR_AllData/app2_upsample3_toyset/18454/24764_11780_5580.swc
There are 3 somas in 24764_11780_5580.swc!
all_nodes 16519/ not 9062
Finished!
[130] Processing 18454_21544_12228_6070.swc:
Number of tips: 87 in file: /home/yjz/Project/Auto-tracing/data/seu_mouse/crop_data/dendriteImageMaxR_AllData/app2_upsample3_toyset/18454/21544_12228_6070.swc
There are 1 somas in 21544_12228_6070.swc!
There is only one soma in 21544_12228_6070.swc file!
[131] Processing 18454_12092_11506_5622.swc:
Number of tips: 205 in file: /home/yjz/Project/Auto-tracing/data/seu_mouse/crop_data/dendriteImageMaxR_AllData/app2_upsample3_toyset/18454/12092_11506_5622.swc
There are 3 somas in 12092_11506_5622.swc!
all_nodes 12652/ not 9160
Finished!
[132] Processing 18454_24889_9849_6240.swc:
Number of tips: 534 in file: /home/yjz/Project/Auto-tracing/data/seu_mouse/crop_data/dendriteImageMaxR_AllData/app2_upsample3_toyset/18454/24889_9849_6240.swc
There are 7 somas in 24889_9849_6240.swc!
There are massive somas in 24889_9849_6240.swc file!
[133] Processing 18454_9164_9315_3784.swc:
Number of tips: 204 in file: /home/yjz/Project/Auto-tracing/data/seu_mouse/crop_data/dendriteImageMaxR_AllData/app2_upsample3_toyset/18454/9164_9315_3784.swc
There are 1 somas in 9164_9315_3784.swc!
There is only one soma in 9164_9315_3784.swc file!
[134] Processing 18454_25312_10174_6066.swc:
Number of tips: 696 in file: /home/yjz/Project/Auto-tracing/data/seu_mouse/crop_data/dendriteImageMaxR_AllData/app2_upsample3_toyset/18454/25312_10174_6066.swc
There are 12 somas in 25312_10174_6066.swc!
There are massive somas in 25312_10174_6066.swc file!
[135] Processing 18454_8370_14636_4116.swc:
Number of tips: 152 in file: /home/yjz/Project/Auto-tracing/data/seu_mouse/crop_data/dendriteImageMaxR_AllData/app2_upsample3_toyset/18454/8370_14636_4116.swc
There are 1 somas in 8370_14636_4116.swc!
There is only one soma in 8370_14636_4116.swc file!
[136] Processing 18454_25036_9752_6182.swc:
Number of tips: 521 in file: /home/yjz/Project/Auto-tracing/data/seu_mouse/crop_data/dendriteImageMaxR_AllData/app2_upsample3_toyset/18454/25036_9752_6182.swc
There are 7 somas in 25036_9752_6182.swc!
There are massive somas in 25036_9752_6182.swc file!
[137] Processing 18454_23090_12235_5440.swc:
Number of tips: 446 in file: /home/yjz/Project/Auto-tracing/data/seu_mouse/crop_data/dendriteImageMaxR_AllData/app2_upsample3_toyset/18454/23090_12235_5440.swc
There are 4 somas in 23090_12235_5440.swc!
There are massive somas in 23090_12235_5440.swc file!
[138] Processing 18454_24660_10562_6152.swc:
Number of tips: 303 in file: /home/yjz/Project/Auto-tracing/data/seu_mouse/crop_data/dendriteImageMaxR_AllData/app2_upsample3_toyset/18454/24660_10562_6152.swc
There are 5 somas in 24660_10562_6152.swc!
There are massive somas in 24660_10562_6152.swc file!
[139] Processing 18454_12255_9684_3497.swc:
Number of tips: 112 in file: /home/yjz/Project/Auto-tracing/data/seu_mouse/crop_data/dendriteImageMaxR_AllData/app2_upsample3_toyset/18454/12255_9684_3497.swc
There are 1 somas in 12255_9684_3497.swc!
There is only one soma in 12255_9684_3497.swc file!
[140] Processing 18454_25682_10690_6026.swc:
Number of tips: 367 in file: /home/yjz/Project/Auto-tracing/data/seu_mouse/crop_data/dendriteImageMaxR_AllData/app2_upsample3_toyset/18454/25682_10690_6026.swc
There are 7 somas in 25682_10690_6026.swc!
There are massive somas in 25682_10690_6026.swc file!
[141] Processing 18454_12562_12220_5606.swc:
Number of tips: 64 in file: /home/yjz/Project/Auto-tracing/data/seu_mouse/crop_data/dendriteImageMaxR_AllData/app2_upsample3_toyset/18454/12562_12220_5606.swc
There are 1 somas in 12562_12220_5606.swc!
There is only one soma in 12562_12220_5606.swc file!
[142] Processing 18454_23380_11476_6144.swc:
Number of tips: 87 in file: /home/yjz/Project/Auto-tracing/data/seu_mouse/crop_data/dendriteImageMaxR_AllData/app2_upsample3_toyset/18454/23380_11476_6144.swc
There are 1 somas in 23380_11476_6144.swc!
There is only one soma in 23380_11476_6144.swc file!
[143] Processing 18454_24070_10302_6002.swc:
Number of tips: 783 in file: /home/yjz/Project/Auto-tracing/data/seu_mouse/crop_data/dendriteImageMaxR_AllData/app2_upsample3_toyset/18454/24070_10302_6002.swc
There are 11 somas in 24070_10302_6002.swc!
There are massive somas in 24070_10302_6002.swc file!
[144] Processing 18454_24660_11098_5794.swc:
Number of tips: 102 in file: /home/yjz/Project/Auto-tracing/data/seu_mouse/crop_data/dendriteImageMaxR_AllData/app2_upsample3_toyset/18454/24660_11098_5794.swc
There are 2 somas in 24660_11098_5794.swc!
all_nodes 5632/ not 2328
Finished!
[145] Processing 18454_17307_11501_4966.swc:
Number of tips: 124 in file: /home/yjz/Project/Auto-tracing/data/seu_mouse/crop_data/dendriteImageMaxR_AllData/app2_upsample3_toyset/18454/17307_11501_4966.swc
There are 2 somas in 17307_11501_4966.swc!
all_nodes 8289/ not 3768
Finished!
[146] Processing 18454_24230_11764_5688.swc:
Number of tips: 463 in file: /home/yjz/Project/Auto-tracing/data/seu_mouse/crop_data/dendriteImageMaxR_AllData/app2_upsample3_toyset/18454/24230_11764_5688.swc
There are 5 somas in 24230_11764_5688.swc!
There are massive somas in 24230_11764_5688.swc file!
[147] Processing 18454_11222_11056_5906.swc:
Number of tips: 183 in file: /home/yjz/Project/Auto-tracing/data/seu_mouse/crop_data/dendriteImageMaxR_AllData/app2_upsample3_toyset/18454/11222_11056_5906.swc
There are 3 somas in 11222_11056_5906.swc!
all_nodes 9880/ not 6741
Finished!
[148] Processing 18454_12912_12970_5846.swc:
Number of tips: 164 in file: /home/yjz/Project/Auto-tracing/data/seu_mouse/crop_data/dendriteImageMaxR_AllData/app2_upsample3_toyset/18454/12912_12970_5846.swc
There are 2 somas in 12912_12970_5846.swc!
all_nodes 9529/ not 3129
Finished!
[149] Processing 18454_24689_10898_6739.swc:
Number of tips: 62 in file: /home/yjz/Project/Auto-tracing/data/seu_mouse/crop_data/dendriteImageMaxR_AllData/app2_upsample3_toyset/18454/24689_10898_6739.swc
There are 1 somas in 24689_10898_6739.swc!
There is only one soma in 24689_10898_6739.swc file!
[150] Processing 18454_8286_9972_4028.swc:
Number of tips: 433 in file: /home/yjz/Project/Auto-tracing/data/seu_mouse/crop_data/dendriteImageMaxR_AllData/app2_upsample3_toyset/18454/8286_9972_4028.swc
There are 1 somas in 8286_9972_4028.swc!
There is only one soma in 8286_9972_4028.swc file!
[151] Processing 18454_24313_10707_5837.swc:
Number of tips: 650 in file: /home/yjz/Project/Auto-tracing/data/seu_mouse/crop_data/dendriteImageMaxR_AllData/app2_upsample3_toyset/18454/24313_10707_5837.swc
There are 11 somas in 24313_10707_5837.swc!
There are massive somas in 24313_10707_5837.swc file!
[152] Processing 18454_25128_9986_6218.swc:
Number of tips: 481 in file: /home/yjz/Project/Auto-tracing/data/seu_mouse/crop_data/dendriteImageMaxR_AllData/app2_upsample3_toyset/18454/25128_9986_6218.swc
There are 8 somas in 25128_9986_6218.swc!
There are massive somas in 25128_9986_6218.swc file!
[153] Processing 18454_11394_11744_5863.swc:
Number of tips: 355 in file: /home/yjz/Project/Auto-tracing/data/seu_mouse/crop_data/dendriteImageMaxR_AllData/app2_upsample3_toyset/18454/11394_11744_5863.swc
There are 3 somas in 11394_11744_5863.swc!
all_nodes 17227/ not 4844
Finished!
[154] Processing 18454_24095_11516_5901.swc:
Number of tips: 377 in file: /home/yjz/Project/Auto-tracing/data/seu_mouse/crop_data/dendriteImageMaxR_AllData/app2_upsample3_toyset/18454/24095_11516_5901.swc
There are 5 somas in 24095_11516_5901.swc!
There are massive somas in 24095_11516_5901.swc file!
[155] Processing 18454_15964_13033_5370.swc:
Number of tips: 201 in file: /home/yjz/Project/Auto-tracing/data/seu_mouse/crop_data/dendriteImageMaxR_AllData/app2_upsample3_toyset/18454/15964_13033_5370.swc
There are 2 somas in 15964_13033_5370.swc!
all_nodes 15788/ not 5982
Finished!
[156] Processing 18454_10551_8234_3663.swc:
Number of tips: 253 in file: /home/yjz/Project/Auto-tracing/data/seu_mouse/crop_data/dendriteImageMaxR_AllData/app2_upsample3_toyset/18454/10551_8234_3663.swc
There are 3 somas in 10551_8234_3663.swc!
all_nodes 15746/ not 3378
Finished!
[157] Processing 18454_25572_10372_5870.swc:
Number of tips: 535 in file: /home/yjz/Project/Auto-tracing/data/seu_mouse/crop_data/dendriteImageMaxR_AllData/app2_upsample3_toyset/18454/25572_10372_5870.swc
There are 10 somas in 25572_10372_5870.swc!
There are massive somas in 25572_10372_5870.swc file!
[158] Processing 18454_24370_10012_6173.swc:
Number of tips: 630 in file: /home/yjz/Project/Auto-tracing/data/seu_mouse/crop_data/dendriteImageMaxR_AllData/app2_upsample3_toyset/18454/24370_10012_6173.swc
There are 9 somas in 24370_10012_6173.swc!
There are massive somas in 24370_10012_6173.swc file!
[159] Processing 18454_24369_10226_5892.swc:
Number of tips: 931 in file: /home/yjz/Project/Auto-tracing/data/seu_mouse/crop_data/dendriteImageMaxR_AllData/app2_upsample3_toyset/18454/24369_10226_5892.swc
There are 17 somas in 24369_10226_5892.swc!
There are massive somas in 24369_10226_5892.swc file!
[160] Processing 18454_23810_8543_6170.swc:
Number of tips: 86 in file: /home/yjz/Project/Auto-tracing/data/seu_mouse/crop_data/dendriteImageMaxR_AllData/app2_upsample3_toyset/18454/23810_8543_6170.swc
There are 1 somas in 23810_8543_6170.swc!
There is only one soma in 23810_8543_6170.swc file!
[161] Processing 18454_9888_11518_5738.swc:
Number of tips: 504 in file: /home/yjz/Project/Auto-tracing/data/seu_mouse/crop_data/dendriteImageMaxR_AllData/app2_upsample3_toyset/18454/9888_11518_5738.swc
There are 10 somas in 9888_11518_5738.swc!
There are massive somas in 9888_11518_5738.swc file!
[162] Processing 18454_10839_11843_5519.swc:
Number of tips: 513 in file: /home/yjz/Project/Auto-tracing/data/seu_mouse/crop_data/dendriteImageMaxR_AllData/app2_upsample3_toyset/18454/10839_11843_5519.swc
There are 7 somas in 10839_11843_5519.swc!
There are massive somas in 10839_11843_5519.swc file!
[163] Processing 18454_12178_12991_5571.swc:
Number of tips: 647 in file: /home/yjz/Project/Auto-tracing/data/seu_mouse/crop_data/dendriteImageMaxR_AllData/app2_upsample3_toyset/18454/12178_12991_5571.swc
There are 10 somas in 12178_12991_5571.swc!
There are massive somas in 12178_12991_5571.swc file!
[164] Processing 18454_24656_9629_6351.swc:
Number of tips: 523 in file: /home/yjz/Project/Auto-tracing/data/seu_mouse/crop_data/dendriteImageMaxR_AllData/app2_upsample3_toyset/18454/24656_9629_6351.swc
There are 8 somas in 24656_9629_6351.swc!
There are massive somas in 24656_9629_6351.swc file!
[165] Processing 18454_11114_11678_5494.swc:
Number of tips: 660 in file: /home/yjz/Project/Auto-tracing/data/seu_mouse/crop_data/dendriteImageMaxR_AllData/app2_upsample3_toyset/18454/11114_11678_5494.swc
There are 10 somas in 11114_11678_5494.swc!
There are massive somas in 11114_11678_5494.swc file!
[166] Processing 18454_18918_10614_5572.swc:
Number of tips: 99 in file: /home/yjz/Project/Auto-tracing/data/seu_mouse/crop_data/dendriteImageMaxR_AllData/app2_upsample3_toyset/18454/18918_10614_5572.swc
There are 1 somas in 18918_10614_5572.swc!
There is only one soma in 18918_10614_5572.swc file!
[167] Processing 18454_12809_9518_3050.swc:
Number of tips: 79 in file: /home/yjz/Project/Auto-tracing/data/seu_mouse/crop_data/dendriteImageMaxR_AllData/app2_upsample3_toyset/18454/12809_9518_3050.swc
There are 1 somas in 12809_9518_3050.swc!
There is only one soma in 12809_9518_3050.swc file!
[168] Processing 18454_19473_12380_5255.swc:
Number of tips: 345 in file: /home/yjz/Project/Auto-tracing/data/seu_mouse/crop_data/dendriteImageMaxR_AllData/app2_upsample3_toyset/18454/19473_12380_5255.swc
There are 2 somas in 19473_12380_5255.swc!
all_nodes 17551/ not 6055
Finished!
[169] Processing 18454_22618_11656_5829.swc:
Number of tips: 273 in file: /home/yjz/Project/Auto-tracing/data/seu_mouse/crop_data/dendriteImageMaxR_AllData/app2_upsample3_toyset/18454/22618_11656_5829.swc
There are 4 somas in 22618_11656_5829.swc!
There are massive somas in 22618_11656_5829.swc file!
[170] Processing 18454_9522_11016_5815.swc:
Number of tips: 403 in file: /home/yjz/Project/Auto-tracing/data/seu_mouse/crop_data/dendriteImageMaxR_AllData/app2_upsample3_toyset/18454/9522_11016_5815.swc
There are 7 somas in 9522_11016_5815.swc!
There are massive somas in 9522_11016_5815.swc file!
[171] Processing 18454_25178_8652_4530.swc:
Number of tips: 128 in file: /home/yjz/Project/Auto-tracing/data/seu_mouse/crop_data/dendriteImageMaxR_AllData/app2_upsample3_toyset/18454/25178_8652_4530.swc
There are 1 somas in 25178_8652_4530.swc!
There is only one soma in 25178_8652_4530.swc file!
[172] Processing 18454_25624_10910_5880.swc:
Number of tips: 111 in file: /home/yjz/Project/Auto-tracing/data/seu_mouse/crop_data/dendriteImageMaxR_AllData/app2_upsample3_toyset/18454/25624_10910_5880.swc
There are 1 somas in 25624_10910_5880.swc!
There is only one soma in 25624_10910_5880.swc file!
[173] Processing 18454_11294_10906_5358.swc:
Number of tips: 558 in file: /home/yjz/Project/Auto-tracing/data/seu_mouse/crop_data/dendriteImageMaxR_AllData/app2_upsample3_toyset/18454/11294_10906_5358.swc
There are 8 somas in 11294_10906_5358.swc!
There are massive somas in 11294_10906_5358.swc file!
[174] Processing 18454_13298_12390_5515.swc:
Number of tips: 282 in file: /home/yjz/Project/Auto-tracing/data/seu_mouse/crop_data/dendriteImageMaxR_AllData/app2_upsample3_toyset/18454/13298_12390_5515.swc
There are 3 somas in 13298_12390_5515.swc!
all_nodes 20543/ not 4169
Finished!
[175] Processing 18454_25410_10106_5716.swc:
Number of tips: 433 in file: /home/yjz/Project/Auto-tracing/data/seu_mouse/crop_data/dendriteImageMaxR_AllData/app2_upsample3_toyset/18454/25410_10106_5716.swc
There are 10 somas in 25410_10106_5716.swc!
There are massive somas in 25410_10106_5716.swc file!
[176] Processing 18454_16334_13142_5078.swc:
Number of tips: 463 in file: /home/yjz/Project/Auto-tracing/data/seu_mouse/crop_data/dendriteImageMaxR_AllData/app2_upsample3_toyset/18454/16334_13142_5078.swc
There are 4 somas in 16334_13142_5078.swc!
There are massive somas in 16334_13142_5078.swc file!
[177] Processing 18454_10920_13340_5638.swc:
Number of tips: 493 in file: /home/yjz/Project/Auto-tracing/data/seu_mouse/crop_data/dendriteImageMaxR_AllData/app2_upsample3_toyset/18454/10920_13340_5638.swc
There are 6 somas in 10920_13340_5638.swc!
There are massive somas in 10920_13340_5638.swc file!
[178] Processing 18454_10059_10886_5563.swc:
Number of tips: 433 in file: /home/yjz/Project/Auto-tracing/data/seu_mouse/crop_data/dendriteImageMaxR_AllData/app2_upsample3_toyset/18454/10059_10886_5563.swc
There are 8 somas in 10059_10886_5563.swc!
There are massive somas in 10059_10886_5563.swc file!
[179] Processing 18454_24726_12498_5669.swc:
Number of tips: 321 in file: /home/yjz/Project/Auto-tracing/data/seu_mouse/crop_data/dendriteImageMaxR_AllData/app2_upsample3_toyset/18454/24726_12498_5669.swc
There are 4 somas in 24726_12498_5669.swc!
There are massive somas in 24726_12498_5669.swc file!
[180] Processing 18454_10866_7441_4678.swc:
Number of tips: 101 in file: /home/yjz/Project/Auto-tracing/data/seu_mouse/crop_data/dendriteImageMaxR_AllData/app2_upsample3_toyset/18454/10866_7441_4678.swc
There are 1 somas in 10866_7441_4678.swc!
There is only one soma in 10866_7441_4678.swc file!
[181] Processing 18454_10174_9993_3404.swc:
Number of tips: 309 in file: /home/yjz/Project/Auto-tracing/data/seu_mouse/crop_data/dendriteImageMaxR_AllData/app2_upsample3_toyset/18454/10174_9993_3404.swc
There are 2 somas in 10174_9993_3404.swc!
all_nodes 13515/ not 6305
Finished!
[182] Processing 18454_25427_10699_7141.swc:
Number of tips: 46 in file: /home/yjz/Project/Auto-tracing/data/seu_mouse/crop_data/dendriteImageMaxR_AllData/app2_upsample3_toyset/18454/25427_10699_7141.swc
There are 1 somas in 25427_10699_7141.swc!
There is only one soma in 25427_10699_7141.swc file!
[183] Processing 18454_12802_12628_5488.swc:
Number of tips: 1030 in file: /home/yjz/Project/Auto-tracing/data/seu_mouse/crop_data/dendriteImageMaxR_AllData/app2_upsample3_toyset/18454/12802_12628_5488.swc
There are massive tips in 12802_12628_5488.swc file!
[184] Processing 18454_25381_10380_5759.swc:
Number of tips: 462 in file: /home/yjz/Project/Auto-tracing/data/seu_mouse/crop_data/dendriteImageMaxR_AllData/app2_upsample3_toyset/18454/25381_10380_5759.swc
There are 9 somas in 25381_10380_5759.swc!
There are massive somas in 25381_10380_5759.swc file!
[185] Processing 18454_11113_8689_3668.swc:
Number of tips: 190 in file: /home/yjz/Project/Auto-tracing/data/seu_mouse/crop_data/dendriteImageMaxR_AllData/app2_upsample3_toyset/18454/11113_8689_3668.swc
There are 2 somas in 11113_8689_3668.swc!
all_nodes 11053/ not 3666
Finished!
[186] Processing 18454_24646_11260_5983.swc:
Number of tips: 78 in file: /home/yjz/Project/Auto-tracing/data/seu_mouse/crop_data/dendriteImageMaxR_AllData/app2_upsample3_toyset/18454/24646_11260_5983.swc
There are 1 somas in 24646_11260_5983.swc!
There is only one soma in 24646_11260_5983.swc file!
[187] Processing 18454_11251_11797_5593.swc:
Number of tips: 815 in file: /home/yjz/Project/Auto-tracing/data/seu_mouse/crop_data/dendriteImageMaxR_AllData/app2_upsample3_toyset/18454/11251_11797_5593.swc
There are 10 somas in 11251_11797_5593.swc!
There are massive somas in 11251_11797_5593.swc file!
[188] Processing 18454_11389_13270_5396.swc:
Number of tips: 593 in file: /home/yjz/Project/Auto-tracing/data/seu_mouse/crop_data/dendriteImageMaxR_AllData/app2_upsample3_toyset/18454/11389_13270_5396.swc
There are 5 somas in 11389_13270_5396.swc!
There are massive somas in 11389_13270_5396.swc file!
[189] Processing 18454_8948_10400_6408.swc:
Number of tips: 823 in file: /home/yjz/Project/Auto-tracing/data/seu_mouse/crop_data/dendriteImageMaxR_AllData/app2_upsample3_toyset/18454/8948_10400_6408.swc
There are 1 somas in 8948_10400_6408.swc!
There is only one soma in 8948_10400_6408.swc file!
[190] Processing 18454_24079_12004_5840.swc:
Number of tips: 469 in file: /home/yjz/Project/Auto-tracing/data/seu_mouse/crop_data/dendriteImageMaxR_AllData/app2_upsample3_toyset/18454/24079_12004_5840.swc
There are 5 somas in 24079_12004_5840.swc!
There are massive somas in 24079_12004_5840.swc file!
[191] Processing 18454_17350_12849_5301.swc:
Number of tips: 128 in file: /home/yjz/Project/Auto-tracing/data/seu_mouse/crop_data/dendriteImageMaxR_AllData/app2_upsample3_toyset/18454/17350_12849_5301.swc
There are 2 somas in 17350_12849_5301.swc!
all_nodes 6610/ not 4347
Finished!
[192] Processing 18454_22571_12012_5741.swc:
Number of tips: 237 in file: /home/yjz/Project/Auto-tracing/data/seu_mouse/crop_data/dendriteImageMaxR_AllData/app2_upsample3_toyset/18454/22571_12012_5741.swc
There are 3 somas in 22571_12012_5741.swc!
all_nodes 16048/ not 7102
Finished!
[193] Processing 18454_12238_7028_3840.swc:
Number of tips: 144 in file: /home/yjz/Project/Auto-tracing/data/seu_mouse/crop_data/dendriteImageMaxR_AllData/app2_upsample3_toyset/18454/12238_7028_3840.swc
There are 1 somas in 12238_7028_3840.swc!
There is only one soma in 12238_7028_3840.swc file!
[194] Processing 18454_24093_10766_6628.swc:
Number of tips: 131 in file: /home/yjz/Project/Auto-tracing/data/seu_mouse/crop_data/dendriteImageMaxR_AllData/app2_upsample3_toyset/18454/24093_10766_6628.swc
There are 2 somas in 24093_10766_6628.swc!
all_nodes 10401/ not 4093
Finished!
[195] Processing 18454_24670_9792_5946.swc:
Number of tips: 594 in file: /home/yjz/Project/Auto-tracing/data/seu_mouse/crop_data/dendriteImageMaxR_AllData/app2_upsample3_toyset/18454/24670_9792_5946.swc
There are 12 somas in 24670_9792_5946.swc!
There are massive somas in 24670_9792_5946.swc file!
[196] Processing 18454_25771_10503_5944.swc:
Number of tips: 467 in file: /home/yjz/Project/Auto-tracing/data/seu_mouse/crop_data/dendriteImageMaxR_AllData/app2_upsample3_toyset/18454/25771_10503_5944.swc
There are 9 somas in 25771_10503_5944.swc!
There are massive somas in 25771_10503_5944.swc file!
[197] Processing 18454_24346_12498_5582.swc:
Number of tips: 346 in file: /home/yjz/Project/Auto-tracing/data/seu_mouse/crop_data/dendriteImageMaxR_AllData/app2_upsample3_toyset/18454/24346_12498_5582.swc
There are 4 somas in 24346_12498_5582.swc!
There are massive somas in 24346_12498_5582.swc file!
[198] Processing 18454_11514_10764_5728.swc:
Number of tips: 269 in file: /home/yjz/Project/Auto-tracing/data/seu_mouse/crop_data/dendriteImageMaxR_AllData/app2_upsample3_toyset/18454/11514_10764_5728.swc
There are 4 somas in 11514_10764_5728.swc!
There are massive somas in 11514_10764_5728.swc file!
[199] Processing 18454_23966_9743_5880.swc:
Number of tips: 584 in file: /home/yjz/Project/Auto-tracing/data/seu_mouse/crop_data/dendriteImageMaxR_AllData/app2_upsample3_toyset/18454/23966_9743_5880.swc
There are 12 somas in 23966_9743_5880.swc!
There are massive somas in 23966_9743_5880.swc file!
[200] Processing 18454_23556_10231_5733.swc:
Number of tips: 349 in file: /home/yjz/Project/Auto-tracing/data/seu_mouse/crop_data/dendriteImageMaxR_AllData/app2_upsample3_toyset/18454/23556_10231_5733.swc
There are 6 somas in 23556_10231_5733.swc!
There are massive somas in 23556_10231_5733.swc file!
[201] Processing 18454_11168_11900_5514.swc:
Number of tips: 579 in file: /home/yjz/Project/Auto-tracing/data/seu_mouse/crop_data/dendriteImageMaxR_AllData/app2_upsample3_toyset/18454/11168_11900_5514.swc
There are 9 somas in 11168_11900_5514.swc!
There are massive somas in 11168_11900_5514.swc file!
[202] Processing 18454_24324_10050_6807.swc:
Number of tips: 48 in file: /home/yjz/Project/Auto-tracing/data/seu_mouse/crop_data/dendriteImageMaxR_AllData/app2_upsample3_toyset/18454/24324_10050_6807.swc
There are 1 somas in 24324_10050_6807.swc!
There is only one soma in 24324_10050_6807.swc file!
[203] Processing 18454_23657_9318_5896.swc:
Number of tips: 249 in file: /home/yjz/Project/Auto-tracing/data/seu_mouse/crop_data/dendriteImageMaxR_AllData/app2_upsample3_toyset/18454/23657_9318_5896.swc
There are 4 somas in 23657_9318_5896.swc!
There are massive somas in 23657_9318_5896.swc file!
[204] Processing 18454_9946_10504_5446.swc:
Number of tips: 220 in file: /home/yjz/Project/Auto-tracing/data/seu_mouse/crop_data/dendriteImageMaxR_AllData/app2_upsample3_toyset/18454/9946_10504_5446.swc
There are 3 somas in 9946_10504_5446.swc!
all_nodes 14649/ not 7033
Finished!
[205] Processing 18454_10984_10640_5538.swc:
Number of tips: 393 in file: /home/yjz/Project/Auto-tracing/data/seu_mouse/crop_data/dendriteImageMaxR_AllData/app2_upsample3_toyset/18454/10984_10640_5538.swc
There are 5 somas in 10984_10640_5538.swc!
There are massive somas in 10984_10640_5538.swc file!
[206] Processing 18454_13574_12316_5336.swc:
Number of tips: 242 in file: /home/yjz/Project/Auto-tracing/data/seu_mouse/crop_data/dendriteImageMaxR_AllData/app2_upsample3_toyset/18454/13574_12316_5336.swc
There are 2 somas in 13574_12316_5336.swc!
all_nodes 17438/ not 6774
Finished!
[207] Processing 18454_16907_11503_4979.swc:
Number of tips: 123 in file: /home/yjz/Project/Auto-tracing/data/seu_mouse/crop_data/dendriteImageMaxR_AllData/app2_upsample3_toyset/18454/16907_11503_4979.swc
There are 2 somas in 16907_11503_4979.swc!
all_nodes 9045/ not 3371
Finished!
[208] Processing 18454_24952_10234_5933.swc:
Number of tips: 586 in file: /home/yjz/Project/Auto-tracing/data/seu_mouse/crop_data/dendriteImageMaxR_AllData/app2_upsample3_toyset/18454/24952_10234_5933.swc
There are 11 somas in 24952_10234_5933.swc!
There are massive somas in 24952_10234_5933.swc file!
[209] Processing 18454_24260_9767_6034.swc:
Number of tips: 726 in file: /home/yjz/Project/Auto-tracing/data/seu_mouse/crop_data/dendriteImageMaxR_AllData/app2_upsample3_toyset/18454/24260_9767_6034.swc
There are 14 somas in 24260_9767_6034.swc!
There are massive somas in 24260_9767_6034.swc file!
[210] Processing 18454_23964_10074_5964.swc:
Number of tips: 826 in file: /home/yjz/Project/Auto-tracing/data/seu_mouse/crop_data/dendriteImageMaxR_AllData/app2_upsample3_toyset/18454/23964_10074_5964.swc
There are 12 somas in 23964_10074_5964.swc!
There are massive somas in 23964_10074_5964.swc file!
[211] Processing 17302_18872_21546_2298.swc:
Number of tips: 148 in file: /home/yjz/Project/Auto-tracing/data/seu_mouse/crop_data/dendriteImageMaxR_AllData/app2_upsample3_toyset/17302/18872_21546_2298.swc
There are 1 somas in 18872_21546_2298.swc!
There is only one soma in 18872_21546_2298.swc file!
[212] Processing 17302_20930_37313_2540.swc:
Number of tips: 55 in file: /home/yjz/Project/Auto-tracing/data/seu_mouse/crop_data/dendriteImageMaxR_AllData/app2_upsample3_toyset/17302/20930_37313_2540.swc
There are 1 somas in 20930_37313_2540.swc!
There is only one soma in 20930_37313_2540.swc file!
[213] Processing 17302_21078_36654_2340.swc:
Number of tips: 92 in file: /home/yjz/Project/Auto-tracing/data/seu_mouse/crop_data/dendriteImageMaxR_AllData/app2_upsample3_toyset/17302/21078_36654_2340.swc
There are 1 somas in 21078_36654_2340.swc!
There is only one soma in 21078_36654_2340.swc file!
[214] Processing 17302_17321_21960_4432.swc:
Number of tips: 62 in file: /home/yjz/Project/Auto-tracing/data/seu_mouse/crop_data/dendriteImageMaxR_AllData/app2_upsample3_toyset/17302/17321_21960_4432.swc
There are 1 somas in 17321_21960_4432.swc!
There is only one soma in 17321_21960_4432.swc file!
[215] Processing 17302_16234_15505_3063.swc:
Number of tips: 845 in file: /home/yjz/Project/Auto-tracing/data/seu_mouse/crop_data/dendriteImageMaxR_AllData/app2_upsample3_toyset/17302/16234_15505_3063.swc
There are 4 somas in 16234_15505_3063.swc!
There are massive somas in 16234_15505_3063.swc file!
[216] Processing 17302_20042_20005_5360.swc:
Number of tips: 57 in file: /home/yjz/Project/Auto-tracing/data/seu_mouse/crop_data/dendriteImageMaxR_AllData/app2_upsample3_toyset/17302/20042_20005_5360.swc
There are 1 somas in 20042_20005_5360.swc!
There is only one soma in 20042_20005_5360.swc file!
[217] Processing 17302_14565_41960_2634.swc:
Number of tips: 2340 in file: /home/yjz/Project/Auto-tracing/data/seu_mouse/crop_data/dendriteImageMaxR_AllData/app2_upsample3_toyset/17302/14565_41960_2634.swc
There are massive tips in 14565_41960_2634.swc file!
[218] Processing 17302_17408_40903_5037.swc:
Number of tips: 30 in file: /home/yjz/Project/Auto-tracing/data/seu_mouse/crop_data/dendriteImageMaxR_AllData/app2_upsample3_toyset/17302/17408_40903_5037.swc
There are 1 somas in 17408_40903_5037.swc!
There is only one soma in 17408_40903_5037.swc file!
[219] Processing 17302_17566_19651_5581.swc:
Number of tips: 68 in file: /home/yjz/Project/Auto-tracing/data/seu_mouse/crop_data/dendriteImageMaxR_AllData/app2_upsample3_toyset/17302/17566_19651_5581.swc
There are 1 somas in 17566_19651_5581.swc!
There is only one soma in 17566_19651_5581.swc file!
[220] Processing 17302_17129_20214_5690.swc:
Number of tips: 44 in file: /home/yjz/Project/Auto-tracing/data/seu_mouse/crop_data/dendriteImageMaxR_AllData/app2_upsample3_toyset/17302/17129_20214_5690.swc
There are 1 somas in 17129_20214_5690.swc!
There is only one soma in 17129_20214_5690.swc file!
[221] Processing 17302_19682_20349_5397.swc:
Number of tips: 20 in file: /home/yjz/Project/Auto-tracing/data/seu_mouse/crop_data/dendriteImageMaxR_AllData/app2_upsample3_toyset/17302/19682_20349_5397.swc
There are 1 somas in 19682_20349_5397.swc!
There is only one soma in 19682_20349_5397.swc file!
[222] Processing 17302_16036_38908_5192.swc:
Number of tips: 108 in file: /home/yjz/Project/Auto-tracing/data/seu_mouse/crop_data/dendriteImageMaxR_AllData/app2_upsample3_toyset/17302/16036_38908_5192.swc
There are 2 somas in 16036_38908_5192.swc!
all_nodes 7210/ not 3214
Finished!
[223] Processing 17302_18340_17942_2400.swc:
Number of tips: 344 in file: /home/yjz/Project/Auto-tracing/data/seu_mouse/crop_data/dendriteImageMaxR_AllData/app2_upsample3_toyset/17302/18340_17942_2400.swc
There are 3 somas in 18340_17942_2400.swc!
all_nodes 15751/ not 11024
Finished!
[224] Processing 17302_18816_39212_2416.swc:
Number of tips: 143 in file: /home/yjz/Project/Auto-tracing/data/seu_mouse/crop_data/dendriteImageMaxR_AllData/app2_upsample3_toyset/17302/18816_39212_2416.swc
There are 1 somas in 18816_39212_2416.swc!
There is only one soma in 18816_39212_2416.swc file!
[225] Processing 17302_18982_39397_4869.swc:
Number of tips: 110 in file: /home/yjz/Project/Auto-tracing/data/seu_mouse/crop_data/dendriteImageMaxR_AllData/app2_upsample3_toyset/17302/18982_39397_4869.swc
There are 2 somas in 18982_39397_4869.swc!
all_nodes 6932/ not 1994
Finished!
[226] Processing 17302_15030_27059_4033.swc:
Number of tips: 128 in file: /home/yjz/Project/Auto-tracing/data/seu_mouse/crop_data/dendriteImageMaxR_AllData/app2_upsample3_toyset/17302/15030_27059_4033.swc
There are 1 somas in 15030_27059_4033.swc!
There is only one soma in 15030_27059_4033.swc file!
[227] Processing 17302_16574_39214_4744.swc:
Number of tips: 38 in file: /home/yjz/Project/Auto-tracing/data/seu_mouse/crop_data/dendriteImageMaxR_AllData/app2_upsample3_toyset/17302/16574_39214_4744.swc
There are 1 somas in 16574_39214_4744.swc!
There is only one soma in 16574_39214_4744.swc file!
[228] Processing 17302_20798_20046_4964.swc:
Number of tips: 81 in file: /home/yjz/Project/Auto-tracing/data/seu_mouse/crop_data/dendriteImageMaxR_AllData/app2_upsample3_toyset/17302/20798_20046_4964.swc
There are 1 somas in 20798_20046_4964.swc!
There is only one soma in 20798_20046_4964.swc file!
[229] Processing 17302_16635_39155_4388.swc:
Number of tips: 45 in file: /home/yjz/Project/Auto-tracing/data/seu_mouse/crop_data/dendriteImageMaxR_AllData/app2_upsample3_toyset/17302/16635_39155_4388.swc
There are 1 somas in 16635_39155_4388.swc!
There is only one soma in 16635_39155_4388.swc file!
[230] Processing 17302_21903_21526_2972.swc:
Number of tips: 100 in file: /home/yjz/Project/Auto-tracing/data/seu_mouse/crop_data/dendriteImageMaxR_AllData/app2_upsample3_toyset/17302/21903_21526_2972.swc
There are 1 somas in 21903_21526_2972.swc!
There is only one soma in 21903_21526_2972.swc file!
[231] Processing 17302_18236_16472_2978.swc:
Number of tips: 500 in file: /home/yjz/Project/Auto-tracing/data/seu_mouse/crop_data/dendriteImageMaxR_AllData/app2_upsample3_toyset/17302/18236_16472_2978.swc
There are 3 somas in 18236_16472_2978.swc!
all_nodes 17038/ not 2563
Finished!
[232] Processing 17302_16585_38434_4570.swc:
Number of tips: 74 in file: /home/yjz/Project/Auto-tracing/data/seu_mouse/crop_data/dendriteImageMaxR_AllData/app2_upsample3_toyset/17302/16585_38434_4570.swc
There are 1 somas in 16585_38434_4570.swc!
There is only one soma in 16585_38434_4570.swc file!
[233] Processing 17302_17832_40338_2262.swc:
Number of tips: 137 in file: /home/yjz/Project/Auto-tracing/data/seu_mouse/crop_data/dendriteImageMaxR_AllData/app2_upsample3_toyset/17302/17832_40338_2262.swc
There are 1 somas in 17832_40338_2262.swc!
There is only one soma in 17832_40338_2262.swc file!
[234] Processing 17302_14380_42169_2749.swc:
Number of tips: 3071 in file: /home/yjz/Project/Auto-tracing/data/seu_mouse/crop_data/dendriteImageMaxR_AllData/app2_upsample3_toyset/17302/14380_42169_2749.swc
There are massive tips in 14380_42169_2749.swc file!
[235] Processing 17302_16999_15661_3203.swc:
Number of tips: 484 in file: /home/yjz/Project/Auto-tracing/data/seu_mouse/crop_data/dendriteImageMaxR_AllData/app2_upsample3_toyset/17302/16999_15661_3203.swc
There are 3 somas in 16999_15661_3203.swc!
all_nodes 18892/ not 15424
Finished!
[236] Processing 17302_23279_24054_3122.swc:
Number of tips: 25 in file: /home/yjz/Project/Auto-tracing/data/seu_mouse/crop_data/dendriteImageMaxR_AllData/app2_upsample3_toyset/17302/23279_24054_3122.swc
There are 1 somas in 23279_24054_3122.swc!
There is only one soma in 23279_24054_3122.swc file!
[237] Processing 17302_14937_29812_3477.swc:
Number of tips: 34 in file: /home/yjz/Project/Auto-tracing/data/seu_mouse/crop_data/dendriteImageMaxR_AllData/app2_upsample3_toyset/17302/14937_29812_3477.swc
There are 1 somas in 14937_29812_3477.swc!
There is only one soma in 14937_29812_3477.swc file!
[238] Processing 17302_21127_20897_4879.swc:
Number of tips: 2027 in file: /home/yjz/Project/Auto-tracing/data/seu_mouse/crop_data/dendriteImageMaxR_AllData/app2_upsample3_toyset/17302/21127_20897_4879.swc
There are massive tips in 21127_20897_4879.swc file!
[239] Processing 17302_21121_20591_4923.swc:
Number of tips: 1924 in file: /home/yjz/Project/Auto-tracing/data/seu_mouse/crop_data/dendriteImageMaxR_AllData/app2_upsample3_toyset/17302/21121_20591_4923.swc
There are massive tips in 21121_20591_4923.swc file!
[240] Processing 17302_20776_18296_3299.swc:
Number of tips: 76 in file: /home/yjz/Project/Auto-tracing/data/seu_mouse/crop_data/dendriteImageMaxR_AllData/app2_upsample3_toyset/17302/20776_18296_3299.swc
There are 1 somas in 20776_18296_3299.swc!
There is only one soma in 20776_18296_3299.swc file!
[241] Processing 17302_16304_40303_5170.swc:
Number of tips: 67 in file: /home/yjz/Project/Auto-tracing/data/seu_mouse/crop_data/dendriteImageMaxR_AllData/app2_upsample3_toyset/17302/16304_40303_5170.swc
There are 1 somas in 16304_40303_5170.swc!
There is only one soma in 16304_40303_5170.swc file!
[242] Processing 17302_22122_18606_3700.swc:
Number of tips: 57 in file: /home/yjz/Project/Auto-tracing/data/seu_mouse/crop_data/dendriteImageMaxR_AllData/app2_upsample3_toyset/17302/22122_18606_3700.swc
There are 1 somas in 22122_18606_3700.swc!
There is only one soma in 22122_18606_3700.swc file!
[243] Processing 17302_18680_17506_2936.swc:
Number of tips: 160 in file: /home/yjz/Project/Auto-tracing/data/seu_mouse/crop_data/dendriteImageMaxR_AllData/app2_upsample3_toyset/17302/18680_17506_2936.swc
There are 1 somas in 18680_17506_2936.swc!
There is only one soma in 18680_17506_2936.swc file!
[244] Processing 17302_18222_37704_4886.swc:
Number of tips: 134 in file: /home/yjz/Project/Auto-tracing/data/seu_mouse/crop_data/dendriteImageMaxR_AllData/app2_upsample3_toyset/17302/18222_37704_4886.swc
There are 1 somas in 18222_37704_4886.swc!
There is only one soma in 18222_37704_4886.swc file!
[245] Processing 17302_20160_35118_2406.swc:
Number of tips: 79 in file: /home/yjz/Project/Auto-tracing/data/seu_mouse/crop_data/dendriteImageMaxR_AllData/app2_upsample3_toyset/17302/20160_35118_2406.swc
There are 1 somas in 20160_35118_2406.swc!
There is only one soma in 20160_35118_2406.swc file!
[246] Processing 17302_18275_16230_3072.swc:
Number of tips: 949 in file: /home/yjz/Project/Auto-tracing/data/seu_mouse/crop_data/dendriteImageMaxR_AllData/app2_upsample3_toyset/17302/18275_16230_3072.swc
There are 3 somas in 18275_16230_3072.swc!
all_nodes 29812/ not 11837
Finished!
[247] Processing 17302_18082_15784_3110.swc:
Number of tips: 972 in file: /home/yjz/Project/Auto-tracing/data/seu_mouse/crop_data/dendriteImageMaxR_AllData/app2_upsample3_toyset/17302/18082_15784_3110.swc
There are 5 somas in 18082_15784_3110.swc!
There are massive somas in 18082_15784_3110.swc file!
[248] Processing 17302_20212_16377_3104.swc:
Number of tips: 358 in file: /home/yjz/Project/Auto-tracing/data/seu_mouse/crop_data/dendriteImageMaxR_AllData/app2_upsample3_toyset/17302/20212_16377_3104.swc
There are 1 somas in 20212_16377_3104.swc!
There is only one soma in 20212_16377_3104.swc file!
[249] Processing 17302_13812_42025_3130.swc:
Number of tips: 326 in file: /home/yjz/Project/Auto-tracing/data/seu_mouse/crop_data/dendriteImageMaxR_AllData/app2_upsample3_toyset/17302/13812_42025_3130.swc
There are 2 somas in 13812_42025_3130.swc!
all_nodes 13886/ not 4889
Finished!
[250] Processing 17302_14358_42117_2799.swc:
Number of tips: 3029 in file: /home/yjz/Project/Auto-tracing/data/seu_mouse/crop_data/dendriteImageMaxR_AllData/app2_upsample3_toyset/17302/14358_42117_2799.swc
There are massive tips in 14358_42117_2799.swc file!
[251] Processing 17302_18664_19413_5754.swc:
Number of tips: 45 in file: /home/yjz/Project/Auto-tracing/data/seu_mouse/crop_data/dendriteImageMaxR_AllData/app2_upsample3_toyset/17302/18664_19413_5754.swc
There are 1 somas in 18664_19413_5754.swc!
There is only one soma in 18664_19413_5754.swc file!
[252] Processing 17302_16300_30691_3795.swc:
Number of tips: 87 in file: /home/yjz/Project/Auto-tracing/data/seu_mouse/crop_data/dendriteImageMaxR_AllData/app2_upsample3_toyset/17302/16300_30691_3795.swc
There are 1 somas in 16300_30691_3795.swc!
There is only one soma in 16300_30691_3795.swc file!
[253] Processing 17302_20862_19118_2772.swc:
Number of tips: 71 in file: /home/yjz/Project/Auto-tracing/data/seu_mouse/crop_data/dendriteImageMaxR_AllData/app2_upsample3_toyset/17302/20862_19118_2772.swc
There are 1 somas in 20862_19118_2772.swc!
There is only one soma in 20862_19118_2772.swc file!
[254] Processing 17302_14745_41463_2698.swc:
Number of tips: 603 in file: /home/yjz/Project/Auto-tracing/data/seu_mouse/crop_data/dendriteImageMaxR_AllData/app2_upsample3_toyset/17302/14745_41463_2698.swc
There are 4 somas in 14745_41463_2698.swc!
There are massive somas in 14745_41463_2698.swc file!
[255] Processing 17302_21399_18588_2849.swc:
Number of tips: 154 in file: /home/yjz/Project/Auto-tracing/data/seu_mouse/crop_data/dendriteImageMaxR_AllData/app2_upsample3_toyset/17302/21399_18588_2849.swc
There are 1 somas in 21399_18588_2849.swc!
There is only one soma in 21399_18588_2849.swc file!
[256] Processing 17302_15085_35257_2300.swc:
Number of tips: 88 in file: /home/yjz/Project/Auto-tracing/data/seu_mouse/crop_data/dendriteImageMaxR_AllData/app2_upsample3_toyset/17302/15085_35257_2300.swc
There are 1 somas in 15085_35257_2300.swc!
There is only one soma in 15085_35257_2300.swc file!
[257] Processing 17302_18014_20947_5692.swc:
Number of tips: 59 in file: /home/yjz/Project/Auto-tracing/data/seu_mouse/crop_data/dendriteImageMaxR_AllData/app2_upsample3_toyset/17302/18014_20947_5692.swc
There are 1 somas in 18014_20947_5692.swc!
There is only one soma in 18014_20947_5692.swc file!
[258] Processing 17302_22439_36403_3315.swc:
Number of tips: 48 in file: /home/yjz/Project/Auto-tracing/data/seu_mouse/crop_data/dendriteImageMaxR_AllData/app2_upsample3_toyset/17302/22439_36403_3315.swc
There are 1 somas in 22439_36403_3315.swc!
There is only one soma in 22439_36403_3315.swc file!
[259] Processing 17302_14957_42174_2595.swc:
Number of tips: 1309 in file: /home/yjz/Project/Auto-tracing/data/seu_mouse/crop_data/dendriteImageMaxR_AllData/app2_upsample3_toyset/17302/14957_42174_2595.swc
There are massive tips in 14957_42174_2595.swc file!
[260] Processing 17302_18772_19445_4765.swc:
Number of tips: 41 in file: /home/yjz/Project/Auto-tracing/data/seu_mouse/crop_data/dendriteImageMaxR_AllData/app2_upsample3_toyset/17302/18772_19445_4765.swc
There are 1 somas in 18772_19445_4765.swc!
There is only one soma in 18772_19445_4765.swc file!
[261] Processing 17302_16175_42325_2713.swc:
Number of tips: 520 in file: /home/yjz/Project/Auto-tracing/data/seu_mouse/crop_data/dendriteImageMaxR_AllData/app2_upsample3_toyset/17302/16175_42325_2713.swc
There are 2 somas in 16175_42325_2713.swc!
all_nodes 17940/ not 10414
Finished!
[262] Processing 17302_13744_43876_4130.swc:
Number of tips: 785 in file: /home/yjz/Project/Auto-tracing/data/seu_mouse/crop_data/dendriteImageMaxR_AllData/app2_upsample3_toyset/17302/13744_43876_4130.swc
There are 2 somas in 13744_43876_4130.swc!
all_nodes 19932/ not 7466
Finished!
[263] Processing 17302_19768_17660_2522.swc:
Number of tips: 133 in file: /home/yjz/Project/Auto-tracing/data/seu_mouse/crop_data/dendriteImageMaxR_AllData/app2_upsample3_toyset/17302/19768_17660_2522.swc
There are 1 somas in 19768_17660_2522.swc!
There is only one soma in 19768_17660_2522.swc file!
[264] Processing 17302_16282_41923_2760.swc:
Number of tips: 423 in file: /home/yjz/Project/Auto-tracing/data/seu_mouse/crop_data/dendriteImageMaxR_AllData/app2_upsample3_toyset/17302/16282_41923_2760.swc
There are 2 somas in 16282_41923_2760.swc!
all_nodes 16018/ not 6151
Finished!
[265] Processing 17302_19765_37280_2635.swc:
Number of tips: 68 in file: /home/yjz/Project/Auto-tracing/data/seu_mouse/crop_data/dendriteImageMaxR_AllData/app2_upsample3_toyset/17302/19765_37280_2635.swc
There are 1 somas in 19765_37280_2635.swc!
There is only one soma in 19765_37280_2635.swc file!
[266] Processing 17302_17723_15949_3054.swc:
Number of tips: 825 in file: /home/yjz/Project/Auto-tracing/data/seu_mouse/crop_data/dendriteImageMaxR_AllData/app2_upsample3_toyset/17302/17723_15949_3054.swc
There are 4 somas in 17723_15949_3054.swc!
There are massive somas in 17723_15949_3054.swc file!
[267] Processing 17302_23296_20328_3261.swc:
Number of tips: 112 in file: /home/yjz/Project/Auto-tracing/data/seu_mouse/crop_data/dendriteImageMaxR_AllData/app2_upsample3_toyset/17302/23296_20328_3261.swc
There are 1 somas in 23296_20328_3261.swc!
There is only one soma in 23296_20328_3261.swc file!
[268] Processing 17302_19112_41280_2798.swc:
Number of tips: 293 in file: /home/yjz/Project/Auto-tracing/data/seu_mouse/crop_data/dendriteImageMaxR_AllData/app2_upsample3_toyset/17302/19112_41280_2798.swc
There are 1 somas in 19112_41280_2798.swc!
There is only one soma in 19112_41280_2798.swc file!
[269] Processing 17302_19231_16208_2909.swc:
Number of tips: 297 in file: /home/yjz/Project/Auto-tracing/data/seu_mouse/crop_data/dendriteImageMaxR_AllData/app2_upsample3_toyset/17302/19231_16208_2909.swc
There are 1 somas in 19231_16208_2909.swc!
There is only one soma in 19231_16208_2909.swc file!
[270] Processing 17302_17514_37780_1892.swc:
Number of tips: 58 in file: /home/yjz/Project/Auto-tracing/data/seu_mouse/crop_data/dendriteImageMaxR_AllData/app2_upsample3_toyset/17302/17514_37780_1892.swc
There are 1 somas in 17514_37780_1892.swc!
There is only one soma in 17514_37780_1892.swc file!
[271] Processing 17302_15832_38808_5220.swc:
Number of tips: 121 in file: /home/yjz/Project/Auto-tracing/data/seu_mouse/crop_data/dendriteImageMaxR_AllData/app2_upsample3_toyset/17302/15832_38808_5220.swc
There are 2 somas in 15832_38808_5220.swc!
all_nodes 7738/ not 3295
Finished!
[272] Processing 17302_16631_39047_4599.swc:
Number of tips: 112 in file: /home/yjz/Project/Auto-tracing/data/seu_mouse/crop_data/dendriteImageMaxR_AllData/app2_upsample3_toyset/17302/16631_39047_4599.swc
There are 1 somas in 16631_39047_4599.swc!
There is only one soma in 16631_39047_4599.swc file!
[273] Processing 17302_16491_22989_4806.swc:
Number of tips: 88 in file: /home/yjz/Project/Auto-tracing/data/seu_mouse/crop_data/dendriteImageMaxR_AllData/app2_upsample3_toyset/17302/16491_22989_4806.swc
There are 1 somas in 16491_22989_4806.swc!
There is only one soma in 16491_22989_4806.swc file!
[274] Processing 17302_22691_20861_3041.swc:
Number of tips: 128 in file: /home/yjz/Project/Auto-tracing/data/seu_mouse/crop_data/dendriteImageMaxR_AllData/app2_upsample3_toyset/17302/22691_20861_3041.swc
There are 1 somas in 22691_20861_3041.swc!
There is only one soma in 22691_20861_3041.swc file!
[275] Processing 17302_20503_20346_5222.swc:
Number of tips: 126 in file: /home/yjz/Project/Auto-tracing/data/seu_mouse/crop_data/dendriteImageMaxR_AllData/app2_upsample3_toyset/17302/20503_20346_5222.swc
There are 2 somas in 20503_20346_5222.swc!
all_nodes 6666/ not 2070
Finished!
[276] Processing 17302_20614_20754_5221.swc:
Number of tips: 146 in file: /home/yjz/Project/Auto-tracing/data/seu_mouse/crop_data/dendriteImageMaxR_AllData/app2_upsample3_toyset/17302/20614_20754_5221.swc
There are 2 somas in 20614_20754_5221.swc!
all_nodes 7679/ not 2471
Finished!
[277] Processing 17302_16201_15609_2952.swc:
Number of tips: 737 in file: /home/yjz/Project/Auto-tracing/data/seu_mouse/crop_data/dendriteImageMaxR_AllData/app2_upsample3_toyset/17302/16201_15609_2952.swc
There are 4 somas in 16201_15609_2952.swc!
There are massive somas in 16201_15609_2952.swc file!
[278] Processing 17302_14959_17062_3044.swc:
Number of tips: 297 in file: /home/yjz/Project/Auto-tracing/data/seu_mouse/crop_data/dendriteImageMaxR_AllData/app2_upsample3_toyset/17302/14959_17062_3044.swc
There are 1 somas in 14959_17062_3044.swc!
There is only one soma in 14959_17062_3044.swc file!
[279] Processing 17302_18546_38937_5011.swc:
Number of tips: 42 in file: /home/yjz/Project/Auto-tracing/data/seu_mouse/crop_data/dendriteImageMaxR_AllData/app2_upsample3_toyset/17302/18546_38937_5011.swc
There are 1 somas in 18546_38937_5011.swc!
There is only one soma in 18546_38937_5011.swc file!
[280] Processing 17302_17114_15565_3169.swc:
Number of tips: 661 in file: /home/yjz/Project/Auto-tracing/data/seu_mouse/crop_data/dendriteImageMaxR_AllData/app2_upsample3_toyset/17302/17114_15565_3169.swc
There are 4 somas in 17114_15565_3169.swc!
There are massive somas in 17114_15565_3169.swc file!
[281] Processing 17302_16478_14184_4580.swc:
Number of tips: 319 in file: /home/yjz/Project/Auto-tracing/data/seu_mouse/crop_data/dendriteImageMaxR_AllData/app2_upsample3_toyset/17302/16478_14184_4580.swc
There are 1 somas in 16478_14184_4580.swc!
There is only one soma in 16478_14184_4580.swc file!
[282] Processing 17302_14753_42111_2760.swc:
Number of tips: 2137 in file: /home/yjz/Project/Auto-tracing/data/seu_mouse/crop_data/dendriteImageMaxR_AllData/app2_upsample3_toyset/17302/14753_42111_2760.swc
There are massive tips in 14753_42111_2760.swc file!
[283] Processing 17302_19058_39206_4936.swc:
Number of tips: 175 in file: /home/yjz/Project/Auto-tracing/data/seu_mouse/crop_data/dendriteImageMaxR_AllData/app2_upsample3_toyset/17302/19058_39206_4936.swc
There are 2 somas in 19058_39206_4936.swc!
all_nodes 10455/ not 6631
Finished!
[284] Processing 17302_22794_23135_3119.swc:
Number of tips: 59 in file: /home/yjz/Project/Auto-tracing/data/seu_mouse/crop_data/dendriteImageMaxR_AllData/app2_upsample3_toyset/17302/22794_23135_3119.swc
There are 1 somas in 22794_23135_3119.swc!
There is only one soma in 22794_23135_3119.swc file!
[285] Processing 17302_17153_16362_2914.swc:
Number of tips: 159 in file: /home/yjz/Project/Auto-tracing/data/seu_mouse/crop_data/dendriteImageMaxR_AllData/app2_upsample3_toyset/17302/17153_16362_2914.swc
There are 1 somas in 17153_16362_2914.swc!
There is only one soma in 17153_16362_2914.swc file!
[286] Processing 17302_16319_39875_4756.swc:
Number of tips: 57 in file: /home/yjz/Project/Auto-tracing/data/seu_mouse/crop_data/dendriteImageMaxR_AllData/app2_upsample3_toyset/17302/16319_39875_4756.swc
There are 1 somas in 16319_39875_4756.swc!
There is only one soma in 16319_39875_4756.swc file!
[287] Processing 17302_14993_21956_4341.swc:
Number of tips: 93 in file: /home/yjz/Project/Auto-tracing/data/seu_mouse/crop_data/dendriteImageMaxR_AllData/app2_upsample3_toyset/17302/14993_21956_4341.swc
There are 1 somas in 14993_21956_4341.swc!
There is only one soma in 14993_21956_4341.swc file!
[288] Processing 17302_18576_20014_2332.swc:
Number of tips: 81 in file: /home/yjz/Project/Auto-tracing/data/seu_mouse/crop_data/dendriteImageMaxR_AllData/app2_upsample3_toyset/17302/18576_20014_2332.swc
There are 1 somas in 18576_20014_2332.swc!
There is only one soma in 18576_20014_2332.swc file!
[289] Processing 17302_14498_42598_2828.swc:
Number of tips: 2025 in file: /home/yjz/Project/Auto-tracing/data/seu_mouse/crop_data/dendriteImageMaxR_AllData/app2_upsample3_toyset/17302/14498_42598_2828.swc
There are massive tips in 14498_42598_2828.swc file!
[290] Processing 17302_17566_40340_4680.swc:
Number of tips: 96 in file: /home/yjz/Project/Auto-tracing/data/seu_mouse/crop_data/dendriteImageMaxR_AllData/app2_upsample3_toyset/17302/17566_40340_4680.swc
There are 1 somas in 17566_40340_4680.swc!
There is only one soma in 17566_40340_4680.swc file!
[291] Processing 17302_16415_15069_3096.swc:
Number of tips: 559 in file: /home/yjz/Project/Auto-tracing/data/seu_mouse/crop_data/dendriteImageMaxR_AllData/app2_upsample3_toyset/17302/16415_15069_3096.swc
There are 2 somas in 16415_15069_3096.swc!
all_nodes 16777/ not 5690
Finished!
[292] Processing 17302_14653_40496_2643.swc:
Number of tips: 107 in file: /home/yjz/Project/Auto-tracing/data/seu_mouse/crop_data/dendriteImageMaxR_AllData/app2_upsample3_toyset/17302/14653_40496_2643.swc
There are 1 somas in 14653_40496_2643.swc!
There is only one soma in 14653_40496_2643.swc file!
[293] Processing 17302_16210_40007_5419.swc:
Number of tips: 57 in file: /home/yjz/Project/Auto-tracing/data/seu_mouse/crop_data/dendriteImageMaxR_AllData/app2_upsample3_toyset/17302/16210_40007_5419.swc
There are 1 somas in 16210_40007_5419.swc!
There is only one soma in 16210_40007_5419.swc file!
[294] Processing 17302_21571_23448_2367.swc:
Number of tips: 54 in file: /home/yjz/Project/Auto-tracing/data/seu_mouse/crop_data/dendriteImageMaxR_AllData/app2_upsample3_toyset/17302/21571_23448_2367.swc
There are 1 somas in 21571_23448_2367.swc!
There is only one soma in 21571_23448_2367.swc file!
[295] Processing 17302_16627_38850_4155.swc:
Number of tips: 50 in file: /home/yjz/Project/Auto-tracing/data/seu_mouse/crop_data/dendriteImageMaxR_AllData/app2_upsample3_toyset/17302/16627_38850_4155.swc
There are 1 somas in 16627_38850_4155.swc!
There is only one soma in 16627_38850_4155.swc file!
[296] Processing 17302_12479_41607_2770.swc:
Number of tips: 173 in file: /home/yjz/Project/Auto-tracing/data/seu_mouse/crop_data/dendriteImageMaxR_AllData/app2_upsample3_toyset/17302/12479_41607_2770.swc
There are 1 somas in 12479_41607_2770.swc!
There is only one soma in 12479_41607_2770.swc file!
[297] Processing 17302_17696_15519_3218.swc:
Number of tips: 1207 in file: /home/yjz/Project/Auto-tracing/data/seu_mouse/crop_data/dendriteImageMaxR_AllData/app2_upsample3_toyset/17302/17696_15519_3218.swc
There are massive tips in 17696_15519_3218.swc file!
[298] Processing 17302_18988_15755_3261.swc:
Number of tips: 275 in file: /home/yjz/Project/Auto-tracing/data/seu_mouse/crop_data/dendriteImageMaxR_AllData/app2_upsample3_toyset/17302/18988_15755_3261.swc
There are 1 somas in 18988_15755_3261.swc!
There is only one soma in 18988_15755_3261.swc file!
[299] Processing 17302_22643_21834_2768.swc:
Number of tips: 162 in file: /home/yjz/Project/Auto-tracing/data/seu_mouse/crop_data/dendriteImageMaxR_AllData/app2_upsample3_toyset/17302/22643_21834_2768.swc
There are 2 somas in 22643_21834_2768.swc!
all_nodes 10115/ not 3543
Finished!
[300] Processing 17302_19647_19461_5196.swc:
Number of tips: 29 in file: /home/yjz/Project/Auto-tracing/data/seu_mouse/crop_data/dendriteImageMaxR_AllData/app2_upsample3_toyset/17302/19647_19461_5196.swc
There are 1 somas in 19647_19461_5196.swc!
There is only one soma in 19647_19461_5196.swc file!
[301] Processing 17302_15596_22232_4279.swc:
Number of tips: 47 in file: /home/yjz/Project/Auto-tracing/data/seu_mouse/crop_data/dendriteImageMaxR_AllData/app2_upsample3_toyset/17302/15596_22232_4279.swc
There are 1 somas in 15596_22232_4279.swc!
There is only one soma in 15596_22232_4279.swc file!
There are 1107 somas, avg: 3.6777408637873754!
