Number of tips: 102 in file: /home/yjz/Project/Auto-tracing/data/seu_mouse/crop_data/dendriteImageMaxR_AllData/app2_upsample3_toyset_rotationAug_sorted/18454/18127_11451_5008.swc
There are 2 somas in 18127_11451_5008_18454.swc!
Soma Detection Cut:
all_nodes 7749/ not 2401
Judge Radius Intensity Cut:
all_nodes 5348/ not 1007
Post Pruned:
Number of tips: 65 in file: /home/yjz/Project/Auto-tracing/data/seu_mouse/crop_data/dendriteImageMaxR_AllData/app2_upsample3_toyset_rotationAug_sorted/18454/18127_11451_5008.swc
There are 2 closing_bifurcation, and 0 multifurcation
There are 2 crossing_likely, and 0 do not need to process!
There are 0 shortly segments!
There are 0 break_tip2 pair crossinglikely, and breakTip2 match 0 crossinglikely !
There are 0 break_tip2_pairs, 0 break_tip2_pairs all connect to soma(lead to ring), and 0 break_tip2_pairs neither connect to soma!
all_nodes 4341/ not 240
Finished!


Number of tips: 319 in file: /home/yjz/Project/Auto-tracing/data/seu_mouse/crop_data/dendriteImageMaxR_AllData/app2_upsample3_toyset_rotationAug_sorted/18454/23972_12312_5893.swc
There are 8 somas in 23972_12312_5893_18454.swc!
Soma Detection Cut:
all_nodes 18048/ not 6614
Judge Radius Intensity Cut:
all_nodes 11434/ not 4443
Post Pruned:
Number of tips: 124 in file: /home/yjz/Project/Auto-tracing/data/seu_mouse/crop_data/dendriteImageMaxR_AllData/app2_upsample3_toyset_rotationAug_sorted/18454/23972_12312_5893.swc
There are 11 closing_bifurcation, and 1 multifurcation
There are 12 crossing_likely, and 5 do not need to process!
There are 1 shortly segments!
There are 0 break_tip2 pair crossinglikely, and breakTip2 match 0 crossinglikely !
There are 0 break_tip2_pairs, 0 break_tip2_pairs all connect to soma(lead to ring), and 0 break_tip2_pairs neither connect to soma!
all_nodes 6991/ not 400
Finished!


Number of tips: 611 in file: /home/yjz/Project/Auto-tracing/data/seu_mouse/crop_data/dendriteImageMaxR_AllData/app2_upsample3_toyset_rotationAug_sorted/18454/10228_10977_5814.swc
There are 12 somas in 10228_10977_5814_18454.swc!
There are massive somas in 10228_10977_5814_18454.swc file!


Number of tips: 182 in file: /home/yjz/Project/Auto-tracing/data/seu_mouse/crop_data/dendriteImageMaxR_AllData/app2_upsample3_toyset_rotationAug_sorted/18454/11862_11854_5544.swc
There are 3 somas in 11862_11854_5544_18454.swc!
Soma Detection Cut:
all_nodes 10719/ not 3048
Judge Radius Intensity Cut:
all_nodes 7671/ not 3283
Post Pruned:
Number of tips: 87 in file: /home/yjz/Project/Auto-tracing/data/seu_mouse/crop_data/dendriteImageMaxR_AllData/app2_upsample3_toyset_rotationAug_sorted/18454/11862_11854_5544.swc
There are 6 closing_bifurcation, and 3 multifurcation
There are 9 crossing_likely, and 5 do not need to process!
There are 0 shortly segments!
There are 0 break_tip2 pair crossinglikely, and breakTip2 match 0 crossinglikely !
There are 0 break_tip2_pairs, 0 break_tip2_pairs all connect to soma(lead to ring), and 0 break_tip2_pairs neither connect to soma!
all_nodes 4388/ not 295
Finished!


Number of tips: 151 in file: /home/yjz/Project/Auto-tracing/data/seu_mouse/crop_data/dendriteImageMaxR_AllData/app2_upsample3_toyset_rotationAug_sorted/18454/21357_12301_5813.swc
There are 6 somas in 21357_12301_5813_18454.swc!
Soma Detection Cut:
all_nodes 12348/ not 4176
Judge Radius Intensity Cut:
all_nodes 8172/ not 1573
Post Pruned:
Number of tips: 88 in file: /home/yjz/Project/Auto-tracing/data/seu_mouse/crop_data/dendriteImageMaxR_AllData/app2_upsample3_toyset_rotationAug_sorted/18454/21357_12301_5813.swc
There are 10 closing_bifurcation, and 0 multifurcation
There are 10 crossing_likely, and 6 do not need to process!
There are 0 shortly segments!
There are 0 break_tip2 pair crossinglikely, and breakTip2 match 0 crossinglikely !
There are 0 break_tip2_pairs, 0 break_tip2_pairs all connect to soma(lead to ring), and 0 break_tip2_pairs neither connect to soma!
all_nodes 6599/ not 573
Finished!


Number of tips: 564 in file: /home/yjz/Project/Auto-tracing/data/seu_mouse/crop_data/dendriteImageMaxR_AllData/app2_upsample3_toyset_rotationAug_sorted/18454/11388_13576_5566.swc
There are 11 somas in 11388_13576_5566_18454.swc!
There are massive somas in 11388_13576_5566_18454.swc file!


Number of tips: 299 in file: /home/yjz/Project/Auto-tracing/data/seu_mouse/crop_data/dendriteImageMaxR_AllData/app2_upsample3_toyset_rotationAug_sorted/18454/25312_9800_5792.swc
There are 10 somas in 25312_9800_5792_18454.swc!
Soma Detection Cut:
all_nodes 17838/ not 10723
Judge Radius Intensity Cut:
all_nodes 7115/ not 2109
Post Pruned:
Number of tips: 94 in file: /home/yjz/Project/Auto-tracing/data/seu_mouse/crop_data/dendriteImageMaxR_AllData/app2_upsample3_toyset_rotationAug_sorted/18454/25312_9800_5792.swc
There are 12 closing_bifurcation, and 1 multifurcation
There are 13 crossing_likely, and 2 do not need to process!
There are 0 shortly segments!
There are 0 break_tip2 pair crossinglikely, and breakTip2 match 0 crossinglikely !
There are 0 break_tip2_pairs, 0 break_tip2_pairs all connect to soma(lead to ring), and 0 break_tip2_pairs neither connect to soma!
all_nodes 5006/ not 1746
Finished!


Number of tips: 362 in file: /home/yjz/Project/Auto-tracing/data/seu_mouse/crop_data/dendriteImageMaxR_AllData/app2_upsample3_toyset_rotationAug_sorted/18454/10720_10089_5903.swc
There are 7 somas in 10720_10089_5903_18454.swc!
Soma Detection Cut:
all_nodes 20135/ not 5379
Judge Radius Intensity Cut:
all_nodes 14756/ not 6257
Post Pruned:
Number of tips: 150 in file: /home/yjz/Project/Auto-tracing/data/seu_mouse/crop_data/dendriteImageMaxR_AllData/app2_upsample3_toyset_rotationAug_sorted/18454/10720_10089_5903.swc
There are 16 closing_bifurcation, and 2 multifurcation
There are 18 crossing_likely, and 6 do not need to process!
There are 1 shortly segments!
There are 0 break_tip2 pair crossinglikely, and breakTip2 match 0 crossinglikely !
There are 0 break_tip2_pairs, 0 break_tip2_pairs all connect to soma(lead to ring), and 0 break_tip2_pairs neither connect to soma!
all_nodes 8499/ not 4250
Finished!


Number of tips: 111 in file: /home/yjz/Project/Auto-tracing/data/seu_mouse/crop_data/dendriteImageMaxR_AllData/app2_upsample3_toyset_rotationAug_sorted/18454/8062_9100_5057.swc
There are 6 somas in 8062_9100_5057_18454.swc!
Soma Detection Cut:
all_nodes 6456/ not 3286
Judge Radius Intensity Cut:
all_nodes 3170/ not 704
Post Pruned:
Number of tips: 39 in file: /home/yjz/Project/Auto-tracing/data/seu_mouse/crop_data/dendriteImageMaxR_AllData/app2_upsample3_toyset_rotationAug_sorted/18454/8062_9100_5057.swc
There are 2 closing_bifurcation, and 0 multifurcation
There are 2 crossing_likely, and 1 do not need to process!
There are 1 shortly segments!
There are 0 break_tip2 pair crossinglikely, and breakTip2 match 0 crossinglikely !
There are 0 break_tip2_pairs, 0 break_tip2_pairs all connect to soma(lead to ring), and 0 break_tip2_pairs neither connect to soma!
all_nodes 2466/ not 340
Finished!


Number of tips: 406 in file: /home/yjz/Project/Auto-tracing/data/seu_mouse/crop_data/dendriteImageMaxR_AllData/app2_upsample3_toyset_rotationAug_sorted/18454/24057_10639_5802.swc
There are 8 somas in 24057_10639_5802_18454.swc!
Soma Detection Cut:
all_nodes 23098/ not 11356
Judge Radius Intensity Cut:
all_nodes 11742/ not 5818
Post Pruned:
Number of tips: 120 in file: /home/yjz/Project/Auto-tracing/data/seu_mouse/crop_data/dendriteImageMaxR_AllData/app2_upsample3_toyset_rotationAug_sorted/18454/24057_10639_5802.swc
There are 13 closing_bifurcation, and 2 multifurcation
There are 15 crossing_likely, and 1 do not need to process!
There are 0 shortly segments!
There are 0 break_tip2 pair crossinglikely, and breakTip2 match 0 crossinglikely !
There are 0 break_tip2_pairs, 0 break_tip2_pairs all connect to soma(lead to ring), and 0 break_tip2_pairs neither connect to soma!
all_nodes 5924/ not 2244
Finished!


Number of tips: 282 in file: /home/yjz/Project/Auto-tracing/data/seu_mouse/crop_data/dendriteImageMaxR_AllData/app2_upsample3_toyset_rotationAug_sorted/18454/10426_10338_6106.swc
There are 6 somas in 10426_10338_6106_18454.swc!
Soma Detection Cut:
all_nodes 14468/ not 11441
Judge Radius Intensity Cut:
all_nodes 3027/ not 450
Post Pruned:
Number of tips: 42 in file: /home/yjz/Project/Auto-tracing/data/seu_mouse/crop_data/dendriteImageMaxR_AllData/app2_upsample3_toyset_rotationAug_sorted/18454/10426_10338_6106.swc
There are 5 closing_bifurcation, and 1 multifurcation
There are 6 crossing_likely, and 3 do not need to process!
There are 2 shortly segments!
There are 0 break_tip2 pair crossinglikely, and breakTip2 match 0 crossinglikely !
There are 0 break_tip2_pairs, 0 break_tip2_pairs all connect to soma(lead to ring), and 0 break_tip2_pairs neither connect to soma!
all_nodes 2577/ not 520
Finished!


Number of tips: 351 in file: /home/yjz/Project/Auto-tracing/data/seu_mouse/crop_data/dendriteImageMaxR_AllData/app2_upsample3_toyset_rotationAug_sorted/18454/9664_10924_6020.swc
There are 9 somas in 9664_10924_6020_18454.swc!
Soma Detection Cut:
all_nodes 18308/ not 9955
Judge Radius Intensity Cut:
all_nodes 8353/ not 5728
Post Pruned:
Number of tips: 38 in file: /home/yjz/Project/Auto-tracing/data/seu_mouse/crop_data/dendriteImageMaxR_AllData/app2_upsample3_toyset_rotationAug_sorted/18454/9664_10924_6020.swc
There are 3 closing_bifurcation, and 1 multifurcation
There are 4 crossing_likely, and 3 do not need to process!
There are 0 shortly segments!
There are 0 break_tip2 pair crossinglikely, and breakTip2 match 0 crossinglikely !
There are 0 break_tip2_pairs, 0 break_tip2_pairs all connect to soma(lead to ring), and 0 break_tip2_pairs neither connect to soma!
all_nodes 2625/ not 123
Finished!


Number of tips: 90 in file: /home/yjz/Project/Auto-tracing/data/seu_mouse/crop_data/dendriteImageMaxR_AllData/app2_upsample3_toyset_rotationAug_sorted/18454/14528_10688_3118.swc
There are 1 somas in 14528_10688_3118_18454.swc!
Judge Radius Intensity Cut:
all_nodes 4844/ not 1515
Post Pruned:
Number of tips: 82 in file: /home/yjz/Project/Auto-tracing/data/seu_mouse/crop_data/dendriteImageMaxR_AllData/app2_upsample3_toyset_rotationAug_sorted/18454/14528_10688_3118.swc
There are 9 closing_bifurcation, and 0 multifurcation
There are 9 crossing_likely, and 2 do not need to process!
There are 3 shortly segments!
There are 1 break_tip2 pair crossinglikely, and breakTip2 match 1 crossinglikely !
There are 2 break_tip2_pairs, 1 break_tip2_pairs all connect to soma(lead to ring), and 0 break_tip2_pairs neither connect to soma!
all_nodes 3329/ not 273
Finished!


Number of tips: 352 in file: /home/yjz/Project/Auto-tracing/data/seu_mouse/crop_data/dendriteImageMaxR_AllData/app2_upsample3_toyset_rotationAug_sorted/18454/24920_10890_5542.swc
There are 5 somas in 24920_10890_5542_18454.swc!
Soma Detection Cut:
all_nodes 19870/ not 9897
Judge Radius Intensity Cut:
all_nodes 9973/ not 1374
Post Pruned:
Number of tips: 149 in file: /home/yjz/Project/Auto-tracing/data/seu_mouse/crop_data/dendriteImageMaxR_AllData/app2_upsample3_toyset_rotationAug_sorted/18454/24920_10890_5542.swc
There are 21 closing_bifurcation, and 4 multifurcation
There are 25 crossing_likely, and 9 do not need to process!
There are 0 shortly segments!
There are 0 break_tip2 pair crossinglikely, and breakTip2 match 0 crossinglikely !
There are 0 break_tip2_pairs, 0 break_tip2_pairs all connect to soma(lead to ring), and 0 break_tip2_pairs neither connect to soma!
all_nodes 8599/ not 4296
Finished!


Number of tips: 107 in file: /home/yjz/Project/Auto-tracing/data/seu_mouse/crop_data/dendriteImageMaxR_AllData/app2_upsample3_toyset_rotationAug_sorted/18454/23921_11118_6708.swc
There are 2 somas in 23921_11118_6708_18454.swc!
Soma Detection Cut:
all_nodes 8093/ not 3541
Judge Radius Intensity Cut:
all_nodes 4552/ not 353
Post Pruned:
Number of tips: 56 in file: /home/yjz/Project/Auto-tracing/data/seu_mouse/crop_data/dendriteImageMaxR_AllData/app2_upsample3_toyset_rotationAug_sorted/18454/23921_11118_6708.swc
There are 4 closing_bifurcation, and 0 multifurcation
There are 4 crossing_likely, and 2 do not need to process!
There are 0 shortly segments!
There are 0 break_tip2 pair crossinglikely, and breakTip2 match 0 crossinglikely !
There are 0 break_tip2_pairs, 0 break_tip2_pairs all connect to soma(lead to ring), and 0 break_tip2_pairs neither connect to soma!
all_nodes 4199/ not 93
Finished!


Number of tips: 99 in file: /home/yjz/Project/Auto-tracing/data/seu_mouse/crop_data/dendriteImageMaxR_AllData/app2_upsample3_toyset_rotationAug_sorted/18454/16751_10839_5660.swc
There are 1 somas in 16751_10839_5660_18454.swc!
Judge Radius Intensity Cut:
all_nodes 7702/ not 619
Post Pruned:
Number of tips: 98 in file: /home/yjz/Project/Auto-tracing/data/seu_mouse/crop_data/dendriteImageMaxR_AllData/app2_upsample3_toyset_rotationAug_sorted/18454/16751_10839_5660.swc
There are 6 closing_bifurcation, and 1 multifurcation
There are 7 crossing_likely, and 4 do not need to process!
There are 0 shortly segments!
There are 0 break_tip2 pair crossinglikely, and breakTip2 match 0 crossinglikely !
There are 1 break_tip2_pairs, 1 break_tip2_pairs all connect to soma(lead to ring), and 0 break_tip2_pairs neither connect to soma!
all_nodes 7083/ not 341
Finished!


Number of tips: 83 in file: /home/yjz/Project/Auto-tracing/data/seu_mouse/crop_data/dendriteImageMaxR_AllData/app2_upsample3_toyset_rotationAug_sorted/18454/11112_10998_6240.swc
There are 1 somas in 11112_10998_6240_18454.swc!
Judge Radius Intensity Cut:
all_nodes 6343/ not 440
Post Pruned:
Number of tips: 83 in file: /home/yjz/Project/Auto-tracing/data/seu_mouse/crop_data/dendriteImageMaxR_AllData/app2_upsample3_toyset_rotationAug_sorted/18454/11112_10998_6240.swc
There are 8 closing_bifurcation, and 0 multifurcation
There are 8 crossing_likely, and 3 do not need to process!
There are 0 shortly segments!
There are 0 break_tip2 pair crossinglikely, and breakTip2 match 0 crossinglikely !
There are 0 break_tip2_pairs, 0 break_tip2_pairs all connect to soma(lead to ring), and 0 break_tip2_pairs neither connect to soma!
all_nodes 5903/ not 757
Finished!


Number of tips: 870 in file: /home/yjz/Project/Auto-tracing/data/seu_mouse/crop_data/dendriteImageMaxR_AllData/app2_upsample3_toyset_rotationAug_sorted/18454/12566_12681_5612.swc
There are 14 somas in 12566_12681_5612_18454.swc!
There are massive somas in 12566_12681_5612_18454.swc file!


Number of tips: 74 in file: /home/yjz/Project/Auto-tracing/data/seu_mouse/crop_data/dendriteImageMaxR_AllData/app2_upsample3_toyset_rotationAug_sorted/18454/23446_11213_6469.swc
There are 2 somas in 23446_11213_6469_18454.swc!
Soma Detection Cut:
all_nodes 4997/ not 411
Judge Radius Intensity Cut:
all_nodes 4586/ not 566
Post Pruned:
Number of tips: 65 in file: /home/yjz/Project/Auto-tracing/data/seu_mouse/crop_data/dendriteImageMaxR_AllData/app2_upsample3_toyset_rotationAug_sorted/18454/23446_11213_6469.swc
There are 6 closing_bifurcation, and 0 multifurcation
There are 6 crossing_likely, and 1 do not need to process!
There are 0 shortly segments!
There are 0 break_tip2 pair crossinglikely, and breakTip2 match 0 crossinglikely !
There are 0 break_tip2_pairs, 0 break_tip2_pairs all connect to soma(lead to ring), and 0 break_tip2_pairs neither connect to soma!
all_nodes 4020/ not 55
Finished!


Number of tips: 540 in file: /home/yjz/Project/Auto-tracing/data/seu_mouse/crop_data/dendriteImageMaxR_AllData/app2_upsample3_toyset_rotationAug_sorted/18454/10734_11302_5764.swc
There are 11 somas in 10734_11302_5764_18454.swc!
There are massive somas in 10734_11302_5764_18454.swc file!


Number of tips: 598 in file: /home/yjz/Project/Auto-tracing/data/seu_mouse/crop_data/dendriteImageMaxR_AllData/app2_upsample3_toyset_rotationAug_sorted/18454/16445_13234_5321.swc
There are 9 somas in 16445_13234_5321_18454.swc!
Soma Detection Cut:
all_nodes 36786/ not 12642
Judge Radius Intensity Cut:
all_nodes 24144/ not 10129
Post Pruned:
Number of tips: 239 in file: /home/yjz/Project/Auto-tracing/data/seu_mouse/crop_data/dendriteImageMaxR_AllData/app2_upsample3_toyset_rotationAug_sorted/18454/16445_13234_5321.swc
There are 32 closing_bifurcation, and 4 multifurcation
There are 36 crossing_likely, and 2 do not need to process!
There are 0 shortly segments!
There are 0 break_tip2 pair crossinglikely, and breakTip2 match 0 crossinglikely !
There are 0 break_tip2_pairs, 0 break_tip2_pairs all connect to soma(lead to ring), and 0 break_tip2_pairs neither connect to soma!
all_nodes 14015/ not 7709
Finished!


Number of tips: 430 in file: /home/yjz/Project/Auto-tracing/data/seu_mouse/crop_data/dendriteImageMaxR_AllData/app2_upsample3_toyset_rotationAug_sorted/18454/25336_9929_5916.swc
There are 13 somas in 25336_9929_5916_18454.swc!
There are massive somas in 25336_9929_5916_18454.swc file!


Number of tips: 415 in file: /home/yjz/Project/Auto-tracing/data/seu_mouse/crop_data/dendriteImageMaxR_AllData/app2_upsample3_toyset_rotationAug_sorted/18454/10515_11239_5992.swc
There are 6 somas in 10515_11239_5992_18454.swc!
Soma Detection Cut:
all_nodes 21781/ not 7590
Judge Radius Intensity Cut:
all_nodes 14191/ not 5286
Post Pruned:
Number of tips: 178 in file: /home/yjz/Project/Auto-tracing/data/seu_mouse/crop_data/dendriteImageMaxR_AllData/app2_upsample3_toyset_rotationAug_sorted/18454/10515_11239_5992.swc
There are 17 closing_bifurcation, and 2 multifurcation
There are 19 crossing_likely, and 3 do not need to process!
There are 0 shortly segments!
There are 0 break_tip2 pair crossinglikely, and breakTip2 match 0 crossinglikely !
There are 0 break_tip2_pairs, 0 break_tip2_pairs all connect to soma(lead to ring), and 0 break_tip2_pairs neither connect to soma!
all_nodes 8905/ not 4071
Finished!


Number of tips: 713 in file: /home/yjz/Project/Auto-tracing/data/seu_mouse/crop_data/dendriteImageMaxR_AllData/app2_upsample3_toyset_rotationAug_sorted/18454/10394_11066_5742.swc
There are 16 somas in 10394_11066_5742_18454.swc!
There are massive somas in 10394_11066_5742_18454.swc file!


Number of tips: 116 in file: /home/yjz/Project/Auto-tracing/data/seu_mouse/crop_data/dendriteImageMaxR_AllData/app2_upsample3_toyset_rotationAug_sorted/18454/11093_8839_3992.swc
There are 3 somas in 11093_8839_3992_18454.swc!
Soma Detection Cut:
all_nodes 4894/ not 338
Judge Radius Intensity Cut:
all_nodes 4556/ not 1636
Post Pruned:
Number of tips: 94 in file: /home/yjz/Project/Auto-tracing/data/seu_mouse/crop_data/dendriteImageMaxR_AllData/app2_upsample3_toyset_rotationAug_sorted/18454/11093_8839_3992.swc
There are 7 closing_bifurcation, and 2 multifurcation
There are 9 crossing_likely, and 1 do not need to process!
There are 1 shortly segments!
There are 0 break_tip2 pair crossinglikely, and breakTip2 match 0 crossinglikely !
There are 0 break_tip2_pairs, 0 break_tip2_pairs all connect to soma(lead to ring), and 0 break_tip2_pairs neither connect to soma!
all_nodes 2920/ not 950
Finished!


Number of tips: 108 in file: /home/yjz/Project/Auto-tracing/data/seu_mouse/crop_data/dendriteImageMaxR_AllData/app2_upsample3_toyset_rotationAug_sorted/18454/24544_11201_5714.swc
There are 3 somas in 24544_11201_5714_18454.swc!
Soma Detection Cut:
all_nodes 5962/ not 131
Judge Radius Intensity Cut:
all_nodes 5831/ not 437
Post Pruned:
Number of tips: 106 in file: /home/yjz/Project/Auto-tracing/data/seu_mouse/crop_data/dendriteImageMaxR_AllData/app2_upsample3_toyset_rotationAug_sorted/18454/24544_11201_5714.swc
There are 6 closing_bifurcation, and 1 multifurcation
There are 7 crossing_likely, and 1 do not need to process!
There are 0 shortly segments!
There are 0 break_tip2 pair crossinglikely, and breakTip2 match 0 crossinglikely !
There are 0 break_tip2_pairs, 0 break_tip2_pairs all connect to soma(lead to ring), and 0 break_tip2_pairs neither connect to soma!
all_nodes 5394/ not 1139
Finished!


Number of tips: 764 in file: /home/yjz/Project/Auto-tracing/data/seu_mouse/crop_data/dendriteImageMaxR_AllData/app2_upsample3_toyset_rotationAug_sorted/18454/12826_12446_5754.swc
There are 15 somas in 12826_12446_5754_18454.swc!
There are massive somas in 12826_12446_5754_18454.swc file!


Number of tips: 58 in file: /home/yjz/Project/Auto-tracing/data/seu_mouse/crop_data/dendriteImageMaxR_AllData/app2_upsample3_toyset_rotationAug_sorted/18454/23364_10914_5922.swc
There are 1 somas in 23364_10914_5922_18454.swc!
Judge Radius Intensity Cut:
all_nodes 4533/ not 220
Post Pruned:
Number of tips: 58 in file: /home/yjz/Project/Auto-tracing/data/seu_mouse/crop_data/dendriteImageMaxR_AllData/app2_upsample3_toyset_rotationAug_sorted/18454/23364_10914_5922.swc
There are 6 closing_bifurcation, and 2 multifurcation
There are 8 crossing_likely, and 4 do not need to process!
There are 0 shortly segments!
There are 0 break_tip2 pair crossinglikely, and breakTip2 match 0 crossinglikely !
There are 1 break_tip2_pairs, 1 break_tip2_pairs all connect to soma(lead to ring), and 0 break_tip2_pairs neither connect to soma!
all_nodes 4313/ not 506
Finished!


Number of tips: 67 in file: /home/yjz/Project/Auto-tracing/data/seu_mouse/crop_data/dendriteImageMaxR_AllData/app2_upsample3_toyset_rotationAug_sorted/18454/22902_11450_5650.swc
There are 1 somas in 22902_11450_5650_18454.swc!
Judge Radius Intensity Cut:
all_nodes 4630/ not 295
Post Pruned:
Number of tips: 67 in file: /home/yjz/Project/Auto-tracing/data/seu_mouse/crop_data/dendriteImageMaxR_AllData/app2_upsample3_toyset_rotationAug_sorted/18454/22902_11450_5650.swc
There are 5 closing_bifurcation, and 1 multifurcation
There are 6 crossing_likely, and 5 do not need to process!
There are 0 shortly segments!
There are 0 break_tip2 pair crossinglikely, and breakTip2 match 0 crossinglikely !
There are 0 break_tip2_pairs, 0 break_tip2_pairs all connect to soma(lead to ring), and 0 break_tip2_pairs neither connect to soma!
all_nodes 4335/ not 222
Finished!


Number of tips: 49 in file: /home/yjz/Project/Auto-tracing/data/seu_mouse/crop_data/dendriteImageMaxR_AllData/app2_upsample3_toyset_rotationAug_sorted/18454/23480_11302_5498.swc
There are 2 somas in 23480_11302_5498_18454.swc!
Soma Detection Cut:
all_nodes 5048/ not 620
Judge Radius Intensity Cut:
all_nodes 4428/ not 822
Post Pruned:
Number of tips: 44 in file: /home/yjz/Project/Auto-tracing/data/seu_mouse/crop_data/dendriteImageMaxR_AllData/app2_upsample3_toyset_rotationAug_sorted/18454/23480_11302_5498.swc
There are 2 closing_bifurcation, and 1 multifurcation
There are 3 crossing_likely, and 3 do not need to process!
There are 0 shortly segments!
There are 0 break_tip2 pair crossinglikely, and breakTip2 match 0 crossinglikely !
There are 0 break_tip2_pairs, 0 break_tip2_pairs all connect to soma(lead to ring), and 0 break_tip2_pairs neither connect to soma!
all_nodes 3606/ not 374
Finished!


Number of tips: 348 in file: /home/yjz/Project/Auto-tracing/data/seu_mouse/crop_data/dendriteImageMaxR_AllData/app2_upsample3_toyset_rotationAug_sorted/18454/11288_11814_5800.swc
There are 6 somas in 11288_11814_5800_18454.swc!
Soma Detection Cut:
all_nodes 17043/ not 378
Judge Radius Intensity Cut:
all_nodes 16665/ not 3252
Post Pruned:
Number of tips: 308 in file: /home/yjz/Project/Auto-tracing/data/seu_mouse/crop_data/dendriteImageMaxR_AllData/app2_upsample3_toyset_rotationAug_sorted/18454/11288_11814_5800.swc
There are 53 closing_bifurcation, and 10 multifurcation
There are 63 crossing_likely, and 10 do not need to process!
There are 0 shortly segments!
There are 0 break_tip2 pair crossinglikely, and breakTip2 match 0 crossinglikely !
There are 0 break_tip2_pairs, 0 break_tip2_pairs all connect to soma(lead to ring), and 0 break_tip2_pairs neither connect to soma!
all_nodes 13413/ not 8031
Finished!


Number of tips: 142 in file: /home/yjz/Project/Auto-tracing/data/seu_mouse/crop_data/dendriteImageMaxR_AllData/app2_upsample3_toyset_rotationAug_sorted/18454/19267_11112_4986.swc
There are 2 somas in 19267_11112_4986_18454.swc!
Soma Detection Cut:
all_nodes 10564/ not 1937
Judge Radius Intensity Cut:
all_nodes 8627/ not 2888
Post Pruned:
Number of tips: 89 in file: /home/yjz/Project/Auto-tracing/data/seu_mouse/crop_data/dendriteImageMaxR_AllData/app2_upsample3_toyset_rotationAug_sorted/18454/19267_11112_4986.swc
There are 3 closing_bifurcation, and 1 multifurcation
There are 4 crossing_likely, and 0 do not need to process!
There are 0 shortly segments!
There are 0 break_tip2 pair crossinglikely, and breakTip2 match 0 crossinglikely !
There are 0 break_tip2_pairs, 0 break_tip2_pairs all connect to soma(lead to ring), and 0 break_tip2_pairs neither connect to soma!
all_nodes 5739/ not 2369
Finished!


Number of tips: 73 in file: /home/yjz/Project/Auto-tracing/data/seu_mouse/crop_data/dendriteImageMaxR_AllData/app2_upsample3_toyset_rotationAug_sorted/18454/14332_9240_2972.swc
There are 4 somas in 14332_9240_2972_18454.swc!
Soma Detection Cut:
all_nodes 2007/ not 1051
Judge Radius Intensity Cut:
all_nodes 956/ not 0
Post Pruned:
Number of tips: 42 in file: /home/yjz/Project/Auto-tracing/data/seu_mouse/crop_data/dendriteImageMaxR_AllData/app2_upsample3_toyset_rotationAug_sorted/18454/14332_9240_2972.swc
There are 2 closing_bifurcation, and 2 multifurcation
There are 4 crossing_likely, and 2 do not need to process!
There are 3 shortly segments!
There are 0 break_tip2 pair crossinglikely, and breakTip2 match 0 crossinglikely !
There are 0 break_tip2_pairs, 0 break_tip2_pairs all connect to soma(lead to ring), and 0 break_tip2_pairs neither connect to soma!
all_nodes 956/ not 64
Finished!


Number of tips: 90 in file: /home/yjz/Project/Auto-tracing/data/seu_mouse/crop_data/dendriteImageMaxR_AllData/app2_upsample3_toyset_rotationAug_sorted/18454/24005_10889_6365.swc
There are 2 somas in 24005_10889_6365_18454.swc!
Soma Detection Cut:
all_nodes 8074/ not 657
Judge Radius Intensity Cut:
all_nodes 7417/ not 1220
Post Pruned:
Number of tips: 82 in file: /home/yjz/Project/Auto-tracing/data/seu_mouse/crop_data/dendriteImageMaxR_AllData/app2_upsample3_toyset_rotationAug_sorted/18454/24005_10889_6365.swc
There are 4 closing_bifurcation, and 1 multifurcation
There are 5 crossing_likely, and 0 do not need to process!
There are 0 shortly segments!
There are 0 break_tip2 pair crossinglikely, and breakTip2 match 0 crossinglikely !
There are 0 break_tip2_pairs, 0 break_tip2_pairs all connect to soma(lead to ring), and 0 break_tip2_pairs neither connect to soma!
all_nodes 6197/ not 1098
Finished!


Number of tips: 114 in file: /home/yjz/Project/Auto-tracing/data/seu_mouse/crop_data/dendriteImageMaxR_AllData/app2_upsample3_toyset_rotationAug_sorted/18454/14230_12608_5718.swc
There are 1 somas in 14230_12608_5718_18454.swc!
Judge Radius Intensity Cut:
all_nodes 9878/ not 2212
Post Pruned:
Number of tips: 107 in file: /home/yjz/Project/Auto-tracing/data/seu_mouse/crop_data/dendriteImageMaxR_AllData/app2_upsample3_toyset_rotationAug_sorted/18454/14230_12608_5718.swc
There are 3 closing_bifurcation, and 3 multifurcation
There are 6 crossing_likely, and 2 do not need to process!
There are 0 shortly segments!
There are 0 break_tip2 pair crossinglikely, and breakTip2 match 0 crossinglikely !
There are 0 break_tip2_pairs, 0 break_tip2_pairs all connect to soma(lead to ring), and 0 break_tip2_pairs neither connect to soma!
all_nodes 7666/ not 648
Finished!


Number of tips: 782 in file: /home/yjz/Project/Auto-tracing/data/seu_mouse/crop_data/dendriteImageMaxR_AllData/app2_upsample3_toyset_rotationAug_sorted/18454/9901_11132_5728.swc
There are 16 somas in 9901_11132_5728_18454.swc!
There are massive somas in 9901_11132_5728_18454.swc file!


Number of tips: 483 in file: /home/yjz/Project/Auto-tracing/data/seu_mouse/crop_data/dendriteImageMaxR_AllData/app2_upsample3_toyset_rotationAug_sorted/18454/11609_11250_5460.swc
There are 11 somas in 11609_11250_5460_18454.swc!
There are massive somas in 11609_11250_5460_18454.swc file!


Number of tips: 698 in file: /home/yjz/Project/Auto-tracing/data/seu_mouse/crop_data/dendriteImageMaxR_AllData/app2_upsample3_toyset_rotationAug_sorted/18454/25136_10317_5878.swc
There are 17 somas in 25136_10317_5878_18454.swc!
There are massive somas in 25136_10317_5878_18454.swc file!


Number of tips: 468 in file: /home/yjz/Project/Auto-tracing/data/seu_mouse/crop_data/dendriteImageMaxR_AllData/app2_upsample3_toyset_rotationAug_sorted/18454/24790_10524_5646.swc
There are 9 somas in 24790_10524_5646_18454.swc!
Soma Detection Cut:
all_nodes 26763/ not 11145
Judge Radius Intensity Cut:
all_nodes 15618/ not 7207
Post Pruned:
Number of tips: 182 in file: /home/yjz/Project/Auto-tracing/data/seu_mouse/crop_data/dendriteImageMaxR_AllData/app2_upsample3_toyset_rotationAug_sorted/18454/24790_10524_5646.swc
There are 17 closing_bifurcation, and 5 multifurcation
There are 22 crossing_likely, and 1 do not need to process!
There are 2 shortly segments!
There are 0 break_tip2 pair crossinglikely, and breakTip2 match 0 crossinglikely !
There are 0 break_tip2_pairs, 0 break_tip2_pairs all connect to soma(lead to ring), and 0 break_tip2_pairs neither connect to soma!
all_nodes 8411/ not 4516
Finished!


Number of tips: 332 in file: /home/yjz/Project/Auto-tracing/data/seu_mouse/crop_data/dendriteImageMaxR_AllData/app2_upsample3_toyset_rotationAug_sorted/18454/12802_12051_5789.swc
There are 4 somas in 12802_12051_5789_18454.swc!
Soma Detection Cut:
all_nodes 19621/ not 11106
Judge Radius Intensity Cut:
all_nodes 8515/ not 1240
Post Pruned:
Number of tips: 106 in file: /home/yjz/Project/Auto-tracing/data/seu_mouse/crop_data/dendriteImageMaxR_AllData/app2_upsample3_toyset_rotationAug_sorted/18454/12802_12051_5789.swc
There are 3 closing_bifurcation, and 0 multifurcation
There are 3 crossing_likely, and 0 do not need to process!
There are 0 shortly segments!
There are 0 break_tip2 pair crossinglikely, and breakTip2 match 0 crossinglikely !
There are 0 break_tip2_pairs, 0 break_tip2_pairs all connect to soma(lead to ring), and 0 break_tip2_pairs neither connect to soma!
all_nodes 7275/ not 543
Finished!


Number of tips: 182 in file: /home/yjz/Project/Auto-tracing/data/seu_mouse/crop_data/dendriteImageMaxR_AllData/app2_upsample3_toyset_rotationAug_sorted/18454/11730_10804_5578.swc
There are 3 somas in 11730_10804_5578_18454.swc!
Soma Detection Cut:
all_nodes 12304/ not 2665
Judge Radius Intensity Cut:
all_nodes 9639/ not 1005
Post Pruned:
Number of tips: 127 in file: /home/yjz/Project/Auto-tracing/data/seu_mouse/crop_data/dendriteImageMaxR_AllData/app2_upsample3_toyset_rotationAug_sorted/18454/11730_10804_5578.swc
There are 9 closing_bifurcation, and 1 multifurcation
There are 10 crossing_likely, and 4 do not need to process!
There are 0 shortly segments!
There are 0 break_tip2 pair crossinglikely, and breakTip2 match 0 crossinglikely !
There are 0 break_tip2_pairs, 0 break_tip2_pairs all connect to soma(lead to ring), and 0 break_tip2_pairs neither connect to soma!
all_nodes 8634/ not 951
Finished!


Number of tips: 254 in file: /home/yjz/Project/Auto-tracing/data/seu_mouse/crop_data/dendriteImageMaxR_AllData/app2_upsample3_toyset_rotationAug_sorted/18454/23934_10742_6059.swc
There are 3 somas in 23934_10742_6059_18454.swc!
Soma Detection Cut:
all_nodes 15006/ not 8879
Judge Radius Intensity Cut:
all_nodes 6127/ not 552
Post Pruned:
Number of tips: 87 in file: /home/yjz/Project/Auto-tracing/data/seu_mouse/crop_data/dendriteImageMaxR_AllData/app2_upsample3_toyset_rotationAug_sorted/18454/23934_10742_6059.swc
There are 9 closing_bifurcation, and 0 multifurcation
There are 9 crossing_likely, and 2 do not need to process!
There are 0 shortly segments!
There are 0 break_tip2 pair crossinglikely, and breakTip2 match 0 crossinglikely !
There are 0 break_tip2_pairs, 0 break_tip2_pairs all connect to soma(lead to ring), and 0 break_tip2_pairs neither connect to soma!
all_nodes 5575/ not 1365
Finished!


Number of tips: 627 in file: /home/yjz/Project/Auto-tracing/data/seu_mouse/crop_data/dendriteImageMaxR_AllData/app2_upsample3_toyset_rotationAug_sorted/18454/10502_10904_5552.swc
There are 13 somas in 10502_10904_5552_18454.swc!
There are massive somas in 10502_10904_5552_18454.swc file!


Number of tips: 475 in file: /home/yjz/Project/Auto-tracing/data/seu_mouse/crop_data/dendriteImageMaxR_AllData/app2_upsample3_toyset_rotationAug_sorted/18454/10250_11334_5672.swc
There are 11 somas in 10250_11334_5672_18454.swc!
There are massive somas in 10250_11334_5672_18454.swc file!


Number of tips: 445 in file: /home/yjz/Project/Auto-tracing/data/seu_mouse/crop_data/dendriteImageMaxR_AllData/app2_upsample3_toyset_rotationAug_sorted/18454/9491_11442_5840.swc
There are 13 somas in 9491_11442_5840_18454.swc!
There are massive somas in 9491_11442_5840_18454.swc file!


Number of tips: 101 in file: /home/yjz/Project/Auto-tracing/data/seu_mouse/crop_data/dendriteImageMaxR_AllData/app2_upsample3_toyset_rotationAug_sorted/18454/25230_9342_5910.swc
There are 2 somas in 25230_9342_5910_18454.swc!
Soma Detection Cut:
all_nodes 7861/ not 427
Judge Radius Intensity Cut:
all_nodes 7434/ not 1256
Post Pruned:
Number of tips: 98 in file: /home/yjz/Project/Auto-tracing/data/seu_mouse/crop_data/dendriteImageMaxR_AllData/app2_upsample3_toyset_rotationAug_sorted/18454/25230_9342_5910.swc
There are 9 closing_bifurcation, and 0 multifurcation
There are 9 crossing_likely, and 3 do not need to process!
There are 0 shortly segments!
There are 0 break_tip2 pair crossinglikely, and breakTip2 match 0 crossinglikely !
There are 0 break_tip2_pairs, 0 break_tip2_pairs all connect to soma(lead to ring), and 0 break_tip2_pairs neither connect to soma!
all_nodes 6178/ not 1571
Finished!


Number of tips: 512 in file: /home/yjz/Project/Auto-tracing/data/seu_mouse/crop_data/dendriteImageMaxR_AllData/app2_upsample3_toyset_rotationAug_sorted/18454/10728_8146_6062.swc
There are 1 somas in 10728_8146_6062_18454.swc!
Judge Radius Intensity Cut:
all_nodes 33919/ not 30959
Post Pruned:
Number of tips: 42 in file: /home/yjz/Project/Auto-tracing/data/seu_mouse/crop_data/dendriteImageMaxR_AllData/app2_upsample3_toyset_rotationAug_sorted/18454/10728_8146_6062.swc
There are 2 closing_bifurcation, and 1 multifurcation
There are 3 crossing_likely, and 0 do not need to process!
There are 0 shortly segments!
There are 0 break_tip2 pair crossinglikely, and breakTip2 match 0 crossinglikely !
There are 0 break_tip2_pairs, 0 break_tip2_pairs all connect to soma(lead to ring), and 0 break_tip2_pairs neither connect to soma!
all_nodes 2960/ not 595
Finished!


Number of tips: 500 in file: /home/yjz/Project/Auto-tracing/data/seu_mouse/crop_data/dendriteImageMaxR_AllData/app2_upsample3_toyset_rotationAug_sorted/18454/24206_10364_6152.swc
There are 9 somas in 24206_10364_6152_18454.swc!
Soma Detection Cut:
all_nodes 28774/ not 17706
Judge Radius Intensity Cut:
all_nodes 11068/ not 2928
Post Pruned:
Number of tips: 137 in file: /home/yjz/Project/Auto-tracing/data/seu_mouse/crop_data/dendriteImageMaxR_AllData/app2_upsample3_toyset_rotationAug_sorted/18454/24206_10364_6152.swc
There are 13 closing_bifurcation, and 1 multifurcation
There are 14 crossing_likely, and 3 do not need to process!
There are 0 shortly segments!
There are 0 break_tip2 pair crossinglikely, and breakTip2 match 0 crossinglikely !
There are 0 break_tip2_pairs, 0 break_tip2_pairs all connect to soma(lead to ring), and 0 break_tip2_pairs neither connect to soma!
all_nodes 8140/ not 1311
Finished!


Number of tips: 244 in file: /home/yjz/Project/Auto-tracing/data/seu_mouse/crop_data/dendriteImageMaxR_AllData/app2_upsample3_toyset_rotationAug_sorted/18454/22192_12777_5824.swc
There are 9 somas in 22192_12777_5824_18454.swc!
Soma Detection Cut:
all_nodes 12766/ not 9952
Judge Radius Intensity Cut:
all_nodes 2814/ not 90
Post Pruned:
Number of tips: 47 in file: /home/yjz/Project/Auto-tracing/data/seu_mouse/crop_data/dendriteImageMaxR_AllData/app2_upsample3_toyset_rotationAug_sorted/18454/22192_12777_5824.swc
There are 7 closing_bifurcation, and 1 multifurcation
There are 8 crossing_likely, and 4 do not need to process!
There are 0 shortly segments!
There are 0 break_tip2 pair crossinglikely, and breakTip2 match 0 crossinglikely !
There are 0 break_tip2_pairs, 0 break_tip2_pairs all connect to soma(lead to ring), and 0 break_tip2_pairs neither connect to soma!
all_nodes 2724/ not 524
Finished!


Number of tips: 224 in file: /home/yjz/Project/Auto-tracing/data/seu_mouse/crop_data/dendriteImageMaxR_AllData/app2_upsample3_toyset_rotationAug_sorted/18454/18646_11250_5080.swc
There are 3 somas in 18646_11250_5080_18454.swc!
Soma Detection Cut:
all_nodes 16054/ not 4362
Judge Radius Intensity Cut:
all_nodes 11692/ not 4526
Post Pruned:
Number of tips: 118 in file: /home/yjz/Project/Auto-tracing/data/seu_mouse/crop_data/dendriteImageMaxR_AllData/app2_upsample3_toyset_rotationAug_sorted/18454/18646_11250_5080.swc
There are 8 closing_bifurcation, and 1 multifurcation
There are 9 crossing_likely, and 4 do not need to process!
There are 0 shortly segments!
There are 0 break_tip2 pair crossinglikely, and breakTip2 match 0 crossinglikely !
There are 0 break_tip2_pairs, 0 break_tip2_pairs all connect to soma(lead to ring), and 0 break_tip2_pairs neither connect to soma!
all_nodes 7166/ not 622
Finished!


Number of tips: 359 in file: /home/yjz/Project/Auto-tracing/data/seu_mouse/crop_data/dendriteImageMaxR_AllData/app2_upsample3_toyset_rotationAug_sorted/18454/19391_12344_5280.swc
There are 7 somas in 19391_12344_5280_18454.swc!
Soma Detection Cut:
all_nodes 17642/ not 5964
Judge Radius Intensity Cut:
all_nodes 11678/ not 1219
Post Pruned:
Number of tips: 260 in file: /home/yjz/Project/Auto-tracing/data/seu_mouse/crop_data/dendriteImageMaxR_AllData/app2_upsample3_toyset_rotationAug_sorted/18454/19391_12344_5280.swc
There are 48 closing_bifurcation, and 4 multifurcation
There are 52 crossing_likely, and 7 do not need to process!
There are 2 shortly segments!
There are 0 break_tip2 pair crossinglikely, and breakTip2 match 0 crossinglikely !
There are 0 break_tip2_pairs, 0 break_tip2_pairs all connect to soma(lead to ring), and 0 break_tip2_pairs neither connect to soma!
all_nodes 10459/ not 2539
Finished!


Number of tips: 771 in file: /home/yjz/Project/Auto-tracing/data/seu_mouse/crop_data/dendriteImageMaxR_AllData/app2_upsample3_toyset_rotationAug_sorted/18454/24721_10204_6011.swc
There are 18 somas in 24721_10204_6011_18454.swc!
There are massive somas in 24721_10204_6011_18454.swc file!


Number of tips: 92 in file: /home/yjz/Project/Auto-tracing/data/seu_mouse/crop_data/dendriteImageMaxR_AllData/app2_upsample3_toyset_rotationAug_sorted/18454/11912_9648_3246.swc
There are 1 somas in 11912_9648_3246_18454.swc!
Judge Radius Intensity Cut:
all_nodes 8389/ not 3436
Post Pruned:
Number of tips: 75 in file: /home/yjz/Project/Auto-tracing/data/seu_mouse/crop_data/dendriteImageMaxR_AllData/app2_upsample3_toyset_rotationAug_sorted/18454/11912_9648_3246.swc
There are 6 closing_bifurcation, and 1 multifurcation
There are 7 crossing_likely, and 0 do not need to process!
There are 0 shortly segments!
There are 2 break_tip2 pair crossinglikely, and breakTip2 match 3 crossinglikely !
There are 2 break_tip2_pairs, 0 break_tip2_pairs all connect to soma(lead to ring), and 2 break_tip2_pairs neither connect to soma!
all_nodes 4953/ not 2090
Finished!


Number of tips: 395 in file: /home/yjz/Project/Auto-tracing/data/seu_mouse/crop_data/dendriteImageMaxR_AllData/app2_upsample3_toyset_rotationAug_sorted/18454/8213_10031_4053.swc
There are 13 somas in 8213_10031_4053_18454.swc!
There are massive somas in 8213_10031_4053_18454.swc file!


Number of tips: 703 in file: /home/yjz/Project/Auto-tracing/data/seu_mouse/crop_data/dendriteImageMaxR_AllData/app2_upsample3_toyset_rotationAug_sorted/18454/27337_9552_4018.swc
There are 21 somas in 27337_9552_4018_18454.swc!
There are massive somas in 27337_9552_4018_18454.swc file!


Number of tips: 344 in file: /home/yjz/Project/Auto-tracing/data/seu_mouse/crop_data/dendriteImageMaxR_AllData/app2_upsample3_toyset_rotationAug_sorted/18454/19325_12316_5169.swc
There are 6 somas in 19325_12316_5169_18454.swc!
Soma Detection Cut:
all_nodes 17150/ not 10997
Judge Radius Intensity Cut:
all_nodes 6153/ not 485
Post Pruned:
Number of tips: 101 in file: /home/yjz/Project/Auto-tracing/data/seu_mouse/crop_data/dendriteImageMaxR_AllData/app2_upsample3_toyset_rotationAug_sorted/18454/19325_12316_5169.swc
There are 13 closing_bifurcation, and 0 multifurcation
There are 13 crossing_likely, and 2 do not need to process!
There are 0 shortly segments!
There are 0 break_tip2 pair crossinglikely, and breakTip2 match 0 crossinglikely !
There are 0 break_tip2_pairs, 0 break_tip2_pairs all connect to soma(lead to ring), and 0 break_tip2_pairs neither connect to soma!
all_nodes 5668/ not 1202
Finished!


Number of tips: 101 in file: /home/yjz/Project/Auto-tracing/data/seu_mouse/crop_data/dendriteImageMaxR_AllData/app2_upsample3_toyset_rotationAug_sorted/18454/11714_12398_5682.swc
There are 4 somas in 11714_12398_5682_18454.swc!
Soma Detection Cut:
all_nodes 7629/ not 1548
Judge Radius Intensity Cut:
all_nodes 6081/ not 897
Post Pruned:
Number of tips: 78 in file: /home/yjz/Project/Auto-tracing/data/seu_mouse/crop_data/dendriteImageMaxR_AllData/app2_upsample3_toyset_rotationAug_sorted/18454/11714_12398_5682.swc
There are 10 closing_bifurcation, and 0 multifurcation
There are 10 crossing_likely, and 4 do not need to process!
There are 0 shortly segments!
There are 0 break_tip2 pair crossinglikely, and breakTip2 match 0 crossinglikely !
There are 0 break_tip2_pairs, 0 break_tip2_pairs all connect to soma(lead to ring), and 0 break_tip2_pairs neither connect to soma!
all_nodes 5184/ not 844
Finished!


Number of tips: 238 in file: /home/yjz/Project/Auto-tracing/data/seu_mouse/crop_data/dendriteImageMaxR_AllData/app2_upsample3_toyset_rotationAug_sorted/18454/12510_12045_5374.swc
There are 3 somas in 12510_12045_5374_18454.swc!
Soma Detection Cut:
all_nodes 17647/ not 5756
Judge Radius Intensity Cut:
all_nodes 11891/ not 6844
Post Pruned:
Number of tips: 62 in file: /home/yjz/Project/Auto-tracing/data/seu_mouse/crop_data/dendriteImageMaxR_AllData/app2_upsample3_toyset_rotationAug_sorted/18454/12510_12045_5374.swc
There are 5 closing_bifurcation, and 0 multifurcation
There are 5 crossing_likely, and 3 do not need to process!
There are 0 shortly segments!
There are 0 break_tip2 pair crossinglikely, and breakTip2 match 0 crossinglikely !
There are 0 break_tip2_pairs, 0 break_tip2_pairs all connect to soma(lead to ring), and 0 break_tip2_pairs neither connect to soma!
all_nodes 5047/ not 132
Finished!


Number of tips: 127 in file: /home/yjz/Project/Auto-tracing/data/seu_mouse/crop_data/dendriteImageMaxR_AllData/app2_upsample3_toyset_rotationAug_sorted/18454/17209_12747_5315.swc
There are 2 somas in 17209_12747_5315_18454.swc!
Soma Detection Cut:
all_nodes 6675/ not 1866
Judge Radius Intensity Cut:
all_nodes 4809/ not 225
Post Pruned:
Number of tips: 94 in file: /home/yjz/Project/Auto-tracing/data/seu_mouse/crop_data/dendriteImageMaxR_AllData/app2_upsample3_toyset_rotationAug_sorted/18454/17209_12747_5315.swc
There are 4 closing_bifurcation, and 2 multifurcation
There are 6 crossing_likely, and 1 do not need to process!
There are 0 shortly segments!
There are 0 break_tip2 pair crossinglikely, and breakTip2 match 0 crossinglikely !
There are 0 break_tip2_pairs, 0 break_tip2_pairs all connect to soma(lead to ring), and 0 break_tip2_pairs neither connect to soma!
all_nodes 4584/ not 61
Finished!


Number of tips: 153 in file: /home/yjz/Project/Auto-tracing/data/seu_mouse/crop_data/dendriteImageMaxR_AllData/app2_upsample3_toyset_rotationAug_sorted/18454/12472_12838_5881.swc
There are 2 somas in 12472_12838_5881_18454.swc!
Soma Detection Cut:
all_nodes 10039/ not 3986
Judge Radius Intensity Cut:
all_nodes 6053/ not 839
Post Pruned:
Number of tips: 73 in file: /home/yjz/Project/Auto-tracing/data/seu_mouse/crop_data/dendriteImageMaxR_AllData/app2_upsample3_toyset_rotationAug_sorted/18454/12472_12838_5881.swc
There are 1 closing_bifurcation, and 0 multifurcation
There are 1 crossing_likely, and 1 do not need to process!
There are 0 shortly segments!
There are 0 break_tip2 pair crossinglikely, and breakTip2 match 0 crossinglikely !
There are 0 break_tip2_pairs, 0 break_tip2_pairs all connect to soma(lead to ring), and 0 break_tip2_pairs neither connect to soma!
all_nodes 5214/ not 261
Finished!


Number of tips: 44 in file: /home/yjz/Project/Auto-tracing/data/seu_mouse/crop_data/dendriteImageMaxR_AllData/app2_upsample3_toyset_rotationAug_sorted/18454/24252_10175_6666.swc
There are 1 somas in 24252_10175_6666_18454.swc!
Judge Radius Intensity Cut:
all_nodes 3216/ not 462
Post Pruned:
Number of tips: 40 in file: /home/yjz/Project/Auto-tracing/data/seu_mouse/crop_data/dendriteImageMaxR_AllData/app2_upsample3_toyset_rotationAug_sorted/18454/24252_10175_6666.swc
There are 1 closing_bifurcation, and 0 multifurcation
There are 1 crossing_likely, and 1 do not need to process!
There are 0 shortly segments!
There are 0 break_tip2 pair crossinglikely, and breakTip2 match 0 crossinglikely !
There are 0 break_tip2_pairs, 0 break_tip2_pairs all connect to soma(lead to ring), and 0 break_tip2_pairs neither connect to soma!
all_nodes 2754/ not 166
Finished!


Number of tips: 599 in file: /home/yjz/Project/Auto-tracing/data/seu_mouse/crop_data/dendriteImageMaxR_AllData/app2_upsample3_toyset_rotationAug_sorted/18454/24124_9822_5816.swc
There are 12 somas in 24124_9822_5816_18454.swc!
There are massive somas in 24124_9822_5816_18454.swc file!


Number of tips: 468 in file: /home/yjz/Project/Auto-tracing/data/seu_mouse/crop_data/dendriteImageMaxR_AllData/app2_upsample3_toyset_rotationAug_sorted/18454/25190_9892_6172.swc
There are 9 somas in 25190_9892_6172_18454.swc!
Soma Detection Cut:
all_nodes 23890/ not 16512
Judge Radius Intensity Cut:
all_nodes 7378/ not 4127
Post Pruned:
Number of tips: 72 in file: /home/yjz/Project/Auto-tracing/data/seu_mouse/crop_data/dendriteImageMaxR_AllData/app2_upsample3_toyset_rotationAug_sorted/18454/25190_9892_6172.swc
There are 8 closing_bifurcation, and 0 multifurcation
There are 8 crossing_likely, and 1 do not need to process!
There are 0 shortly segments!
There are 0 break_tip2 pair crossinglikely, and breakTip2 match 0 crossinglikely !
There are 0 break_tip2_pairs, 0 break_tip2_pairs all connect to soma(lead to ring), and 0 break_tip2_pairs neither connect to soma!
all_nodes 3251/ not 49
Finished!


Number of tips: 243 in file: /home/yjz/Project/Auto-tracing/data/seu_mouse/crop_data/dendriteImageMaxR_AllData/app2_upsample3_toyset_rotationAug_sorted/18454/10592_11454_6012.swc
There are 3 somas in 10592_11454_6012_18454.swc!
Soma Detection Cut:
all_nodes 13381/ not 3301
Judge Radius Intensity Cut:
all_nodes 10080/ not 1083
Post Pruned:
Number of tips: 189 in file: /home/yjz/Project/Auto-tracing/data/seu_mouse/crop_data/dendriteImageMaxR_AllData/app2_upsample3_toyset_rotationAug_sorted/18454/10592_11454_6012.swc
There are 17 closing_bifurcation, and 3 multifurcation
There are 20 crossing_likely, and 5 do not need to process!
There are 0 shortly segments!
There are 0 break_tip2 pair crossinglikely, and breakTip2 match 0 crossinglikely !
There are 0 break_tip2_pairs, 0 break_tip2_pairs all connect to soma(lead to ring), and 0 break_tip2_pairs neither connect to soma!
all_nodes 8997/ not 3458
Finished!


Number of tips: 226 in file: /home/yjz/Project/Auto-tracing/data/seu_mouse/crop_data/dendriteImageMaxR_AllData/app2_upsample3_toyset_rotationAug_sorted/18454/22552_12083_5630.swc
There are 6 somas in 22552_12083_5630_18454.swc!
Soma Detection Cut:
all_nodes 15631/ not 9443
Judge Radius Intensity Cut:
all_nodes 6188/ not 1740
Post Pruned:
Number of tips: 69 in file: /home/yjz/Project/Auto-tracing/data/seu_mouse/crop_data/dendriteImageMaxR_AllData/app2_upsample3_toyset_rotationAug_sorted/18454/22552_12083_5630.swc
There are 4 closing_bifurcation, and 0 multifurcation
There are 4 crossing_likely, and 2 do not need to process!
There are 0 shortly segments!
There are 0 break_tip2 pair crossinglikely, and breakTip2 match 0 crossinglikely !
There are 0 break_tip2_pairs, 0 break_tip2_pairs all connect to soma(lead to ring), and 0 break_tip2_pairs neither connect to soma!
all_nodes 4448/ not 217
Finished!


Number of tips: 302 in file: /home/yjz/Project/Auto-tracing/data/seu_mouse/crop_data/dendriteImageMaxR_AllData/app2_upsample3_toyset_rotationAug_sorted/18454/10362_12462_5566.swc
There are 11 somas in 10362_12462_5566_18454.swc!
There are massive somas in 10362_12462_5566_18454.swc file!


Number of tips: 784 in file: /home/yjz/Project/Auto-tracing/data/seu_mouse/crop_data/dendriteImageMaxR_AllData/app2_upsample3_toyset_rotationAug_sorted/18454/10897_11384_5511.swc
There are 17 somas in 10897_11384_5511_18454.swc!
There are massive somas in 10897_11384_5511_18454.swc file!


Number of tips: 583 in file: /home/yjz/Project/Auto-tracing/data/seu_mouse/crop_data/dendriteImageMaxR_AllData/app2_upsample3_toyset_rotationAug_sorted/18454/16750_13015_5126.swc
There are 9 somas in 16750_13015_5126_18454.swc!
Soma Detection Cut:
all_nodes 33379/ not 15099
Judge Radius Intensity Cut:
all_nodes 18280/ not 7767
Post Pruned:
Number of tips: 222 in file: /home/yjz/Project/Auto-tracing/data/seu_mouse/crop_data/dendriteImageMaxR_AllData/app2_upsample3_toyset_rotationAug_sorted/18454/16750_13015_5126.swc
There are 22 closing_bifurcation, and 3 multifurcation
There are 25 crossing_likely, and 1 do not need to process!
There are 1 shortly segments!
There are 0 break_tip2 pair crossinglikely, and breakTip2 match 0 crossinglikely !
There are 0 break_tip2_pairs, 0 break_tip2_pairs all connect to soma(lead to ring), and 0 break_tip2_pairs neither connect to soma!
all_nodes 10513/ not 2580
Finished!


Number of tips: 324 in file: /home/yjz/Project/Auto-tracing/data/seu_mouse/crop_data/dendriteImageMaxR_AllData/app2_upsample3_toyset_rotationAug_sorted/18454/24334_12914_5520.swc
There are 6 somas in 24334_12914_5520_18454.swc!
Soma Detection Cut:
all_nodes 19480/ not 11803
Judge Radius Intensity Cut:
all_nodes 7677/ not 2186
Post Pruned:
Number of tips: 96 in file: /home/yjz/Project/Auto-tracing/data/seu_mouse/crop_data/dendriteImageMaxR_AllData/app2_upsample3_toyset_rotationAug_sorted/18454/24334_12914_5520.swc
There are 8 closing_bifurcation, and 1 multifurcation
There are 9 crossing_likely, and 3 do not need to process!
There are 0 shortly segments!
There are 0 break_tip2 pair crossinglikely, and breakTip2 match 0 crossinglikely !
There are 0 break_tip2_pairs, 0 break_tip2_pairs all connect to soma(lead to ring), and 0 break_tip2_pairs neither connect to soma!
all_nodes 5491/ not 496
Finished!


Number of tips: 578 in file: /home/yjz/Project/Auto-tracing/data/seu_mouse/crop_data/dendriteImageMaxR_AllData/app2_upsample3_toyset_rotationAug_sorted/18454/11386_11515_5495.swc
There are 12 somas in 11386_11515_5495_18454.swc!
There are massive somas in 11386_11515_5495_18454.swc file!


Number of tips: 85 in file: /home/yjz/Project/Auto-tracing/data/seu_mouse/crop_data/dendriteImageMaxR_AllData/app2_upsample3_toyset_rotationAug_sorted/18454/24348_11888_5510.swc
There are 2 somas in 24348_11888_5510_18454.swc!
Soma Detection Cut:
all_nodes 7277/ not 792
Judge Radius Intensity Cut:
all_nodes 6485/ not 1415
Post Pruned:
Number of tips: 66 in file: /home/yjz/Project/Auto-tracing/data/seu_mouse/crop_data/dendriteImageMaxR_AllData/app2_upsample3_toyset_rotationAug_sorted/18454/24348_11888_5510.swc
There are 7 closing_bifurcation, and 0 multifurcation
There are 7 crossing_likely, and 3 do not need to process!
There are 0 shortly segments!
There are 0 break_tip2 pair crossinglikely, and breakTip2 match 0 crossinglikely !
There are 0 break_tip2_pairs, 0 break_tip2_pairs all connect to soma(lead to ring), and 0 break_tip2_pairs neither connect to soma!
all_nodes 5070/ not 947
Finished!


Number of tips: 320 in file: /home/yjz/Project/Auto-tracing/data/seu_mouse/crop_data/dendriteImageMaxR_AllData/app2_upsample3_toyset_rotationAug_sorted/18454/9802_10620_5772.swc
There are 8 somas in 9802_10620_5772_18454.swc!
Soma Detection Cut:
all_nodes 17974/ not 8014
Judge Radius Intensity Cut:
all_nodes 9960/ not 7526
Post Pruned:
Number of tips: 35 in file: /home/yjz/Project/Auto-tracing/data/seu_mouse/crop_data/dendriteImageMaxR_AllData/app2_upsample3_toyset_rotationAug_sorted/18454/9802_10620_5772.swc
There are 1 closing_bifurcation, and 0 multifurcation
There are 1 crossing_likely, and 0 do not need to process!
There are 0 shortly segments!
There are 0 break_tip2 pair crossinglikely, and breakTip2 match 0 crossinglikely !
There are 0 break_tip2_pairs, 0 break_tip2_pairs all connect to soma(lead to ring), and 0 break_tip2_pairs neither connect to soma!
all_nodes 2434/ not 96
Finished!


Number of tips: 246 in file: /home/yjz/Project/Auto-tracing/data/seu_mouse/crop_data/dendriteImageMaxR_AllData/app2_upsample3_toyset_rotationAug_sorted/18454/12240_11815_5499.swc
There are 5 somas in 12240_11815_5499_18454.swc!
Soma Detection Cut:
all_nodes 16625/ not 3355
Judge Radius Intensity Cut:
all_nodes 13270/ not 7749
Post Pruned:
Number of tips: 94 in file: /home/yjz/Project/Auto-tracing/data/seu_mouse/crop_data/dendriteImageMaxR_AllData/app2_upsample3_toyset_rotationAug_sorted/18454/12240_11815_5499.swc
There are 11 closing_bifurcation, and 1 multifurcation
There are 12 crossing_likely, and 2 do not need to process!
There are 1 shortly segments!
There are 0 break_tip2 pair crossinglikely, and breakTip2 match 0 crossinglikely !
There are 0 break_tip2_pairs, 0 break_tip2_pairs all connect to soma(lead to ring), and 0 break_tip2_pairs neither connect to soma!
all_nodes 5521/ not 416
Finished!


Number of tips: 493 in file: /home/yjz/Project/Auto-tracing/data/seu_mouse/crop_data/dendriteImageMaxR_AllData/app2_upsample3_toyset_rotationAug_sorted/18454/23883_11841_5837.swc
There are 11 somas in 23883_11841_5837_18454.swc!
There are massive somas in 23883_11841_5837_18454.swc file!


Number of tips: 559 in file: /home/yjz/Project/Auto-tracing/data/seu_mouse/crop_data/dendriteImageMaxR_AllData/app2_upsample3_toyset_rotationAug_sorted/18454/24710_10420_5825.swc
There are 12 somas in 24710_10420_5825_18454.swc!
There are massive somas in 24710_10420_5825_18454.swc file!


Number of tips: 360 in file: /home/yjz/Project/Auto-tracing/data/seu_mouse/crop_data/dendriteImageMaxR_AllData/app2_upsample3_toyset_rotationAug_sorted/18454/11579_11717_5754.swc
There are 5 somas in 11579_11717_5754_18454.swc!
Soma Detection Cut:
all_nodes 16651/ not 416
Judge Radius Intensity Cut:
all_nodes 16235/ not 2614
Post Pruned:
Number of tips: 324 in file: /home/yjz/Project/Auto-tracing/data/seu_mouse/crop_data/dendriteImageMaxR_AllData/app2_upsample3_toyset_rotationAug_sorted/18454/11579_11717_5754.swc
There are 56 closing_bifurcation, and 5 multifurcation
There are 61 crossing_likely, and 3 do not need to process!
There are 1 shortly segments!
There are 0 break_tip2 pair crossinglikely, and breakTip2 match 0 crossinglikely !
There are 0 break_tip2_pairs, 0 break_tip2_pairs all connect to soma(lead to ring), and 0 break_tip2_pairs neither connect to soma!
all_nodes 13621/ not 9619
Finished!


Number of tips: 199 in file: /home/yjz/Project/Auto-tracing/data/seu_mouse/crop_data/dendriteImageMaxR_AllData/app2_upsample3_toyset_rotationAug_sorted/18454/22270_11484_5876.swc
There are 3 somas in 22270_11484_5876_18454.swc!
Soma Detection Cut:
all_nodes 13728/ not 6059
Judge Radius Intensity Cut:
all_nodes 7669/ not 795
Post Pruned:
Number of tips: 95 in file: /home/yjz/Project/Auto-tracing/data/seu_mouse/crop_data/dendriteImageMaxR_AllData/app2_upsample3_toyset_rotationAug_sorted/18454/22270_11484_5876.swc
There are 6 closing_bifurcation, and 1 multifurcation
There are 7 crossing_likely, and 1 do not need to process!
There are 0 shortly segments!
There are 0 break_tip2 pair crossinglikely, and breakTip2 match 0 crossinglikely !
There are 0 break_tip2_pairs, 0 break_tip2_pairs all connect to soma(lead to ring), and 0 break_tip2_pairs neither connect to soma!
all_nodes 6874/ not 1038
Finished!


Number of tips: 596 in file: /home/yjz/Project/Auto-tracing/data/seu_mouse/crop_data/dendriteImageMaxR_AllData/app2_upsample3_toyset_rotationAug_sorted/18454/10285_9744_6393.swc
There are 1 somas in 10285_9744_6393_18454.swc!
Judge Radius Intensity Cut:
all_nodes 51774/ not 37789
Post Pruned:
Number of tips: 225 in file: /home/yjz/Project/Auto-tracing/data/seu_mouse/crop_data/dendriteImageMaxR_AllData/app2_upsample3_toyset_rotationAug_sorted/18454/10285_9744_6393.swc
There are 12 closing_bifurcation, and 1 multifurcation
There are 13 crossing_likely, and 1 do not need to process!
There are 0 shortly segments!
There are 1 break_tip2 pair crossinglikely, and breakTip2 match 1 crossinglikely !
There are 1 break_tip2_pairs, 1 break_tip2_pairs all connect to soma(lead to ring), and 0 break_tip2_pairs neither connect to soma!
all_nodes 13985/ not 4176
Finished!


Number of tips: 489 in file: /home/yjz/Project/Auto-tracing/data/seu_mouse/crop_data/dendriteImageMaxR_AllData/app2_upsample3_toyset_rotationAug_sorted/18454/10914_10918_5724.swc
There are 11 somas in 10914_10918_5724_18454.swc!
There are massive somas in 10914_10918_5724_18454.swc file!


Number of tips: 634 in file: /home/yjz/Project/Auto-tracing/data/seu_mouse/crop_data/dendriteImageMaxR_AllData/app2_upsample3_toyset_rotationAug_sorted/18454/24676_9988_6280.swc
There are 11 somas in 24676_9988_6280_18454.swc!
There are massive somas in 24676_9988_6280_18454.swc file!


Number of tips: 348 in file: /home/yjz/Project/Auto-tracing/data/seu_mouse/crop_data/dendriteImageMaxR_AllData/app2_upsample3_toyset_rotationAug_sorted/18454/24730_10906_5564.swc
There are 7 somas in 24730_10906_5564_18454.swc!
Soma Detection Cut:
all_nodes 19676/ not 10062
Judge Radius Intensity Cut:
all_nodes 9614/ not 1353
Post Pruned:
Number of tips: 141 in file: /home/yjz/Project/Auto-tracing/data/seu_mouse/crop_data/dendriteImageMaxR_AllData/app2_upsample3_toyset_rotationAug_sorted/18454/24730_10906_5564.swc
There are 20 closing_bifurcation, and 5 multifurcation
There are 25 crossing_likely, and 6 do not need to process!
There are 0 shortly segments!
There are 0 break_tip2 pair crossinglikely, and breakTip2 match 0 crossinglikely !
There are 0 break_tip2_pairs, 0 break_tip2_pairs all connect to soma(lead to ring), and 0 break_tip2_pairs neither connect to soma!
all_nodes 8261/ not 4263
Finished!


Number of tips: 70 in file: /home/yjz/Project/Auto-tracing/data/seu_mouse/crop_data/dendriteImageMaxR_AllData/app2_upsample3_toyset_rotationAug_sorted/18454/10618_9454_5688.swc
There are 1 somas in 10618_9454_5688_18454.swc!
Judge Radius Intensity Cut:
all_nodes 6844/ not 1255
Post Pruned:
Number of tips: 70 in file: /home/yjz/Project/Auto-tracing/data/seu_mouse/crop_data/dendriteImageMaxR_AllData/app2_upsample3_toyset_rotationAug_sorted/18454/10618_9454_5688.swc
There are 4 closing_bifurcation, and 0 multifurcation
There are 4 crossing_likely, and 1 do not need to process!
There are 0 shortly segments!
There are 0 break_tip2 pair crossinglikely, and breakTip2 match 0 crossinglikely !
There are 0 break_tip2_pairs, 0 break_tip2_pairs all connect to soma(lead to ring), and 0 break_tip2_pairs neither connect to soma!
all_nodes 5589/ not 799
Finished!


Number of tips: 239 in file: /home/yjz/Project/Auto-tracing/data/seu_mouse/crop_data/dendriteImageMaxR_AllData/app2_upsample3_toyset_rotationAug_sorted/18454/9898_12414_5466.swc
There are 17 somas in 9898_12414_5466_18454.swc!
There are massive somas in 9898_12414_5466_18454.swc file!


Number of tips: 75 in file: /home/yjz/Project/Auto-tracing/data/seu_mouse/crop_data/dendriteImageMaxR_AllData/app2_upsample3_toyset_rotationAug_sorted/18454/11882_8370_3518.swc
There are 1 somas in 11882_8370_3518_18454.swc!
Judge Radius Intensity Cut:
all_nodes 4014/ not 392
Post Pruned:
Number of tips: 74 in file: /home/yjz/Project/Auto-tracing/data/seu_mouse/crop_data/dendriteImageMaxR_AllData/app2_upsample3_toyset_rotationAug_sorted/18454/11882_8370_3518.swc
There are 5 closing_bifurcation, and 1 multifurcation
There are 6 crossing_likely, and 2 do not need to process!
There are 4 shortly segments!
There are 0 break_tip2 pair crossinglikely, and breakTip2 match 0 crossinglikely !
There are 3 break_tip2_pairs, 3 break_tip2_pairs all connect to soma(lead to ring), and 0 break_tip2_pairs neither connect to soma!
all_nodes 3622/ not 76
Finished!


Number of tips: 432 in file: /home/yjz/Project/Auto-tracing/data/seu_mouse/crop_data/dendriteImageMaxR_AllData/app2_upsample3_toyset_rotationAug_sorted/18454/23458_12099_5602.swc
There are 8 somas in 23458_12099_5602_18454.swc!
Soma Detection Cut:
all_nodes 24090/ not 18101
Judge Radius Intensity Cut:
all_nodes 5989/ not 859
Post Pruned:
Number of tips: 69 in file: /home/yjz/Project/Auto-tracing/data/seu_mouse/crop_data/dendriteImageMaxR_AllData/app2_upsample3_toyset_rotationAug_sorted/18454/23458_12099_5602.swc
There are 2 closing_bifurcation, and 1 multifurcation
There are 3 crossing_likely, and 2 do not need to process!
There are 0 shortly segments!
There are 0 break_tip2 pair crossinglikely, and breakTip2 match 0 crossinglikely !
There are 0 break_tip2_pairs, 0 break_tip2_pairs all connect to soma(lead to ring), and 0 break_tip2_pairs neither connect to soma!
all_nodes 5130/ not 1209
Finished!


Number of tips: 550 in file: /home/yjz/Project/Auto-tracing/data/seu_mouse/crop_data/dendriteImageMaxR_AllData/app2_upsample3_toyset_rotationAug_sorted/18454/16674_13340_5299.swc
There are 6 somas in 16674_13340_5299_18454.swc!
Soma Detection Cut:
all_nodes 33218/ not 13618
Judge Radius Intensity Cut:
all_nodes 19600/ not 5927
Post Pruned:
Number of tips: 231 in file: /home/yjz/Project/Auto-tracing/data/seu_mouse/crop_data/dendriteImageMaxR_AllData/app2_upsample3_toyset_rotationAug_sorted/18454/16674_13340_5299.swc
There are 29 closing_bifurcation, and 5 multifurcation
There are 34 crossing_likely, and 10 do not need to process!
There are 1 shortly segments!
There are 0 break_tip2 pair crossinglikely, and breakTip2 match 0 crossinglikely !
There are 0 break_tip2_pairs, 0 break_tip2_pairs all connect to soma(lead to ring), and 0 break_tip2_pairs neither connect to soma!
all_nodes 13673/ not 4555
Finished!


Number of tips: 555 in file: /home/yjz/Project/Auto-tracing/data/seu_mouse/crop_data/dendriteImageMaxR_AllData/app2_upsample3_toyset_rotationAug_sorted/18454/25468_10272_5842.swc
There are 19 somas in 25468_10272_5842_18454.swc!
There are massive somas in 25468_10272_5842_18454.swc file!


Number of tips: 69 in file: /home/yjz/Project/Auto-tracing/data/seu_mouse/crop_data/dendriteImageMaxR_AllData/app2_upsample3_toyset_rotationAug_sorted/18454/12018_12066_5916.swc
There are 1 somas in 12018_12066_5916_18454.swc!
Judge Radius Intensity Cut:
all_nodes 4772/ not 235
Post Pruned:
Number of tips: 69 in file: /home/yjz/Project/Auto-tracing/data/seu_mouse/crop_data/dendriteImageMaxR_AllData/app2_upsample3_toyset_rotationAug_sorted/18454/12018_12066_5916.swc
There are 5 closing_bifurcation, and 1 multifurcation
There are 6 crossing_likely, and 3 do not need to process!
There are 0 shortly segments!
There are 0 break_tip2 pair crossinglikely, and breakTip2 match 0 crossinglikely !
There are 0 break_tip2_pairs, 0 break_tip2_pairs all connect to soma(lead to ring), and 0 break_tip2_pairs neither connect to soma!
all_nodes 4537/ not 176
Finished!


Number of tips: 86 in file: /home/yjz/Project/Auto-tracing/data/seu_mouse/crop_data/dendriteImageMaxR_AllData/app2_upsample3_toyset_rotationAug_sorted/18454/12545_10570_5612.swc
There are 1 somas in 12545_10570_5612_18454.swc!
Judge Radius Intensity Cut:
all_nodes 6656/ not 1142
Post Pruned:
Number of tips: 85 in file: /home/yjz/Project/Auto-tracing/data/seu_mouse/crop_data/dendriteImageMaxR_AllData/app2_upsample3_toyset_rotationAug_sorted/18454/12545_10570_5612.swc
There are 2 closing_bifurcation, and 0 multifurcation
There are 2 crossing_likely, and 0 do not need to process!
There are 0 shortly segments!
There are 0 break_tip2 pair crossinglikely, and breakTip2 match 0 crossinglikely !
There are 0 break_tip2_pairs, 0 break_tip2_pairs all connect to soma(lead to ring), and 0 break_tip2_pairs neither connect to soma!
all_nodes 5514/ not 1121
Finished!


Number of tips: 116 in file: /home/yjz/Project/Auto-tracing/data/seu_mouse/crop_data/dendriteImageMaxR_AllData/app2_upsample3_toyset_rotationAug_sorted/18454/25495_7556_4584.swc
There are 6 somas in 25495_7556_4584_18454.swc!
Soma Detection Cut:
all_nodes 3551/ not 83
Judge Radius Intensity Cut:
all_nodes 3468/ not 505
Post Pruned:
Number of tips: 112 in file: /home/yjz/Project/Auto-tracing/data/seu_mouse/crop_data/dendriteImageMaxR_AllData/app2_upsample3_toyset_rotationAug_sorted/18454/25495_7556_4584.swc
There are 12 closing_bifurcation, and 0 multifurcation
There are 12 crossing_likely, and 5 do not need to process!
There are 3 shortly segments!
There are 0 break_tip2 pair crossinglikely, and breakTip2 match 0 crossinglikely !
There are 0 break_tip2_pairs, 0 break_tip2_pairs all connect to soma(lead to ring), and 0 break_tip2_pairs neither connect to soma!
all_nodes 2963/ not 532
Finished!


Number of tips: 98 in file: /home/yjz/Project/Auto-tracing/data/seu_mouse/crop_data/dendriteImageMaxR_AllData/app2_upsample3_toyset_rotationAug_sorted/18454/24837_11146_6190.swc
There are 1 somas in 24837_11146_6190_18454.swc!
Judge Radius Intensity Cut:
all_nodes 8831/ not 3026
Post Pruned:
Number of tips: 77 in file: /home/yjz/Project/Auto-tracing/data/seu_mouse/crop_data/dendriteImageMaxR_AllData/app2_upsample3_toyset_rotationAug_sorted/18454/24837_11146_6190.swc
There are 4 closing_bifurcation, and 1 multifurcation
There are 5 crossing_likely, and 2 do not need to process!
There are 0 shortly segments!
There are 0 break_tip2 pair crossinglikely, and breakTip2 match 0 crossinglikely !
There are 0 break_tip2_pairs, 0 break_tip2_pairs all connect to soma(lead to ring), and 0 break_tip2_pairs neither connect to soma!
all_nodes 5805/ not 477
Finished!


Number of tips: 430 in file: /home/yjz/Project/Auto-tracing/data/seu_mouse/crop_data/dendriteImageMaxR_AllData/app2_upsample3_toyset_rotationAug_sorted/18454/23366_11962_5430.swc
There are 7 somas in 23366_11962_5430_18454.swc!
Soma Detection Cut:
all_nodes 23196/ not 12031
Judge Radius Intensity Cut:
all_nodes 11165/ not 4332
Post Pruned:
Number of tips: 166 in file: /home/yjz/Project/Auto-tracing/data/seu_mouse/crop_data/dendriteImageMaxR_AllData/app2_upsample3_toyset_rotationAug_sorted/18454/23366_11962_5430.swc
There are 22 closing_bifurcation, and 4 multifurcation
There are 26 crossing_likely, and 3 do not need to process!
There are 0 shortly segments!
There are 0 break_tip2 pair crossinglikely, and breakTip2 match 0 crossinglikely !
There are 0 break_tip2_pairs, 0 break_tip2_pairs all connect to soma(lead to ring), and 0 break_tip2_pairs neither connect to soma!
all_nodes 6833/ not 3059
Finished!


Number of tips: 232 in file: /home/yjz/Project/Auto-tracing/data/seu_mouse/crop_data/dendriteImageMaxR_AllData/app2_upsample3_toyset_rotationAug_sorted/18454/18764_11320_4930.swc
There are 3 somas in 18764_11320_4930_18454.swc!
Soma Detection Cut:
all_nodes 16734/ not 3282
Judge Radius Intensity Cut:
all_nodes 13452/ not 3676
Post Pruned:
Number of tips: 166 in file: /home/yjz/Project/Auto-tracing/data/seu_mouse/crop_data/dendriteImageMaxR_AllData/app2_upsample3_toyset_rotationAug_sorted/18454/18764_11320_4930.swc
There are 10 closing_bifurcation, and 1 multifurcation
There are 11 crossing_likely, and 2 do not need to process!
There are 0 shortly segments!
There are 0 break_tip2 pair crossinglikely, and breakTip2 match 0 crossinglikely !
There are 0 break_tip2_pairs, 0 break_tip2_pairs all connect to soma(lead to ring), and 0 break_tip2_pairs neither connect to soma!
all_nodes 9776/ not 1572
Finished!


Number of tips: 210 in file: /home/yjz/Project/Auto-tracing/data/seu_mouse/crop_data/dendriteImageMaxR_AllData/app2_upsample3_toyset_rotationAug_sorted/18454/10336_12732_5372.swc
There are 16 somas in 10336_12732_5372_18454.swc!
There are massive somas in 10336_12732_5372_18454.swc file!


Number of tips: 45 in file: /home/yjz/Project/Auto-tracing/data/seu_mouse/crop_data/dendriteImageMaxR_AllData/app2_upsample3_toyset_rotationAug_sorted/18454/10578_11142_6430.swc
There are 1 somas in 10578_11142_6430_18454.swc!
Judge Radius Intensity Cut:
all_nodes 3107/ not 75
Post Pruned:
Number of tips: 45 in file: /home/yjz/Project/Auto-tracing/data/seu_mouse/crop_data/dendriteImageMaxR_AllData/app2_upsample3_toyset_rotationAug_sorted/18454/10578_11142_6430.swc
There are 2 closing_bifurcation, and 1 multifurcation
There are 3 crossing_likely, and 2 do not need to process!
There are 0 shortly segments!
There are 0 break_tip2 pair crossinglikely, and breakTip2 match 0 crossinglikely !
There are 0 break_tip2_pairs, 0 break_tip2_pairs all connect to soma(lead to ring), and 0 break_tip2_pairs neither connect to soma!
all_nodes 3032/ not 22
Finished!


Number of tips: 49 in file: /home/yjz/Project/Auto-tracing/data/seu_mouse/crop_data/dendriteImageMaxR_AllData/app2_upsample3_toyset_rotationAug_sorted/18454/25160_11146_6982.swc
There are 1 somas in 25160_11146_6982_18454.swc!
Judge Radius Intensity Cut:
all_nodes 3155/ not 130
Post Pruned:
Number of tips: 49 in file: /home/yjz/Project/Auto-tracing/data/seu_mouse/crop_data/dendriteImageMaxR_AllData/app2_upsample3_toyset_rotationAug_sorted/18454/25160_11146_6982.swc
There are 4 closing_bifurcation, and 2 multifurcation
There are 6 crossing_likely, and 0 do not need to process!
There are 0 shortly segments!
There are 0 break_tip2 pair crossinglikely, and breakTip2 match 0 crossinglikely !
There are 0 break_tip2_pairs, 0 break_tip2_pairs all connect to soma(lead to ring), and 0 break_tip2_pairs neither connect to soma!
all_nodes 3025/ not 835
Finished!


Number of tips: 251 in file: /home/yjz/Project/Auto-tracing/data/seu_mouse/crop_data/dendriteImageMaxR_AllData/app2_upsample3_toyset_rotationAug_sorted/18454/8910_9826_4051.swc
There are 8 somas in 8910_9826_4051_18454.swc!
Soma Detection Cut:
all_nodes 15096/ not 4396
Judge Radius Intensity Cut:
all_nodes 10700/ not 5524
Post Pruned:
Number of tips: 107 in file: /home/yjz/Project/Auto-tracing/data/seu_mouse/crop_data/dendriteImageMaxR_AllData/app2_upsample3_toyset_rotationAug_sorted/18454/8910_9826_4051.swc
There are 6 closing_bifurcation, and 2 multifurcation
There are 8 crossing_likely, and 1 do not need to process!
There are 0 shortly segments!
There are 0 break_tip2 pair crossinglikely, and breakTip2 match 0 crossinglikely !
There are 0 break_tip2_pairs, 0 break_tip2_pairs all connect to soma(lead to ring), and 0 break_tip2_pairs neither connect to soma!
all_nodes 5176/ not 991
Finished!


Number of tips: 462 in file: /home/yjz/Project/Auto-tracing/data/seu_mouse/crop_data/dendriteImageMaxR_AllData/app2_upsample3_toyset_rotationAug_sorted/18454/9537_11093_5757.swc
There are 8 somas in 9537_11093_5757_18454.swc!
Soma Detection Cut:
all_nodes 24236/ not 6829
Judge Radius Intensity Cut:
all_nodes 17407/ not 10447
Post Pruned:
Number of tips: 161 in file: /home/yjz/Project/Auto-tracing/data/seu_mouse/crop_data/dendriteImageMaxR_AllData/app2_upsample3_toyset_rotationAug_sorted/18454/9537_11093_5757.swc
There are 25 closing_bifurcation, and 3 multifurcation
There are 28 crossing_likely, and 10 do not need to process!
There are 0 shortly segments!
There are 0 break_tip2 pair crossinglikely, and breakTip2 match 0 crossinglikely !
There are 0 break_tip2_pairs, 0 break_tip2_pairs all connect to soma(lead to ring), and 0 break_tip2_pairs neither connect to soma!
all_nodes 6960/ not 3660
Finished!


Number of tips: 437 in file: /home/yjz/Project/Auto-tracing/data/seu_mouse/crop_data/dendriteImageMaxR_AllData/app2_upsample3_toyset_rotationAug_sorted/18454/24688_9480_6292.swc
There are 7 somas in 24688_9480_6292_18454.swc!
Soma Detection Cut:
all_nodes 22157/ not 11356
Judge Radius Intensity Cut:
all_nodes 10801/ not 3227
Post Pruned:
Number of tips: 138 in file: /home/yjz/Project/Auto-tracing/data/seu_mouse/crop_data/dendriteImageMaxR_AllData/app2_upsample3_toyset_rotationAug_sorted/18454/24688_9480_6292.swc
There are 16 closing_bifurcation, and 3 multifurcation
There are 19 crossing_likely, and 5 do not need to process!
There are 0 shortly segments!
There are 0 break_tip2 pair crossinglikely, and breakTip2 match 0 crossinglikely !
There are 0 break_tip2_pairs, 0 break_tip2_pairs all connect to soma(lead to ring), and 0 break_tip2_pairs neither connect to soma!
all_nodes 7574/ not 3186
Finished!


Number of tips: 292 in file: /home/yjz/Project/Auto-tracing/data/seu_mouse/crop_data/dendriteImageMaxR_AllData/app2_upsample3_toyset_rotationAug_sorted/18454/21894_12644_5867.swc
There are 10 somas in 21894_12644_5867_18454.swc!
Soma Detection Cut:
all_nodes 16800/ not 3892
Judge Radius Intensity Cut:
all_nodes 12908/ not 5074
Post Pruned:
Number of tips: 149 in file: /home/yjz/Project/Auto-tracing/data/seu_mouse/crop_data/dendriteImageMaxR_AllData/app2_upsample3_toyset_rotationAug_sorted/18454/21894_12644_5867.swc
There are 18 closing_bifurcation, and 2 multifurcation
There are 20 crossing_likely, and 6 do not need to process!
There are 0 shortly segments!
There are 0 break_tip2 pair crossinglikely, and breakTip2 match 0 crossinglikely !
There are 0 break_tip2_pairs, 0 break_tip2_pairs all connect to soma(lead to ring), and 0 break_tip2_pairs neither connect to soma!
all_nodes 7834/ not 1649
Finished!


Number of tips: 246 in file: /home/yjz/Project/Auto-tracing/data/seu_mouse/crop_data/dendriteImageMaxR_AllData/app2_upsample3_toyset_rotationAug_sorted/18454/17081_12730_5113.swc
There are 4 somas in 17081_12730_5113_18454.swc!
Soma Detection Cut:
all_nodes 12240/ not 8216
Judge Radius Intensity Cut:
all_nodes 4024/ not 230
Post Pruned:
Number of tips: 68 in file: /home/yjz/Project/Auto-tracing/data/seu_mouse/crop_data/dendriteImageMaxR_AllData/app2_upsample3_toyset_rotationAug_sorted/18454/17081_12730_5113.swc
There are 3 closing_bifurcation, and 0 multifurcation
There are 3 crossing_likely, and 0 do not need to process!
There are 0 shortly segments!
There are 0 break_tip2 pair crossinglikely, and breakTip2 match 0 crossinglikely !
There are 0 break_tip2_pairs, 0 break_tip2_pairs all connect to soma(lead to ring), and 0 break_tip2_pairs neither connect to soma!
all_nodes 3794/ not 175
Finished!


Number of tips: 134 in file: /home/yjz/Project/Auto-tracing/data/seu_mouse/crop_data/dendriteImageMaxR_AllData/app2_upsample3_toyset_rotationAug_sorted/18454/25214_11472_5628.swc
There are 5 somas in 25214_11472_5628_18454.swc!
Soma Detection Cut:
all_nodes 9337/ not 661
Judge Radius Intensity Cut:
all_nodes 8676/ not 4189
Post Pruned:
Number of tips: 71 in file: /home/yjz/Project/Auto-tracing/data/seu_mouse/crop_data/dendriteImageMaxR_AllData/app2_upsample3_toyset_rotationAug_sorted/18454/25214_11472_5628.swc
There are 7 closing_bifurcation, and 1 multifurcation
There are 8 crossing_likely, and 6 do not need to process!
There are 0 shortly segments!
There are 0 break_tip2 pair crossinglikely, and breakTip2 match 0 crossinglikely !
There are 0 break_tip2_pairs, 0 break_tip2_pairs all connect to soma(lead to ring), and 0 break_tip2_pairs neither connect to soma!
all_nodes 4487/ not 457
Finished!


Number of tips: 77 in file: /home/yjz/Project/Auto-tracing/data/seu_mouse/crop_data/dendriteImageMaxR_AllData/app2_upsample3_toyset_rotationAug_sorted/18454/10545_10754_6695.swc
There are 1 somas in 10545_10754_6695_18454.swc!
Judge Radius Intensity Cut:
all_nodes 4320/ not 105
Post Pruned:
Number of tips: 77 in file: /home/yjz/Project/Auto-tracing/data/seu_mouse/crop_data/dendriteImageMaxR_AllData/app2_upsample3_toyset_rotationAug_sorted/18454/10545_10754_6695.swc
There are 7 closing_bifurcation, and 1 multifurcation
There are 8 crossing_likely, and 1 do not need to process!
There are 0 shortly segments!
There are 0 break_tip2 pair crossinglikely, and breakTip2 match 0 crossinglikely !
There are 0 break_tip2_pairs, 0 break_tip2_pairs all connect to soma(lead to ring), and 0 break_tip2_pairs neither connect to soma!
all_nodes 4215/ not 754
Finished!


Number of tips: 591 in file: /home/yjz/Project/Auto-tracing/data/seu_mouse/crop_data/dendriteImageMaxR_AllData/app2_upsample3_toyset_rotationAug_sorted/18454/9754_11161_5893.swc
There are 11 somas in 9754_11161_5893_18454.swc!
There are massive somas in 9754_11161_5893_18454.swc file!


Number of tips: 653 in file: /home/yjz/Project/Auto-tracing/data/seu_mouse/crop_data/dendriteImageMaxR_AllData/app2_upsample3_toyset_rotationAug_sorted/18454/11098_11094_5472.swc
There are 17 somas in 11098_11094_5472_18454.swc!
There are massive somas in 11098_11094_5472_18454.swc file!


Number of tips: 115 in file: /home/yjz/Project/Auto-tracing/data/seu_mouse/crop_data/dendriteImageMaxR_AllData/app2_upsample3_toyset_rotationAug_sorted/18454/12768_7416_3800.swc
There are 3 somas in 12768_7416_3800_18454.swc!
Soma Detection Cut:
all_nodes 7367/ not 2413
Judge Radius Intensity Cut:
all_nodes 4954/ not 1137
Post Pruned:
Number of tips: 62 in file: /home/yjz/Project/Auto-tracing/data/seu_mouse/crop_data/dendriteImageMaxR_AllData/app2_upsample3_toyset_rotationAug_sorted/18454/12768_7416_3800.swc
There are 1 closing_bifurcation, and 0 multifurcation
There are 1 crossing_likely, and 0 do not need to process!
There are 0 shortly segments!
There are 0 break_tip2 pair crossinglikely, and breakTip2 match 0 crossinglikely !
There are 0 break_tip2_pairs, 0 break_tip2_pairs all connect to soma(lead to ring), and 0 break_tip2_pairs neither connect to soma!
all_nodes 3817/ not 111
Finished!


Number of tips: 601 in file: /home/yjz/Project/Auto-tracing/data/seu_mouse/crop_data/dendriteImageMaxR_AllData/app2_upsample3_toyset_rotationAug_sorted/18454/23998_9734_6083.swc
There are 12 somas in 23998_9734_6083_18454.swc!
There are massive somas in 23998_9734_6083_18454.swc file!


Number of tips: 373 in file: /home/yjz/Project/Auto-tracing/data/seu_mouse/crop_data/dendriteImageMaxR_AllData/app2_upsample3_toyset_rotationAug_sorted/18454/11819_12527_5399.swc
There are 8 somas in 11819_12527_5399_18454.swc!
Soma Detection Cut:
all_nodes 18996/ not 576
Judge Radius Intensity Cut:
all_nodes 18420/ not 9062
Post Pruned:
Number of tips: 189 in file: /home/yjz/Project/Auto-tracing/data/seu_mouse/crop_data/dendriteImageMaxR_AllData/app2_upsample3_toyset_rotationAug_sorted/18454/11819_12527_5399.swc
There are 23 closing_bifurcation, and 4 multifurcation
There are 27 crossing_likely, and 6 do not need to process!
There are 1 shortly segments!
There are 0 break_tip2 pair crossinglikely, and breakTip2 match 0 crossinglikely !
There are 0 break_tip2_pairs, 0 break_tip2_pairs all connect to soma(lead to ring), and 0 break_tip2_pairs neither connect to soma!
all_nodes 9358/ not 4169
Finished!


Number of tips: 696 in file: /home/yjz/Project/Auto-tracing/data/seu_mouse/crop_data/dendriteImageMaxR_AllData/app2_upsample3_toyset_rotationAug_sorted/18454/24066_10244_5844.swc
There are 13 somas in 24066_10244_5844_18454.swc!
There are massive somas in 24066_10244_5844_18454.swc file!


Number of tips: 190 in file: /home/yjz/Project/Auto-tracing/data/seu_mouse/crop_data/dendriteImageMaxR_AllData/app2_upsample3_toyset_rotationAug_sorted/18454/24258_9046_5909.swc
There are 3 somas in 24258_9046_5909_18454.swc!
Soma Detection Cut:
all_nodes 15084/ not 2469
Judge Radius Intensity Cut:
all_nodes 12615/ not 6509
Post Pruned:
Number of tips: 77 in file: /home/yjz/Project/Auto-tracing/data/seu_mouse/crop_data/dendriteImageMaxR_AllData/app2_upsample3_toyset_rotationAug_sorted/18454/24258_9046_5909.swc
There are 5 closing_bifurcation, and 1 multifurcation
There are 6 crossing_likely, and 3 do not need to process!
There are 0 shortly segments!
There are 0 break_tip2 pair crossinglikely, and breakTip2 match 0 crossinglikely !
There are 0 break_tip2_pairs, 0 break_tip2_pairs all connect to soma(lead to ring), and 0 break_tip2_pairs neither connect to soma!
all_nodes 6106/ not 136
Finished!


Number of tips: 291 in file: /home/yjz/Project/Auto-tracing/data/seu_mouse/crop_data/dendriteImageMaxR_AllData/app2_upsample3_toyset_rotationAug_sorted/18454/11344_10444_5732.swc
There are 7 somas in 11344_10444_5732_18454.swc!
Soma Detection Cut:
all_nodes 17054/ not 10495
Judge Radius Intensity Cut:
all_nodes 6559/ not 3254
Post Pruned:
Number of tips: 60 in file: /home/yjz/Project/Auto-tracing/data/seu_mouse/crop_data/dendriteImageMaxR_AllData/app2_upsample3_toyset_rotationAug_sorted/18454/11344_10444_5732.swc
There are 7 closing_bifurcation, and 0 multifurcation
There are 7 crossing_likely, and 2 do not need to process!
There are 0 shortly segments!
There are 0 break_tip2 pair crossinglikely, and breakTip2 match 0 crossinglikely !
There are 0 break_tip2_pairs, 0 break_tip2_pairs all connect to soma(lead to ring), and 0 break_tip2_pairs neither connect to soma!
all_nodes 3305/ not 87
Finished!


Number of tips: 490 in file: /home/yjz/Project/Auto-tracing/data/seu_mouse/crop_data/dendriteImageMaxR_AllData/app2_upsample3_toyset_rotationAug_sorted/18454/9675_11444_5791.swc
There are 14 somas in 9675_11444_5791_18454.swc!
There are massive somas in 9675_11444_5791_18454.swc file!


Number of tips: 499 in file: /home/yjz/Project/Auto-tracing/data/seu_mouse/crop_data/dendriteImageMaxR_AllData/app2_upsample3_toyset_rotationAug_sorted/18454/25405_10391_6101.swc
There are 15 somas in 25405_10391_6101_18454.swc!
There are massive somas in 25405_10391_6101_18454.swc file!


Number of tips: 481 in file: /home/yjz/Project/Auto-tracing/data/seu_mouse/crop_data/dendriteImageMaxR_AllData/app2_upsample3_toyset_rotationAug_sorted/18454/10426_10790_5756.swc
There are 9 somas in 10426_10790_5756_18454.swc!
Soma Detection Cut:
all_nodes 26158/ not 8955
Judge Radius Intensity Cut:
all_nodes 17203/ not 9824
Post Pruned:
Number of tips: 169 in file: /home/yjz/Project/Auto-tracing/data/seu_mouse/crop_data/dendriteImageMaxR_AllData/app2_upsample3_toyset_rotationAug_sorted/18454/10426_10790_5756.swc
There are 17 closing_bifurcation, and 2 multifurcation
There are 19 crossing_likely, and 5 do not need to process!
There are 0 shortly segments!
There are 0 break_tip2 pair crossinglikely, and breakTip2 match 0 crossinglikely !
There are 0 break_tip2_pairs, 0 break_tip2_pairs all connect to soma(lead to ring), and 0 break_tip2_pairs neither connect to soma!
all_nodes 7379/ not 2875
Finished!


Number of tips: 458 in file: /home/yjz/Project/Auto-tracing/data/seu_mouse/crop_data/dendriteImageMaxR_AllData/app2_upsample3_toyset_rotationAug_sorted/18454/11006_13228_5734.swc
There are 7 somas in 11006_13228_5734_18454.swc!
Soma Detection Cut:
all_nodes 25004/ not 4448
Judge Radius Intensity Cut:
Traceback (most recent call last):
  File "post_processing_addMoreFeatures_addClaw_addSomaDetectionCut_addOverallDeatures.py", line 1400, in <module>
    cut_morph = overall_judge_radius_andIntensity_decreasing(cut_morph, tiff_file, overall_count)
  File "post_processing_addMoreFeatures_addClaw_addSomaDetectionCut_addOverallDeatures.py", line 1219, in overall_judge_radius_andIntensity_decreasing
    segment_p_radius = calc_segment_radius(cut_morph, segment_p)
  File "post_processing_addMoreFeatures_addClaw_addSomaDetectionCut_addOverallDeatures.py", line 1165, in calc_segment_radius
    segment_radius /= len(segment)
ZeroDivisionError: float division by zero
